#-----------------------------------------------------------
# Webtalk v2018.2 (64-bit)
# SW Build 2258646 on Thu Jun 14 20:03:12 MDT 2018
# 
# Start of session at: Tue Mar 21 20:25:35 2023
# Process ID: 34964
# Current directory: D:/fpga_projects/xilinx/nexys_sdcard/nexys_lin_true_sd/nexys_lin.sdk/webtalk
# Command line: wbtcv.exe -mode batch -source sdk_webtalk.tcl
# Log file: D:/fpga_projects/xilinx/nexys_sdcard/nexys_lin_true_sd/nexys_lin.sdk/webtalk/webtalk.log
# Journal file: D:/fpga_projects/xilinx/nexys_sdcard/nexys_lin_true_sd/nexys_lin.sdk/webtalk\webtalk.jou
#-----------------------------------------------------------
source sdk_webtalk.tcl
# webtalk_init -webtalk_dir D:\\fpga_projects\\xilinx\\nexys_sdcard\\nexys_lin_true_sd\\nexys_lin.sdk\\webtalk
# webtalk_register_client -client project
# webtalk_add_data -client project -key date_generated -value "2023-03-21 20:25:34" -context "software_version_and_target_device"
# webtalk_add_data -client project -key product_version -value "SDK v2018.2" -context "software_version_and_target_device"
# webtalk_add_data -client project -key build_version -value "2018.2" -context "software_version_and_target_device"
# webtalk_add_data -client project -key os_platform -value "amd64" -context "software_version_and_target_device"
# webtalk_add_data -client project -key registration_id -value "210917930_1777516701_210723785_661" -context "software_version_and_target_device"
# webtalk_add_data -client project -key tool_flow -value "SDK" -context "software_version_and_target_device"
# webtalk_add_data -client project -key beta -value "false" -context "software_version_and_target_device"
# webtalk_add_data -client project -key route_design -value "NA" -context "software_version_and_target_device"
# webtalk_add_data -client project -key target_family -value "NA" -context "software_version_and_target_device"
# webtalk_add_data -client project -key target_device -value "NA" -context "software_version_and_target_device"
# webtalk_add_data -client project -key target_package -value "NA" -context "software_version_and_target_device"
# webtalk_add_data -client project -key target_speed -value "NA" -context "software_version_and_target_device"
# webtalk_add_data -client project -key random_id -value "add9l7t0gr2orv2ag9g99hcgcd" -context "software_version_and_target_device"
# webtalk_add_data -client project -key project_id -value "2018.2_2" -context "software_version_and_target_device"
# webtalk_add_data -client project -key project_iteration -value "2" -context "software_version_and_target_device"
# webtalk_add_data -client project -key os_name -value "Microsoft Windows 8 or later , 64-bit" -context "user_environment"
# webtalk_add_data -client project -key os_release -value "major release  (build 9200)" -context "user_environment"
# webtalk_add_data -client project -key cpu_name -value "Intel(R) Core(TM) i5-7600 CPU @ 3.50GHz" -context "user_environment"
# webtalk_add_data -client project -key cpu_speed -value "3504 MHz" -context "user_environment"
# webtalk_add_data -client project -key total_processors -value "1" -context "user_environment"
# webtalk_add_data -client project -key system_ram -value "34.242 GB" -context "user_environment"
# webtalk_register_client -client sdk
# webtalk_add_data -client sdk -key uid -value "1679410129377" -context "sdk\\\\hardware/1679410129377"
# webtalk_add_data -client sdk -key isZynq -value "false" -context "sdk\\\\hardware/1679410129377"
# webtalk_add_data -client sdk -key isZynqMP -value "false" -context "sdk\\\\hardware/1679410129377"
# webtalk_add_data -client sdk -key Processors -value "1" -context "sdk\\\\hardware/1679410129377"
# webtalk_add_data -client sdk -key VivadoVersion -value "2018.2" -context "sdk\\\\hardware/1679410129377"
# webtalk_add_data -client sdk -key Arch -value "artix7" -context "sdk\\\\hardware/1679410129377"
# webtalk_add_data -client sdk -key Device -value "7a100t" -context "sdk\\\\hardware/1679410129377"
# webtalk_add_data -client sdk -key IsHandoff -value "true" -context "sdk\\\\hardware/1679410129377"
# webtalk_add_data -client sdk -key os -value "NA" -context "sdk\\\\hardware/1679410129377"
# webtalk_add_data -client sdk -key apptemplate -value "NA" -context "sdk\\\\hardware/1679410129377"
# webtalk_add_data -client sdk -key RecordType -value "HWCreation" -context "sdk\\\\hardware/1679410129377"
# webtalk_add_data -client sdk -key uid -value "1679410401815" -context "sdk\\\\hardware/1679410401815"
# webtalk_add_data -client sdk -key isZynq -value "false" -context "sdk\\\\hardware/1679410401815"
# webtalk_add_data -client sdk -key isZynqMP -value "false" -context "sdk\\\\hardware/1679410401815"
# webtalk_add_data -client sdk -key Processors -value "1" -context "sdk\\\\hardware/1679410401815"
# webtalk_add_data -client sdk -key VivadoVersion -value "2018.2" -context "sdk\\\\hardware/1679410401815"
# webtalk_add_data -client sdk -key Arch -value "artix7" -context "sdk\\\\hardware/1679410401815"
# webtalk_add_data -client sdk -key Device -value "7a100t" -context "sdk\\\\hardware/1679410401815"
# webtalk_add_data -client sdk -key IsHandoff -value "true" -context "sdk\\\\hardware/1679410401815"
# webtalk_add_data -client sdk -key os -value "NA" -context "sdk\\\\hardware/1679410401815"
# webtalk_add_data -client sdk -key apptemplate -value "NA" -context "sdk\\\\hardware/1679410401815"
# webtalk_add_data -client sdk -key RecordType -value "HWCreation" -context "sdk\\\\hardware/1679410401815"
# webtalk_add_data -client sdk -key uid -value "1679410408935" -context "sdk\\\\bsp/1679410408935"
# webtalk_add_data -client sdk -key hwid -value "1679410401815" -context "sdk\\\\bsp/1679410408935"
# webtalk_add_data -client sdk -key os -value "standalone" -context "sdk\\\\bsp/1679410408935"
# webtalk_add_data -client sdk -key apptemplate -value "null" -context "sdk\\\\bsp/1679410408935"
# webtalk_add_data -client sdk -key RecordType -value "BSPCreation" -context "sdk\\\\bsp/1679410408935"
# webtalk_add_data -client sdk -key uid -value "1679410450293" -context "sdk\\\\bsp/1679410450293"
# webtalk_add_data -client sdk -key hwid -value "1679410401815" -context "sdk\\\\bsp/1679410450293"
# webtalk_add_data -client sdk -key os -value "standalone" -context "sdk\\\\bsp/1679410450293"
# webtalk_add_data -client sdk -key apptemplate -value "hello_world" -context "sdk\\\\bsp/1679410450293"
# webtalk_add_data -client sdk -key RecordType -value "BSPCreation" -context "sdk\\\\bsp/1679410450293"
# webtalk_add_data -client sdk -key uid -value "1679410452179" -context "sdk\\\\application/1679410452179"
# webtalk_add_data -client sdk -key hwid -value "1679410401815" -context "sdk\\\\application/1679410452179"
# webtalk_add_data -client sdk -key bspid -value "1679410450293" -context "sdk\\\\application/1679410452179"
# webtalk_add_data -client sdk -key newbsp -value "true" -context "sdk\\\\application/1679410452179"
# webtalk_add_data -client sdk -key os -value "standalone" -context "sdk\\\\application/1679410452179"
# webtalk_add_data -client sdk -key apptemplate -value "hello_world" -context "sdk\\\\application/1679410452179"
# webtalk_add_data -client sdk -key RecordType -value "APPCreation" -context "sdk\\\\application/1679410452179"
# webtalk_add_data -client sdk -key LangUsed -value "C" -context "sdk\\\\application/1679410452179"
# webtalk_add_data -client sdk -key Procused -value "microblaze" -context "sdk\\\\application/1679410452179"
# webtalk_add_data -client sdk -key uid -value "1679410533573" -context "sdk\\\\bsp/1679410533573"
# webtalk_add_data -client sdk -key hwid -value "1679410401815" -context "sdk\\\\bsp/1679410533573"
# webtalk_add_data -client sdk -key os -value "standalone" -context "sdk\\\\bsp/1679410533573"
# webtalk_add_data -client sdk -key apptemplate -value "hello_world" -context "sdk\\\\bsp/1679410533573"
# webtalk_add_data -client sdk -key RecordType -value "BSPCreation" -context "sdk\\\\bsp/1679410533573"
# webtalk_add_data -client sdk -key uid -value "1679410535770" -context "sdk\\\\application/1679410535770"
# webtalk_add_data -client sdk -key hwid -value "1679410401815" -context "sdk\\\\application/1679410535770"
# webtalk_add_data -client sdk -key bspid -value "1679410533573" -context "sdk\\\\application/1679410535770"
# webtalk_add_data -client sdk -key newbsp -value "true" -context "sdk\\\\application/1679410535770"
# webtalk_add_data -client sdk -key os -value "standalone" -context "sdk\\\\application/1679410535770"
# webtalk_add_data -client sdk -key apptemplate -value "hello_world" -context "sdk\\\\application/1679410535770"
# webtalk_add_data -client sdk -key RecordType -value "APPCreation" -context "sdk\\\\application/1679410535770"
# webtalk_add_data -client sdk -key LangUsed -value "C" -context "sdk\\\\application/1679410535770"
# webtalk_add_data -client sdk -key Procused -value "microblaze" -context "sdk\\\\application/1679410535770"
# webtalk_add_data -client sdk -key uid -value "1679419273922" -context "sdk\\\\hardware/1679419273922"
# webtalk_add_data -client sdk -key isZynq -value "false" -context "sdk\\\\hardware/1679419273922"
# webtalk_add_data -client sdk -key isZynqMP -value "false" -context "sdk\\\\hardware/1679419273922"
# webtalk_add_data -client sdk -key Processors -value "1" -context "sdk\\\\hardware/1679419273922"
# webtalk_add_data -client sdk -key VivadoVersion -value "2018.2" -context "sdk\\\\hardware/1679419273922"
# webtalk_add_data -client sdk -key Arch -value "artix7" -context "sdk\\\\hardware/1679419273922"
# webtalk_add_data -client sdk -key Device -value "7a100t" -context "sdk\\\\hardware/1679419273922"
# webtalk_add_data -client sdk -key IsHandoff -value "true" -context "sdk\\\\hardware/1679419273922"
# webtalk_add_data -client sdk -key os -value "NA" -context "sdk\\\\hardware/1679419273922"
# webtalk_add_data -client sdk -key apptemplate -value "NA" -context "sdk\\\\hardware/1679419273922"
# webtalk_add_data -client sdk -key RecordType -value "HWCreation" -context "sdk\\\\hardware/1679419273922"
# webtalk_add_data -client sdk -key uid -value "1679419290865" -context "sdk\\\\bsp/1679419290865"
# webtalk_add_data -client sdk -key hwid -value "1679419273922" -context "sdk\\\\bsp/1679419290865"
# webtalk_add_data -client sdk -key os -value "standalone" -context "sdk\\\\bsp/1679419290865"
# webtalk_add_data -client sdk -key apptemplate -value "hello_world" -context "sdk\\\\bsp/1679419290865"
# webtalk_add_data -client sdk -key RecordType -value "BSPCreation" -context "sdk\\\\bsp/1679419290865"
# webtalk_add_data -client sdk -key uid -value "1679419292708" -context "sdk\\\\application/1679419292708"
# webtalk_add_data -client sdk -key hwid -value "1679419273922" -context "sdk\\\\application/1679419292708"
# webtalk_add_data -client sdk -key bspid -value "1679419290865" -context "sdk\\\\application/1679419292708"
# webtalk_add_data -client sdk -key newbsp -value "true" -context "sdk\\\\application/1679419292708"
# webtalk_add_data -client sdk -key os -value "standalone" -context "sdk\\\\application/1679419292708"
# webtalk_add_data -client sdk -key apptemplate -value "hello_world" -context "sdk\\\\application/1679419292708"
# webtalk_add_data -client sdk -key RecordType -value "APPCreation" -context "sdk\\\\application/1679419292708"
# webtalk_add_data -client sdk -key LangUsed -value "C" -context "sdk\\\\application/1679419292708"
# webtalk_add_data -client sdk -key Procused -value "microblaze" -context "sdk\\\\application/1679419292708"
# webtalk_add_data -client sdk -key projSize -value "182.609375" -context "sdk\\\\application/1679419292708"
# webtalk_add_data -client sdk -key uid -value "NA" -context "sdk\\\\bsp/1679419534127"
# webtalk_add_data -client sdk -key RecordType -value "ToolUsage" -context "sdk\\\\bsp/1679419534127"
# webtalk_add_data -client sdk -key BootgenCount -value "0" -context "sdk\\\\bsp/1679419534127"
# webtalk_add_data -client sdk -key DebugCount -value "1" -context "sdk\\\\bsp/1679419534127"
# webtalk_add_data -client sdk -key PerfCount -value "0" -context "sdk\\\\bsp/1679419534127"
# webtalk_add_data -client sdk -key FlashCount -value "0" -context "sdk\\\\bsp/1679419534127"
# webtalk_add_data -client sdk -key CrossTriggCount -value "0" -context "sdk\\\\bsp/1679419534127"
# webtalk_add_data -client sdk -key QemuDebugCount -value "0" -context "sdk\\\\bsp/1679419534127"
# webtalk_transmit -clientid 3643654051 -regid "210917930_1777516701_210723785_661" -xml D:\\fpga_projects\\xilinx\\nexys_sdcard\\nexys_lin_true_sd\\nexys_lin.sdk\\webtalk\\usage_statistics_ext_sdk.xml -html D:\\fpga_projects\\xilinx\\nexys_sdcard\\nexys_lin_true_sd\\nexys_lin.sdk\\webtalk\\usage_statistics_ext_sdk.html -wdm D:\\fpga_projects\\xilinx\\nexys_sdcard\\nexys_lin_true_sd\\nexys_lin.sdk\\webtalk\\sdk_webtalk.wdm -intro "<H3>SDK Usage Report</H3><BR>"
# webtalk_terminate
INFO: [Common 17-206] Exiting Webtalk at Tue Mar 21 20:25:38 2023...
