MIG: 11:34:10 : xml_input_file: board.prj
MIG: 11:34:10 : Absolute path of xml_input_file: d:/fpga_projects/xilinx/nexys_lin/nexys_lin.srcs/sources_1/bd/microblaze_top/ip/microblaze_top_mig_7series_0_1/board.prj
MIG: 11:34:10 : xml_input_file: board.prj
MIG: 11:34:10 : Absolute path of xml_input_file: d:/fpga_projects/xilinx/nexys_lin/nexys_lin.srcs/sources_1/bd/microblaze_top/ip/microblaze_top_mig_7series_0_1/board.prj
MIG: 11:34:10 : In updateAllModelParams
MIG: 11:34:10 : ################# RUNNING MIG BATCH ###################
MIG: 11:34:10 : Writing IN file for 'microblaze_top_mig_7series_0_1'...compDirPath: c:/Xilinx/Vivado/2018.2/data/ip/xilinx/mig_7series_v4_1... instDirPath: d:/fpga_projects/xilinx/nexys_lin/nexys_lin.srcs/sources_1/bd/microblaze_top/ip/microblaze_top_mig_7series_0_1
MIG: 11:34:10 : synp_flow:  -- synthesis_mode: Other
MIG: 11:34:10 : outputDirectory: d:/fpga_projects/xilinx/nexys_lin/nexys_lin.srcs/sources_1/bd/microblaze_top/ip/microblaze_top_mig_7series_0_1/_tmp/
MIG: 11:34:10 : vivado_mode: xpg_bd
MIG: 11:34:10 : isPortInterface: 0
MIG: 11:34:10 : isPortInterface: 0
MIG: 11:34:10 : isPortInterface: 0
MIG: 11:34:10 : isPortInterface: 0
MIG: 11:34:10 : isPortInterface: 0
MIG: 11:34:10 : isPortInterface: 0
MIG: 11:34:10 : isPortInterface: 0
MIG: 11:34:10 : isPortInterface: 0
MIG: 11:34:10 : isPortInterface: 0
MIG: 11:34:10 : isPortInterface: 0
MIG: 11:34:10 : isPortInterface: 0
MIG: 11:34:10 : isPortInterface: 0
MIG: 11:34:10 : isPortInterface: 0
MIG: 11:34:10 : isPortInterface: 0
MIG: 11:34:10 : isPortInterface: 0
MIG: 11:34:10 : isPortInterface: 0
MIG: 11:34:10 : isPortInterface: 0
MIG: 11:34:10 : isPortInterface: 0
MIG: 11:34:10 : isPortInterface: 0
MIG: 11:34:10 : isPortInterface: 0
MIG: 11:34:10 : isPortInterface: 0
MIG: 11:34:10 : isPortInterface: 0
MIG: 11:34:10 : isPortInterface: 0
MIG: 11:34:10 : isPortInterface: 0
MIG: 11:34:10 : isPortInterface: 0
MIG: 11:34:10 : isPortInterface: 0
MIG: 11:34:10 : isPortInterface: 0
MIG: 11:34:10 : isPortInterface: 0
MIG: 11:34:10 : isPortInterface: 0
MIG: 11:34:10 : isPortInterface: 0
MIG: 11:34:10 : isPortInterface: 0
MIG: 11:34:10 : isPortInterface: 0
MIG: 11:34:10 : isPortInterface: 0
MIG: 11:34:10 : isPortInterface: 0
MIG: 11:34:10 : isPortInterface: 0
MIG: 11:34:10 : isPortInterface: 0
MIG: 11:34:10 : isPortInterface: 0
MIG: 11:34:10 : isPortInterface: 0
MIG: 11:34:10 : isPortInterface: 0
MIG: 11:34:10 : isPortInterface: 0
MIG: 11:34:10 : isPortInterface: 0
MIG: 11:34:10 : isPortInterface: 0
MIG: 11:34:10 : isPortInterface: 0
MIG: 11:34:10 : isPortInterface: 0
MIG: 11:34:10 : isPortInterface: 0
MIG: 11:34:10 : isPortInterface: 0
MIG: 11:34:10 : isPortInterface: 0
MIG: 11:34:10 : isPortInterface: 0
MIG: 11:34:10 : isPortInterface: 0
MIG: 11:34:10 : isPortInterface: 0
MIG: 11:34:10 : isPortInterface: 0
MIG: 11:34:10 : isPortInterface: 0
MIG: 11:34:10 : isPortInterface: 0
MIG: 11:34:10 : isPortInterface: 0
MIG: 11:34:10 : isPortInterface: 0
MIG: 11:34:10 : isPortInterface: 0
MIG: 11:34:10 : isPortInterface: 0
MIG: 11:34:10 : isPortInterface: 0
MIG: 11:34:10 : isPortInterface: 0
MIG: 11:34:10 : isPortInterface: 0
MIG: 11:34:10 : isPortInterface: 0
MIG: 11:34:10 : isPortInterface: 0
MIG: 11:34:10 : isPortInterface: 0
MIG: 11:34:10 : isPortInterface: 0
MIG: 11:34:10 : isPortInterface: 0
MIG: 11:34:10 : isPortInterface: 0
MIG: 11:34:10 : isPortInterface: 0
MIG: 11:34:10 : isPortInterface: 0
MIG: 11:34:10 : isPortInterface: 0
MIG: 11:34:10 : isPortInterface: 0
MIG: 11:34:10 : isPortInterface: 0
MIG: 11:34:10 : isPortInterface: 0
MIG: 11:34:10 : isPortInterface: 0
MIG: 11:34:10 : isPortInterface: 0
MIG: 11:34:10 : isPortInterface: 0
MIG: 11:34:10 : isPortInterface: 0
MIG: 11:34:10 : isPortInterface: 0
MIG: 11:34:10 : isPortInterface: 0
MIG: 11:34:10 : isPortInterface: 0
MIG: 11:34:10 : isPortInterface: 0
MIG: 11:34:10 : isPortInterface: 0
MIG: 11:34:10 : isPortInterface: 0
MIG: 11:34:10 : isPortInterface: 0
MIG: 11:34:10 : isPortInterface: 0
MIG: 11:34:10 : isPortInterface: 0
MIG: 11:34:10 : isPortInterface: 0
MIG: 11:34:10 : isPortInterface: 0
MIG: 11:34:10 : isPortInterface: 0
MIG: 11:34:10 : isPortInterface: 0
MIG: 11:34:10 : isPortInterface: 0
MIG: 11:34:10 : isPortInterface: 0
MIG: 11:34:10 : isPortInterface: 0
MIG: 11:34:10 : isPortInterface: 0
MIG: 11:34:10 : isPortInterface: 0
MIG: 11:34:10 : isPortInterface: 0
MIG: 11:34:10 : isPortInterface: 0
MIG: 11:34:10 : isPortInterface: 0
MIG: 11:34:10 : isPortInterface: 0
MIG: 11:34:10 : isPortInterface: 0
MIG: 11:34:10 : isPortInterface: 0
MIG: 11:34:10 : isPortInterface: 0
MIG: 11:34:10 : isPortInterface: 0
MIG: 11:34:10 : isPortInterface: 0
MIG: 11:34:10 : isPortInterface: 0
MIG: 11:34:10 : isPortInterface: 0
MIG: 11:34:10 : isPortInterface: 0
MIG: 11:34:10 : isPortInterface: 0
MIG: 11:34:10 : isPortInterface: 0
MIG: 11:34:10 : isPortInterface: 0
MIG: 11:34:10 : isPortInterface: 0
MIG: 11:34:10 : isPortInterface: 0
MIG: 11:34:10 : isPortInterface: 0
MIG: 11:34:10 : isPortInterface: 0
MIG: 11:34:10 : isPortInterface: 0
MIG: 11:34:10 : isPortInterface: 0
MIG: 11:34:10 : isPortInterface: 0
MIG: 11:34:10 : isPortInterface: 0
MIG: 11:34:10 : isPortInterface: 1
MIG: 11:34:10 : isPortInterface: 0
MIG: 11:34:10 : isPortInterface: 0
MIG: 11:34:10 : isPortInterface: 0
MIG: 11:34:10 : isPortInterface: 0
MIG: 11:34:10 : isPortInterface: 0
MIG: 11:34:10 : isPortInterface: 0
MIG: 11:34:10 : isPortInterface: 0
MIG: 11:34:10 : isPortInterface: 0
MIG: 11:34:10 : isPortInterface: 0
MIG: 11:34:10 : isPortInterface: 0
MIG: 11:34:10 :  locked false  
MIG: 11:34:10 : HDL Language: Verilog
MIG: 11:34:10 : compInfo: true
MIG: 11:34:10 : Vivado Options xc7a100t csg324 -1
MIG: 11:34:10 : 1: xc7a100t 2: csg324 3: -1
MIG: 11:34:10 : relative mig path: coregen/ip/xilinx/other/com/xilinx/ip/mig_7series_v4_1/bin/nt64/mig.exe
MIG: 11:34:10 : xilinx_path: C:/Xilinx/Vivado/2018.2/ids_lite/ISE
MIG: 11:34:10 : I am in catch area
MIG: 11:34:10 : Running C:/Xilinx/Vivado/2018.2/ids_lite/ISE/coregen/ip/xilinx/other/com/xilinx/ip/mig_7series_v4_1/bin/nt64/mig.exe -cg_exc_inp d:/fpga_projects/xilinx/nexys_lin/nexys_lin.srcs/sources_1/bd/microblaze_top/ip/microblaze_top_mig_7series_0_1/xil_txt.in -cg_exc_out d:/fpga_projects/xilinx/nexys_lin/nexys_lin.srcs/sources_1/bd/microblaze_top/ip/microblaze_top_mig_7series_0_1/xil_txt.out ... 
MIG: 11:34:16 : XML_INPUT_FILE: d:/fpga_projects/xilinx/nexys_lin/nexys_lin.srcs/sources_1/bd/microblaze_top/ip/microblaze_top_mig_7series_0_1/board.prj
MIG: 11:34:16 : Component_Name: microblaze_top_mig_7series_0_1
MIG: 11:34:16 : Moving microblaze_top_mig_7series_0_1 ...
MIG: 11:34:16 : Moving microblaze_top_mig_7series_0_1.veo ...
MIG: 11:34:16 : Moving microblaze_top_mig_7series_0_1_xmdf.tcl ...
MIG: 11:34:16 : XGUI hdlLanguage: Verilog
MIG: 11:34:16 : xgui vivado_mode: xpg_bd
MIG: 11:34:16 : xgui hdlLanguage: Verilog -- hdlExt: v
MIG: 11:34:16 : Reading D:/fpga_projects/xilinx/nexys_lin/nexys_lin.srcs/sources_1/bd/microblaze_top/ip/microblaze_top_mig_7series_0_1/microblaze_top_mig_7series_0_1/user_design/rtl/microblaze_top_mig_7series_0_1_mig.v ...
MIG: 11:34:17 : 1
MIG: 11:34:17 : Inside fn mem: DDR2
MIG: 11:34:17 : detect_uiclk: 81247969
MIG: 11:34:17 : cntrl:  memtype: DDR2
MIG: 11:34:17 : 1200
MIG: 11:34:17 :  MMCM_VCO single ctrl param_name: MMCM_VCO --  possibleMaxVcoVal: 1200 
MIG: 11:34:17 : DDR2
MIG: 11:34:17 : 1
MIG: 11:34:17 : 81247969
MIG: 11:34:17 : 
MIG: 11:34:17 :  polarity_value: 1
MIG: 11:34:17 : 
MIG: 11:34:17 : 
MIG: 11:34:17 : cntrl:  memtype: DDR2
MIG: 11:34:17 : Prasad ----: isMMCMExtraClkParam:: MMCM_CLKOUT0_EN --- "TRUE"
MIG: 11:34:17 : TRUE
MIG: 11:34:17 :  MMCM Enable Param: MMCM_CLKOUT0_EN ==> TRUE
MIG: 11:34:17 : Prasad ----: isMMCMExtraClkParam:: MMCM_CLKOUT1_EN --- "FALSE"
MIG: 11:34:17 : 
MIG: 11:34:17 :  MMCM Enable Param: MMCM_CLKOUT1_EN ==> FALSE
MIG: 11:34:17 : Prasad ----: isMMCMExtraClkParam:: MMCM_CLKOUT2_EN --- "FALSE"
MIG: 11:34:17 : 
MIG: 11:34:17 :  MMCM Enable Param: MMCM_CLKOUT2_EN ==> FALSE
MIG: 11:34:17 : Prasad ----: isMMCMExtraClkParam:: MMCM_CLKOUT3_EN --- "FALSE"
MIG: 11:34:17 : 
MIG: 11:34:17 :  MMCM Enable Param: MMCM_CLKOUT3_EN ==> FALSE
MIG: 11:34:17 : Prasad ----: isMMCMExtraClkParam:: MMCM_CLKOUT4_EN --- "FALSE"
MIG: 11:34:17 : 
MIG: 11:34:17 :  MMCM Enable Param: MMCM_CLKOUT4_EN ==> FALSE
MIG: 11:34:17 : Prasad ----: isMMCMExtraClkParam:: MMCM_CLKOUT0_DIVIDE --- 12.000
MIG: 11:34:17 : possibleMaxVcoVal:: 1200 ---- paramName: MMCM_CLKOUT0_DIVIDE
MIG: 11:34:17 : 100000000
MIG: 11:34:17 :  MMCM Extra Param: MMCM_CLKOUT0_FREQ ==> 100000000
MIG: 11:34:17 : Prasad ----: isMMCMExtraClkParam:: MMCM_CLKOUT1_DIVIDE --- 1
MIG: 11:34:17 : possibleMaxVcoVal:: 1200 ---- paramName: MMCM_CLKOUT1_DIVIDE
MIG: 11:34:17 : 1200000000
MIG: 11:34:17 :  MMCM Extra Param: MMCM_CLKOUT1_FREQ ==> 1200000000
MIG: 11:34:17 : Prasad ----: isMMCMExtraClkParam:: MMCM_CLKOUT2_DIVIDE --- 1
MIG: 11:34:17 : possibleMaxVcoVal:: 1200 ---- paramName: MMCM_CLKOUT2_DIVIDE
MIG: 11:34:17 : 1200000000
MIG: 11:34:17 :  MMCM Extra Param: MMCM_CLKOUT2_FREQ ==> 1200000000
MIG: 11:34:17 : Prasad ----: isMMCMExtraClkParam:: MMCM_CLKOUT3_DIVIDE --- 1
MIG: 11:34:17 : possibleMaxVcoVal:: 1200 ---- paramName: MMCM_CLKOUT3_DIVIDE
MIG: 11:34:17 : 1200000000
MIG: 11:34:17 :  MMCM Extra Param: MMCM_CLKOUT3_FREQ ==> 1200000000
MIG: 11:34:17 : Prasad ----: isMMCMExtraClkParam:: MMCM_CLKOUT4_DIVIDE --- 1
MIG: 11:34:17 : possibleMaxVcoVal:: 1200 ---- paramName: MMCM_CLKOUT4_DIVIDE
MIG: 11:34:17 : 1200000000
MIG: 11:34:17 :  MMCM Extra Param: MMCM_CLKOUT4_FREQ ==> 1200000000
MIG: 11:34:17 :  Invalid Param: DDR2_RST_ACT_LOW ==> 1
MIG: 11:34:17 : 
MIG: 11:34:17 :  Valid Param: DDR2_BANK_WIDTH ==> 3
MIG: 11:34:17 : 
MIG: 11:34:17 :  Valid Param: DDR2_CK_WIDTH ==> 1
MIG: 11:34:17 :  Invalid Param: DDR2_COL_WIDTH ==> 10
MIG: 11:34:17 : 
MIG: 11:34:17 :  Valid Param: DDR2_CS_WIDTH ==> 1
MIG: 11:34:17 : 
MIG: 11:34:17 :  Valid Param: DDR2_nCS_PER_RANK ==> 1
MIG: 11:34:17 : 
MIG: 11:34:17 :  Valid Param: DDR2_CKE_WIDTH ==> 1
MIG: 11:34:17 :  Invalid Param: DDR2_DATA_BUF_ADDR_WIDTH ==> 5
MIG: 11:34:17 :  Invalid Param: DDR2_DQ_CNT_WIDTH ==> 4
MIG: 11:34:17 :  Invalid Param: DDR2_DQ_PER_DM ==> 8
MIG: 11:34:17 : 2
MIG: 11:34:17 :  Valid Param: DDR2_DM_WIDTH ==> 2
MIG: 11:34:17 : 16
MIG: 11:34:17 :  Valid Param: DDR2_DQ_WIDTH ==> 16
MIG: 11:34:17 : 2
MIG: 11:34:17 :  Valid Param: DDR2_DQS_WIDTH ==> 2
MIG: 11:34:17 : 
MIG: 11:34:17 :  Valid Param: DDR2_DQS_CNT_WIDTH ==> 1
MIG: 11:34:17 :  Invalid Param: DDR2_DRAM_WIDTH ==> 8
MIG: 11:34:17 : 
MIG: 11:34:17 :  Valid Param: ECC ==> OFF
MIG: 11:34:17 : 16
MIG: 11:34:17 :  Valid Param: DDR2_DATA_WIDTH ==> 16
MIG: 11:34:17 :  Invalid Param: ECC_TEST ==> "OFF"
MIG: 11:34:17 :  Invalid Param: DDR2_PAYLOAD_WIDTH ==> (ECC_TEST == "OFF") ? DATA_WIDTH : DQ_WIDTH
MIG: 11:34:17 :  Invalid Param: DDR2_MEM_ADDR_ORDER ==> "BANK_ROW_COLUMN"
MIG: 11:34:17 :  Invalid Param: DDR2_nBANK_MACHS ==> 4
MIG: 11:34:17 :  Invalid Param: DDR2_RANKS ==> 1
MIG: 11:34:17 : 
MIG: 11:34:17 :  Valid Param: DDR2_ODT_WIDTH ==> 1
MIG: 11:34:17 : 13
MIG: 11:34:17 :  Valid Param: DDR2_ROW_WIDTH ==> 13
MIG: 11:34:17 : 27
MIG: 11:34:17 :  Valid Param: DDR2_ADDR_WIDTH ==> 27
MIG: 11:34:17 : 
MIG: 11:34:17 :  Valid Param: DDR2_USE_CS_PORT ==> 1
MIG: 11:34:17 : 
MIG: 11:34:17 :  Valid Param: DDR2_USE_DM_PORT ==> 1
MIG: 11:34:17 : 
MIG: 11:34:17 :  Valid Param: DDR2_USE_ODT_PORT ==> 1
MIG: 11:34:17 :  Invalid Param: DDR2_PHY_CONTROL_MASTER_BANK ==> 0
MIG: 11:34:17 :  Invalid Param: DDR2_MEM_DENSITY ==> "1Gb"
MIG: 11:34:17 :  Invalid Param: DDR2_MEM_SPEEDGRADE ==> "25E"
MIG: 11:34:17 :  Invalid Param: DDR2_MEM_DEVICE_WIDTH ==> 16
MIG: 11:34:17 :  Invalid Param: DDR2_AL ==> "0"
MIG: 11:34:17 :  Invalid Param: DDR2_nAL ==> 0
MIG: 11:34:17 :  Invalid Param: DDR2_BURST_MODE ==> "8"
MIG: 11:34:17 :  Invalid Param: DDR2_BURST_TYPE ==> "SEQ"
MIG: 11:34:17 :  Invalid Param: DDR2_CL ==> 5
MIG: 11:34:17 :  Invalid Param: DDR2_OUTPUT_DRV ==> "HIGH"
MIG: 11:34:17 :  Invalid Param: DDR2_RTT_NOM ==> "50"
MIG: 11:34:17 :  Invalid Param: DDR2_ADDR_CMD_MODE ==> "1T"
MIG: 11:34:17 : 
MIG: 11:34:17 :  Valid Param: DDR2_REG_CTRL ==> OFF
MIG: 11:34:17 :  Invalid Param: DDR2_CLKIN_PERIOD ==> 5000
MIG: 11:34:17 :  Invalid Param: DDR2_CLKFBOUT_MULT ==> 13
MIG: 11:34:17 :  Invalid Param: DDR2_DIVCLK_DIVIDE ==> 2
MIG: 11:34:17 :  Invalid Param: DDR2_CLKOUT0_PHASE ==> 0.0
MIG: 11:34:17 :  Invalid Param: DDR2_CLKOUT0_DIVIDE ==> 2
MIG: 11:34:17 :  Invalid Param: DDR2_CLKOUT1_DIVIDE ==> 4
MIG: 11:34:17 :  Invalid Param: DDR2_CLKOUT2_DIVIDE ==> 64
MIG: 11:34:17 :  Invalid Param: DDR2_CLKOUT3_DIVIDE ==> 16
MIG: 11:34:17 :  Invalid Param: DDR2_MMCM_VCO ==> 1200
MIG: 11:34:17 :  Invalid Param: DDR2_MMCM_MULT_F ==> 14
MIG: 11:34:17 :  Invalid Param: DDR2_MMCM_DIVCLK_DIVIDE ==> 1
MIG: 11:34:17 :  Invalid Param: DDR2_MMCM_CLKOUT0_EN ==> "TRUE"
MIG: 11:34:17 :  Invalid Param: DDR2_MMCM_CLKOUT1_EN ==> "FALSE"
MIG: 11:34:17 :  Invalid Param: DDR2_MMCM_CLKOUT2_EN ==> "FALSE"
MIG: 11:34:17 :  Invalid Param: DDR2_MMCM_CLKOUT3_EN ==> "FALSE"
MIG: 11:34:17 :  Invalid Param: DDR2_MMCM_CLKOUT4_EN ==> "FALSE"
MIG: 11:34:17 :  Invalid Param: DDR2_MMCM_CLKOUT0_DIVIDE ==> 12.000
MIG: 11:34:17 :  Invalid Param: DDR2_MMCM_CLKOUT1_DIVIDE ==> 1
MIG: 11:34:17 :  Invalid Param: DDR2_MMCM_CLKOUT2_DIVIDE ==> 1
MIG: 11:34:17 :  Invalid Param: DDR2_MMCM_CLKOUT3_DIVIDE ==> 1
MIG: 11:34:17 :  Invalid Param: DDR2_MMCM_CLKOUT4_DIVIDE ==> 1
MIG: 11:34:17 :  Invalid Param: DDR2_tCKE ==> 7500
MIG: 11:34:17 :  Invalid Param: DDR2_tFAW ==> 45000
MIG: 11:34:17 :  Invalid Param: DDR2_tPRDI ==> 1_000_000
MIG: 11:34:17 :  Invalid Param: DDR2_tRAS ==> 40000
MIG: 11:34:17 :  Invalid Param: DDR2_tRCD ==> 15000
MIG: 11:34:17 :  Invalid Param: DDR2_tREFI ==> 7800000
MIG: 11:34:17 :  Invalid Param: DDR2_tRFC ==> 127500
MIG: 11:34:17 :  Invalid Param: DDR2_tRP ==> 12500
MIG: 11:34:17 :  Invalid Param: DDR2_tRRD ==> 10000
MIG: 11:34:17 :  Invalid Param: DDR2_tRTP ==> 7500
MIG: 11:34:17 :  Invalid Param: DDR2_tWTR ==> 7500
MIG: 11:34:17 :  Invalid Param: DDR2_tZQI ==> 128_000_000
MIG: 11:34:17 :  Invalid Param: DDR2_tZQCS ==> 64
MIG: 11:34:17 :  Invalid Param: DDR2_SIM_BYPASS_INIT_CAL ==> "OFF"
MIG: 11:34:17 :  Invalid Param: DDR2_SIMULATION ==> "FALSE"
MIG: 11:34:17 :  Invalid Param: DDR2_BYTE_LANES_B0 ==> 4'b1111
MIG: 11:34:17 :  Invalid Param: DDR2_BYTE_LANES_B1 ==> 4'b0000
MIG: 11:34:17 :  Invalid Param: DDR2_BYTE_LANES_B2 ==> 4'b0000
MIG: 11:34:17 :  Invalid Param: DDR2_BYTE_LANES_B3 ==> 4'b0000
MIG: 11:34:17 :  Invalid Param: DDR2_BYTE_LANES_B4 ==> 4'b0000
MIG: 11:34:17 :  Invalid Param: DDR2_DATA_CTL_B0 ==> 4'b0101
MIG: 11:34:17 :  Invalid Param: DDR2_DATA_CTL_B1 ==> 4'b0000
MIG: 11:34:17 :  Invalid Param: DDR2_DATA_CTL_B2 ==> 4'b0000
MIG: 11:34:17 :  Invalid Param: DDR2_DATA_CTL_B3 ==> 4'b0000
MIG: 11:34:17 :  Invalid Param: DDR2_DATA_CTL_B4 ==> 4'b0000
MIG: 11:34:17 :  Invalid Param: DDR2_PHY_0_BITLANES ==> 48'hFFC_3F7_FFF_3FE
MIG: 11:34:17 :  Invalid Param: DDR2_PHY_1_BITLANES ==> 48'h000_000_000_000
MIG: 11:34:17 :  Invalid Param: DDR2_PHY_2_BITLANES ==> 48'h000_000_000_000
MIG: 11:34:17 :  Invalid Param: DDR2_CK_BYTE_MAP ==> 144'h00_00_00_00_00_00_00_00_00_00_00_00_00_00_00_00_00_03
MIG: 11:34:17 :  Invalid Param: DDR2_ADDR_MAP ==> 192'h000_000_000_010_033_01A_019_032_03A_034_018_036_012_011_017_015
MIG: 11:34:17 :  Invalid Param: DDR2_BANK_MAP ==> 36'h013_016_01B
MIG: 11:34:17 :  Invalid Param: DDR2_CAS_MAP ==> 12'h039
MIG: 11:34:17 :  Invalid Param: DDR2_CKE_ODT_BYTE_MAP ==> 8'h00
MIG: 11:34:17 :  Invalid Param: DDR2_CKE_MAP ==> 96'h000_000_000_000_000_000_000_038
MIG: 11:34:17 :  Invalid Param: DDR2_ODT_MAP ==> 96'h000_000_000_000_000_000_000_035
MIG: 11:34:17 :  Invalid Param: DDR2_CS_MAP ==> 120'h000_000_000_000_000_000_000_000_000_037
MIG: 11:34:17 :  Invalid Param: DDR2_PARITY_MAP ==> 12'h000
MIG: 11:34:17 :  Invalid Param: DDR2_RAS_MAP ==> 12'h014
MIG: 11:34:17 :  Invalid Param: DDR2_WE_MAP ==> 12'h03B
MIG: 11:34:17 :  Invalid Param: DDR2_DQS_BYTE_MAP ==> 144'h00_00_00_00_00_00_00_00_00_00_00_00_00_00_00_00_02_00
MIG: 11:34:17 :  Invalid Param: DDR2_DATA0_MAP ==> 96'h008_004_009_007_005_001_006_003
MIG: 11:34:17 :  Invalid Param: DDR2_DATA1_MAP ==> 96'h022_028_020_024_027_025_026_021
MIG: 11:34:17 :  Invalid Param: DDR2_DATA2_MAP ==> 96'h000_000_000_000_000_000_000_000
MIG: 11:34:17 :  Invalid Param: DDR2_DATA3_MAP ==> 96'h000_000_000_000_000_000_000_000
MIG: 11:34:17 :  Invalid Param: DDR2_DATA4_MAP ==> 96'h000_000_000_000_000_000_000_000
MIG: 11:34:17 :  Invalid Param: DDR2_DATA5_MAP ==> 96'h000_000_000_000_000_000_000_000
MIG: 11:34:17 :  Invalid Param: DDR2_DATA6_MAP ==> 96'h000_000_000_000_000_000_000_000
MIG: 11:34:17 :  Invalid Param: DDR2_DATA7_MAP ==> 96'h000_000_000_000_000_000_000_000
MIG: 11:34:17 :  Invalid Param: DDR2_DATA8_MAP ==> 96'h000_000_000_000_000_000_000_000
MIG: 11:34:17 :  Invalid Param: DDR2_DATA9_MAP ==> 96'h000_000_000_000_000_000_000_000
MIG: 11:34:17 :  Invalid Param: DDR2_DATA10_MAP ==> 96'h000_000_000_000_000_000_000_000
MIG: 11:34:17 :  Invalid Param: DDR2_DATA11_MAP ==> 96'h000_000_000_000_000_000_000_000
MIG: 11:34:17 :  Invalid Param: DDR2_DATA12_MAP ==> 96'h000_000_000_000_000_000_000_000
MIG: 11:34:17 :  Invalid Param: DDR2_DATA13_MAP ==> 96'h000_000_000_000_000_000_000_000
MIG: 11:34:17 :  Invalid Param: DDR2_DATA14_MAP ==> 96'h000_000_000_000_000_000_000_000
MIG: 11:34:17 :  Invalid Param: DDR2_DATA15_MAP ==> 96'h000_000_000_000_000_000_000_000
MIG: 11:34:17 :  Invalid Param: DDR2_DATA16_MAP ==> 96'h000_000_000_000_000_000_000_000
MIG: 11:34:17 :  Invalid Param: DDR2_DATA17_MAP ==> 96'h000_000_000_000_000_000_000_000
MIG: 11:34:17 :  Invalid Param: DDR2_MASK0_MAP ==> 108'h000_000_000_000_000_000_000_029_002
MIG: 11:34:17 :  Invalid Param: DDR2_MASK1_MAP ==> 108'h000_000_000_000_000_000_000_000_000
MIG: 11:34:17 :  Invalid Param: DDR2_SLOT_0_CONFIG ==> 8'b0000_0001
MIG: 11:34:17 :  Invalid Param: DDR2_SLOT_1_CONFIG ==> 8'b0000_0000
MIG: 11:34:17 :  Invalid Param: DDR2_IBUF_LPWR_MODE ==> "OFF"
MIG: 11:34:17 :  Invalid Param: DDR2_DATA_IO_IDLE_PWRDWN ==> "ON"
MIG: 11:34:17 :  Invalid Param: DDR2_BANK_TYPE ==> "HR_IO"
MIG: 11:34:17 :  Invalid Param: DDR2_DATA_IO_PRIM_TYPE ==> "HR_LP"
MIG: 11:34:17 :  Invalid Param: DDR2_CKE_ODT_AUX ==> "FALSE"
MIG: 11:34:17 :  Invalid Param: DDR2_USER_REFRESH ==> "OFF"
MIG: 11:34:17 :  Invalid Param: DDR2_WRLVL ==> "OFF"
MIG: 11:34:17 :  Invalid Param: DDR2_ORDERING ==> "NORM"
MIG: 11:34:17 :  Invalid Param: DDR2_CALIB_ROW_ADD ==> 16'h0000
MIG: 11:34:17 :  Invalid Param: DDR2_CALIB_COL_ADD ==> 12'h000
MIG: 11:34:17 :  Invalid Param: DDR2_CALIB_BA_ADD ==> 3'h0
MIG: 11:34:17 :  Invalid Param: DDR2_TCQ ==> 100
MIG: 11:34:17 :  Invalid Param: DDR2_IODELAY_GRP0 ==> "MICROBLAZE_TOP_MIG_7SERIES_0_1_IODELAY_MIG0"
MIG: 11:34:17 :  Invalid Param: DDR2_SYSCLK_TYPE ==> "NO_BUFFER"
MIG: 11:34:17 :  Invalid Param: DDR2_REFCLK_TYPE ==> "USE_SYSTEM_CLOCK"
MIG: 11:34:17 :  Invalid Param: DDR2_SYS_RST_PORT ==> "FALSE"
MIG: 11:34:17 :  Invalid Param: DDR2_CMD_PIPE_PLUS1 ==> "ON"
MIG: 11:34:17 :  Invalid Param: DDR2_DRAM_TYPE ==> "DDR2"
MIG: 11:34:17 :  Invalid Param: DDR2_CAL_WIDTH ==> "HALF"
MIG: 11:34:17 :  Invalid Param: DDR2_STARVE_LIMIT ==> 2
MIG: 11:34:17 :  Invalid Param: DDR2_REFCLK_FREQ ==> 200.0
MIG: 11:34:17 :  Invalid Param: DDR2_DIFF_TERM_REFCLK ==> "TRUE"
MIG: 11:34:17 :  Invalid Param: DDR2_tCK ==> 3077
MIG: 11:34:17 : 4
MIG: 11:34:17 :  Valid Param: DDR2_nCK_PER_CLK ==> 4
MIG: 11:34:17 :  Invalid Param: DDR2_DIFF_TERM_SYSCLK ==> "TRUE"
MIG: 11:34:17 : TRUE
MIG: 11:34:17 :  Valid Param: UI_EXTRA_CLOCKS ==> TRUE
MIG: 11:34:17 : 1
MIG: 11:34:17 :  Valid Param: C_S_AXI_ID_WIDTH ==> 1
MIG: 11:34:17 : 134217728
MIG: 11:34:17 :  Valid Param: C_S_AXI_MEM_SIZE ==> 134217728
MIG: 11:34:17 : 
MIG: 11:34:17 :  Valid Param: C_S_AXI_ADDR_WIDTH ==> 32
MIG: 11:34:17 : 64
MIG: 11:34:17 :  Valid Param: C_S_AXI_DATA_WIDTH ==> 64
MIG: 11:34:17 :  Invalid Param: DDR2_C_MC_nCK_PER_CLK ==> 4
MIG: 11:34:17 :  Invalid Param: C_S_AXI_SUPPORTS_NARROW_BURST ==> 0
MIG: 11:34:17 :  Invalid Param: DDR2_C_RD_WR_ARB_ALGORITHM ==> "RD_PRI_REG"
MIG: 11:34:17 :  Invalid Param: C_S_AXI_REG_EN0 ==> 20'h00000
MIG: 11:34:17 :  Invalid Param: C_S_AXI_REG_EN1 ==> 20'h00000
MIG: 11:34:17 : 
MIG: 11:34:17 :  Valid Param: C_S_AXI_CTRL_ADDR_WIDTH ==> 32
MIG: 11:34:17 : 
MIG: 11:34:17 :  Valid Param: C_S_AXI_CTRL_DATA_WIDTH ==> 32
MIG: 11:34:17 :  Invalid Param: C_S_AXI_BASEADDR ==> 32'h0000_0000
MIG: 11:34:17 :  Invalid Param: C_ECC_ONOFF_RESET_VALUE ==> 1
MIG: 11:34:17 :  Invalid Param: C_ECC_CE_COUNTER_WIDTH ==> 8
MIG: 11:34:17 : 
MIG: 11:34:17 :  Valid Param: DDR2_DEBUG_PORT ==> OFF
MIG: 11:34:17 : 
MIG: 11:34:17 :  Invalid Param: DDR2_TEMP_MON_CONTROL ==> "INTERNAL"
MIG: 11:34:17 : NOBUF
MIG: 11:34:17 : NONE
MIG: 11:34:17 : 
MIG: 11:34:17 : Same Interface
MIG: 11:38:39 : xml_input_file: board.prj
MIG: 11:38:39 : Absolute path of xml_input_file: d:/fpga_projects/xilinx/nexys_lin/nexys_lin.srcs/sources_1/bd/microblaze_top/ip/microblaze_top_mig_7series_0_1/board.prj
MIG: 11:38:39 : In updateAllModelParams
MIG: 11:38:39 : IGN:     <ModuleName>design_1_mig_7series_0_2</ModuleName> <==>     <ModuleName>microblaze_top_mig_7series_0_1</ModuleName> 
MIG: 11:38:39 : ERR:     <Version>2.2</Version> <==>     <Version>4.1</Version> 
MIG: 11:38:39 : ################# RUNNING MIG BATCH ###################
MIG: 11:38:39 : Writing IN file for 'microblaze_top_mig_7series_0_1'...compDirPath: c:/Xilinx/Vivado/2018.2/data/ip/xilinx/mig_7series_v4_1... instDirPath: d:/fpga_projects/xilinx/nexys_lin/nexys_lin.srcs/sources_1/bd/microblaze_top/ip/microblaze_top_mig_7series_0_1
MIG: 11:38:39 : synp_flow:  -- synthesis_mode: Other
MIG: 11:38:39 : outputDirectory: d:/fpga_projects/xilinx/nexys_lin/nexys_lin.srcs/sources_1/bd/microblaze_top/ip/microblaze_top_mig_7series_0_1/_tmp/
MIG: 11:38:39 : vivado_mode: xpg_bd
MIG: 11:38:39 : isPortInterface: 0
MIG: 11:38:39 : isPortInterface: 0
MIG: 11:38:39 : isPortInterface: 0
MIG: 11:38:39 : isPortInterface: 0
MIG: 11:38:39 : isPortInterface: 0
MIG: 11:38:39 : isPortInterface: 0
MIG: 11:38:39 : isPortInterface: 0
MIG: 11:38:39 : isPortInterface: 0
MIG: 11:38:39 : isPortInterface: 0
MIG: 11:38:39 : isPortInterface: 0
MIG: 11:38:39 : isPortInterface: 0
MIG: 11:38:39 : isPortInterface: 0
MIG: 11:38:39 : isPortInterface: 0
MIG: 11:38:39 : isPortInterface: 0
MIG: 11:38:39 : isPortInterface: 0
MIG: 11:38:39 : isPortInterface: 0
MIG: 11:38:39 : isPortInterface: 0
MIG: 11:38:39 : isPortInterface: 0
MIG: 11:38:39 : isPortInterface: 0
MIG: 11:38:39 : isPortInterface: 0
MIG: 11:38:39 : isPortInterface: 0
MIG: 11:38:39 : isPortInterface: 0
MIG: 11:38:39 : isPortInterface: 0
MIG: 11:38:39 : isPortInterface: 0
MIG: 11:38:39 : isPortInterface: 0
MIG: 11:38:39 : isPortInterface: 0
MIG: 11:38:39 : isPortInterface: 0
MIG: 11:38:39 : isPortInterface: 0
MIG: 11:38:39 : isPortInterface: 0
MIG: 11:38:39 : isPortInterface: 0
MIG: 11:38:39 : isPortInterface: 0
MIG: 11:38:39 : isPortInterface: 0
MIG: 11:38:39 : isPortInterface: 0
MIG: 11:38:39 : isPortInterface: 0
MIG: 11:38:39 : isPortInterface: 0
MIG: 11:38:39 : isPortInterface: 0
MIG: 11:38:39 : isPortInterface: 0
MIG: 11:38:39 : isPortInterface: 0
MIG: 11:38:39 : isPortInterface: 0
MIG: 11:38:39 : isPortInterface: 0
MIG: 11:38:39 : isPortInterface: 0
MIG: 11:38:39 : isPortInterface: 0
MIG: 11:38:39 : isPortInterface: 0
MIG: 11:38:39 : isPortInterface: 0
MIG: 11:38:39 : isPortInterface: 0
MIG: 11:38:39 : isPortInterface: 0
MIG: 11:38:39 : isPortInterface: 0
MIG: 11:38:39 : isPortInterface: 0
MIG: 11:38:39 : isPortInterface: 0
MIG: 11:38:39 : isPortInterface: 0
MIG: 11:38:39 : isPortInterface: 0
MIG: 11:38:39 : isPortInterface: 0
MIG: 11:38:39 : isPortInterface: 0
MIG: 11:38:39 : isPortInterface: 0
MIG: 11:38:39 : isPortInterface: 0
MIG: 11:38:39 : isPortInterface: 0
MIG: 11:38:39 : isPortInterface: 0
MIG: 11:38:39 : isPortInterface: 0
MIG: 11:38:39 : isPortInterface: 0
MIG: 11:38:39 : isPortInterface: 0
MIG: 11:38:39 : isPortInterface: 0
MIG: 11:38:39 : isPortInterface: 0
MIG: 11:38:39 : isPortInterface: 0
MIG: 11:38:39 : isPortInterface: 0
MIG: 11:38:39 : isPortInterface: 0
MIG: 11:38:39 : isPortInterface: 0
MIG: 11:38:39 : isPortInterface: 0
MIG: 11:38:39 : isPortInterface: 0
MIG: 11:38:39 : isPortInterface: 0
MIG: 11:38:39 : isPortInterface: 0
MIG: 11:38:39 : isPortInterface: 0
MIG: 11:38:39 : isPortInterface: 0
MIG: 11:38:39 : isPortInterface: 0
MIG: 11:38:39 : isPortInterface: 0
MIG: 11:38:39 : isPortInterface: 0
MIG: 11:38:39 : isPortInterface: 0
MIG: 11:38:39 : isPortInterface: 0
MIG: 11:38:39 : isPortInterface: 0
MIG: 11:38:39 : isPortInterface: 0
MIG: 11:38:39 : isPortInterface: 0
MIG: 11:38:39 : isPortInterface: 0
MIG: 11:38:39 : isPortInterface: 0
MIG: 11:38:39 : isPortInterface: 0
MIG: 11:38:39 : isPortInterface: 0
MIG: 11:38:39 : isPortInterface: 0
MIG: 11:38:39 : isPortInterface: 0
MIG: 11:38:39 : isPortInterface: 0
MIG: 11:38:39 : isPortInterface: 0
MIG: 11:38:39 : isPortInterface: 0
MIG: 11:38:39 : isPortInterface: 0
MIG: 11:38:39 : isPortInterface: 0
MIG: 11:38:39 : isPortInterface: 0
MIG: 11:38:39 : isPortInterface: 0
MIG: 11:38:39 : isPortInterface: 0
MIG: 11:38:39 : isPortInterface: 0
MIG: 11:38:39 : isPortInterface: 0
MIG: 11:38:39 : isPortInterface: 0
MIG: 11:38:39 : isPortInterface: 0
MIG: 11:38:39 : isPortInterface: 0
MIG: 11:38:39 : isPortInterface: 0
MIG: 11:38:39 : isPortInterface: 0
MIG: 11:38:39 : isPortInterface: 0
MIG: 11:38:39 : isPortInterface: 0
MIG: 11:38:39 : isPortInterface: 0
MIG: 11:38:39 : isPortInterface: 0
MIG: 11:38:39 : isPortInterface: 0
MIG: 11:38:39 : isPortInterface: 0
MIG: 11:38:39 : isPortInterface: 0
MIG: 11:38:39 : isPortInterface: 0
MIG: 11:38:39 : isPortInterface: 0
MIG: 11:38:39 : isPortInterface: 0
MIG: 11:38:39 : isPortInterface: 0
MIG: 11:38:39 : isPortInterface: 0
MIG: 11:38:39 : isPortInterface: 0
MIG: 11:38:39 : isPortInterface: 0
MIG: 11:38:39 : isPortInterface: 0
MIG: 11:38:39 : isPortInterface: 0
MIG: 11:38:39 : isPortInterface: 1
MIG: 11:38:39 : isPortInterface: 0
MIG: 11:38:39 : isPortInterface: 0
MIG: 11:38:39 : isPortInterface: 0
MIG: 11:38:39 : isPortInterface: 0
MIG: 11:38:39 : isPortInterface: 0
MIG: 11:38:39 : isPortInterface: 0
MIG: 11:38:39 : isPortInterface: 0
MIG: 11:38:39 : isPortInterface: 0
MIG: 11:38:39 : isPortInterface: 0
MIG: 11:38:39 : isPortInterface: 0
MIG: 11:38:39 :  locked false  
MIG: 11:38:39 : HDL Language: Verilog
MIG: 11:38:39 : compInfo: true
MIG: 11:38:39 : Vivado Options xc7a100t csg324 -1
MIG: 11:38:39 : 1: xc7a100t 2: csg324 3: -1
MIG: 11:38:39 : relative mig path: coregen/ip/xilinx/other/com/xilinx/ip/mig_7series_v4_1/bin/nt64/mig.exe
MIG: 11:38:39 : xilinx_path: C:/Xilinx/Vivado/2018.2/ids_lite/ISE
MIG: 11:38:39 : I am in catch area
MIG: 11:38:39 : Running C:/Xilinx/Vivado/2018.2/ids_lite/ISE/coregen/ip/xilinx/other/com/xilinx/ip/mig_7series_v4_1/bin/nt64/mig.exe -cg_exc_inp d:/fpga_projects/xilinx/nexys_lin/nexys_lin.srcs/sources_1/bd/microblaze_top/ip/microblaze_top_mig_7series_0_1/xil_txt.in -cg_exc_out d:/fpga_projects/xilinx/nexys_lin/nexys_lin.srcs/sources_1/bd/microblaze_top/ip/microblaze_top_mig_7series_0_1/xil_txt.out ... 
MIG: 11:38:45 : XML_INPUT_FILE: d:/fpga_projects/xilinx/nexys_lin/nexys_lin.srcs/sources_1/bd/microblaze_top/ip/microblaze_top_mig_7series_0_1/board.prj
MIG: 11:38:45 : Component_Name: microblaze_top_mig_7series_0_1
MIG: 11:38:45 : Moving microblaze_top_mig_7series_0_1 ...
MIG: 11:38:45 : Moving microblaze_top_mig_7series_0_1.veo ...
MIG: 11:38:45 : Moving microblaze_top_mig_7series_0_1_xmdf.tcl ...
MIG: 11:38:45 : XGUI hdlLanguage: Verilog
MIG: 11:38:45 : xgui vivado_mode: xpg_bd
MIG: 11:38:45 : xgui hdlLanguage: Verilog -- hdlExt: v
MIG: 11:38:45 : Reading D:/fpga_projects/xilinx/nexys_lin/nexys_lin.srcs/sources_1/bd/microblaze_top/ip/microblaze_top_mig_7series_0_1/microblaze_top_mig_7series_0_1/user_design/rtl/microblaze_top_mig_7series_0_1_mig.v ...
MIG: 11:38:46 : 
MIG: 11:38:46 : Inside fn mem: DDR2
MIG: 11:38:46 : detect_uiclk: 81247969
MIG: 11:38:46 : cntrl:  memtype: DDR2
MIG: 11:38:46 : 
MIG: 11:38:46 :  MMCM_VCO single ctrl param_name: MMCM_VCO --  possibleMaxVcoVal: 1200 
MIG: 11:38:46 : 
MIG: 11:38:46 : 
MIG: 11:38:46 : 
MIG: 11:38:46 : 
MIG: 11:38:46 :  polarity_value: 1
MIG: 11:38:46 : 
MIG: 11:38:46 : 
MIG: 11:38:46 : cntrl:  memtype: DDR2
MIG: 11:38:46 : Prasad ----: isMMCMExtraClkParam:: MMCM_CLKOUT0_EN --- "TRUE"
MIG: 11:38:46 : 
MIG: 11:38:46 :  MMCM Enable Param: MMCM_CLKOUT0_EN ==> TRUE
MIG: 11:38:46 : Prasad ----: isMMCMExtraClkParam:: MMCM_CLKOUT1_EN --- "FALSE"
MIG: 11:38:46 : 
MIG: 11:38:46 :  MMCM Enable Param: MMCM_CLKOUT1_EN ==> FALSE
MIG: 11:38:46 : Prasad ----: isMMCMExtraClkParam:: MMCM_CLKOUT2_EN --- "FALSE"
MIG: 11:38:46 : 
MIG: 11:38:46 :  MMCM Enable Param: MMCM_CLKOUT2_EN ==> FALSE
MIG: 11:38:46 : Prasad ----: isMMCMExtraClkParam:: MMCM_CLKOUT3_EN --- "FALSE"
MIG: 11:38:46 : 
MIG: 11:38:46 :  MMCM Enable Param: MMCM_CLKOUT3_EN ==> FALSE
MIG: 11:38:46 : Prasad ----: isMMCMExtraClkParam:: MMCM_CLKOUT4_EN --- "FALSE"
MIG: 11:38:46 : 
MIG: 11:38:46 :  MMCM Enable Param: MMCM_CLKOUT4_EN ==> FALSE
MIG: 11:38:46 : Prasad ----: isMMCMExtraClkParam:: MMCM_CLKOUT0_DIVIDE --- 12.000
MIG: 11:38:46 : possibleMaxVcoVal:: 1200 ---- paramName: MMCM_CLKOUT0_DIVIDE
MIG: 11:38:46 : 
MIG: 11:38:46 :  MMCM Extra Param: MMCM_CLKOUT0_FREQ ==> 100000000
MIG: 11:38:46 : Prasad ----: isMMCMExtraClkParam:: MMCM_CLKOUT1_DIVIDE --- 1
MIG: 11:38:46 : possibleMaxVcoVal:: 1200 ---- paramName: MMCM_CLKOUT1_DIVIDE
MIG: 11:38:46 : 
MIG: 11:38:46 :  MMCM Extra Param: MMCM_CLKOUT1_FREQ ==> 1200000000
MIG: 11:38:46 : Prasad ----: isMMCMExtraClkParam:: MMCM_CLKOUT2_DIVIDE --- 1
MIG: 11:38:46 : possibleMaxVcoVal:: 1200 ---- paramName: MMCM_CLKOUT2_DIVIDE
MIG: 11:38:46 : 
MIG: 11:38:46 :  MMCM Extra Param: MMCM_CLKOUT2_FREQ ==> 1200000000
MIG: 11:38:46 : Prasad ----: isMMCMExtraClkParam:: MMCM_CLKOUT3_DIVIDE --- 1
MIG: 11:38:46 : possibleMaxVcoVal:: 1200 ---- paramName: MMCM_CLKOUT3_DIVIDE
MIG: 11:38:46 : 
MIG: 11:38:46 :  MMCM Extra Param: MMCM_CLKOUT3_FREQ ==> 1200000000
MIG: 11:38:46 : Prasad ----: isMMCMExtraClkParam:: MMCM_CLKOUT4_DIVIDE --- 1
MIG: 11:38:46 : possibleMaxVcoVal:: 1200 ---- paramName: MMCM_CLKOUT4_DIVIDE
MIG: 11:38:46 : 
MIG: 11:38:46 :  MMCM Extra Param: MMCM_CLKOUT4_FREQ ==> 1200000000
MIG: 11:38:46 :  Invalid Param: DDR2_RST_ACT_LOW ==> 1
MIG: 11:38:46 : 
MIG: 11:38:46 :  Valid Param: DDR2_BANK_WIDTH ==> 3
MIG: 11:38:46 : 
MIG: 11:38:46 :  Valid Param: DDR2_CK_WIDTH ==> 1
MIG: 11:38:46 :  Invalid Param: DDR2_COL_WIDTH ==> 10
MIG: 11:38:46 : 
MIG: 11:38:46 :  Valid Param: DDR2_CS_WIDTH ==> 1
MIG: 11:38:46 : 
MIG: 11:38:46 :  Valid Param: DDR2_nCS_PER_RANK ==> 1
MIG: 11:38:46 : 
MIG: 11:38:46 :  Valid Param: DDR2_CKE_WIDTH ==> 1
MIG: 11:38:46 :  Invalid Param: DDR2_DATA_BUF_ADDR_WIDTH ==> 5
MIG: 11:38:46 :  Invalid Param: DDR2_DQ_CNT_WIDTH ==> 4
MIG: 11:38:46 :  Invalid Param: DDR2_DQ_PER_DM ==> 8
MIG: 11:38:46 : 
MIG: 11:38:46 :  Valid Param: DDR2_DM_WIDTH ==> 2
MIG: 11:38:46 : 
MIG: 11:38:46 :  Valid Param: DDR2_DQ_WIDTH ==> 16
MIG: 11:38:46 : 
MIG: 11:38:46 :  Valid Param: DDR2_DQS_WIDTH ==> 2
MIG: 11:38:46 : 
MIG: 11:38:46 :  Valid Param: DDR2_DQS_CNT_WIDTH ==> 1
MIG: 11:38:46 :  Invalid Param: DDR2_DRAM_WIDTH ==> 8
MIG: 11:38:46 : 
MIG: 11:38:46 :  Valid Param: ECC ==> OFF
MIG: 11:38:46 : 
MIG: 11:38:46 :  Valid Param: DDR2_DATA_WIDTH ==> 16
MIG: 11:38:46 :  Invalid Param: ECC_TEST ==> "OFF"
MIG: 11:38:46 :  Invalid Param: DDR2_PAYLOAD_WIDTH ==> (ECC_TEST == "OFF") ? DATA_WIDTH : DQ_WIDTH
MIG: 11:38:46 :  Invalid Param: DDR2_MEM_ADDR_ORDER ==> "BANK_ROW_COLUMN"
MIG: 11:38:46 :  Invalid Param: DDR2_nBANK_MACHS ==> 4
MIG: 11:38:46 :  Invalid Param: DDR2_RANKS ==> 1
MIG: 11:38:46 : 
MIG: 11:38:46 :  Valid Param: DDR2_ODT_WIDTH ==> 1
MIG: 11:38:46 : 
MIG: 11:38:46 :  Valid Param: DDR2_ROW_WIDTH ==> 13
MIG: 11:38:46 : 
MIG: 11:38:46 :  Valid Param: DDR2_ADDR_WIDTH ==> 27
MIG: 11:38:46 : 
MIG: 11:38:46 :  Valid Param: DDR2_USE_CS_PORT ==> 1
MIG: 11:38:46 : 
MIG: 11:38:46 :  Valid Param: DDR2_USE_DM_PORT ==> 1
MIG: 11:38:46 : 
MIG: 11:38:46 :  Valid Param: DDR2_USE_ODT_PORT ==> 1
MIG: 11:38:46 :  Invalid Param: DDR2_PHY_CONTROL_MASTER_BANK ==> 0
MIG: 11:38:46 :  Invalid Param: DDR2_MEM_DENSITY ==> "1Gb"
MIG: 11:38:46 :  Invalid Param: DDR2_MEM_SPEEDGRADE ==> "25E"
MIG: 11:38:46 :  Invalid Param: DDR2_MEM_DEVICE_WIDTH ==> 16
MIG: 11:38:46 :  Invalid Param: DDR2_AL ==> "0"
MIG: 11:38:46 :  Invalid Param: DDR2_nAL ==> 0
MIG: 11:38:46 :  Invalid Param: DDR2_BURST_MODE ==> "8"
MIG: 11:38:46 :  Invalid Param: DDR2_BURST_TYPE ==> "SEQ"
MIG: 11:38:46 :  Invalid Param: DDR2_CL ==> 5
MIG: 11:38:46 :  Invalid Param: DDR2_OUTPUT_DRV ==> "HIGH"
MIG: 11:38:46 :  Invalid Param: DDR2_RTT_NOM ==> "50"
MIG: 11:38:46 :  Invalid Param: DDR2_ADDR_CMD_MODE ==> "1T"
MIG: 11:38:46 : 
MIG: 11:38:46 :  Valid Param: DDR2_REG_CTRL ==> OFF
MIG: 11:38:46 :  Invalid Param: DDR2_CLKIN_PERIOD ==> 5000
MIG: 11:38:46 :  Invalid Param: DDR2_CLKFBOUT_MULT ==> 13
MIG: 11:38:46 :  Invalid Param: DDR2_DIVCLK_DIVIDE ==> 2
MIG: 11:38:46 :  Invalid Param: DDR2_CLKOUT0_PHASE ==> 0.0
MIG: 11:38:46 :  Invalid Param: DDR2_CLKOUT0_DIVIDE ==> 2
MIG: 11:38:46 :  Invalid Param: DDR2_CLKOUT1_DIVIDE ==> 4
MIG: 11:38:46 :  Invalid Param: DDR2_CLKOUT2_DIVIDE ==> 64
MIG: 11:38:46 :  Invalid Param: DDR2_CLKOUT3_DIVIDE ==> 16
MIG: 11:38:46 :  Invalid Param: DDR2_MMCM_VCO ==> 1200
MIG: 11:38:46 :  Invalid Param: DDR2_MMCM_MULT_F ==> 14
MIG: 11:38:46 :  Invalid Param: DDR2_MMCM_DIVCLK_DIVIDE ==> 1
MIG: 11:38:46 :  Invalid Param: DDR2_MMCM_CLKOUT0_EN ==> "TRUE"
MIG: 11:38:46 :  Invalid Param: DDR2_MMCM_CLKOUT1_EN ==> "FALSE"
MIG: 11:38:46 :  Invalid Param: DDR2_MMCM_CLKOUT2_EN ==> "FALSE"
MIG: 11:38:46 :  Invalid Param: DDR2_MMCM_CLKOUT3_EN ==> "FALSE"
MIG: 11:38:46 :  Invalid Param: DDR2_MMCM_CLKOUT4_EN ==> "FALSE"
MIG: 11:38:46 :  Invalid Param: DDR2_MMCM_CLKOUT0_DIVIDE ==> 12.000
MIG: 11:38:46 :  Invalid Param: DDR2_MMCM_CLKOUT1_DIVIDE ==> 1
MIG: 11:38:46 :  Invalid Param: DDR2_MMCM_CLKOUT2_DIVIDE ==> 1
MIG: 11:38:46 :  Invalid Param: DDR2_MMCM_CLKOUT3_DIVIDE ==> 1
MIG: 11:38:46 :  Invalid Param: DDR2_MMCM_CLKOUT4_DIVIDE ==> 1
MIG: 11:38:46 :  Invalid Param: DDR2_tCKE ==> 7500
MIG: 11:38:46 :  Invalid Param: DDR2_tFAW ==> 45000
MIG: 11:38:46 :  Invalid Param: DDR2_tPRDI ==> 1_000_000
MIG: 11:38:46 :  Invalid Param: DDR2_tRAS ==> 40000
MIG: 11:38:46 :  Invalid Param: DDR2_tRCD ==> 15000
MIG: 11:38:46 :  Invalid Param: DDR2_tREFI ==> 7800000
MIG: 11:38:46 :  Invalid Param: DDR2_tRFC ==> 127500
MIG: 11:38:46 :  Invalid Param: DDR2_tRP ==> 12500
MIG: 11:38:46 :  Invalid Param: DDR2_tRRD ==> 10000
MIG: 11:38:46 :  Invalid Param: DDR2_tRTP ==> 7500
MIG: 11:38:46 :  Invalid Param: DDR2_tWTR ==> 7500
MIG: 11:38:46 :  Invalid Param: DDR2_tZQI ==> 128_000_000
MIG: 11:38:46 :  Invalid Param: DDR2_tZQCS ==> 64
MIG: 11:38:46 :  Invalid Param: DDR2_SIM_BYPASS_INIT_CAL ==> "OFF"
MIG: 11:38:46 :  Invalid Param: DDR2_SIMULATION ==> "FALSE"
MIG: 11:38:46 :  Invalid Param: DDR2_BYTE_LANES_B0 ==> 4'b1111
MIG: 11:38:46 :  Invalid Param: DDR2_BYTE_LANES_B1 ==> 4'b0000
MIG: 11:38:46 :  Invalid Param: DDR2_BYTE_LANES_B2 ==> 4'b0000
MIG: 11:38:46 :  Invalid Param: DDR2_BYTE_LANES_B3 ==> 4'b0000
MIG: 11:38:46 :  Invalid Param: DDR2_BYTE_LANES_B4 ==> 4'b0000
MIG: 11:38:46 :  Invalid Param: DDR2_DATA_CTL_B0 ==> 4'b0101
MIG: 11:38:46 :  Invalid Param: DDR2_DATA_CTL_B1 ==> 4'b0000
MIG: 11:38:46 :  Invalid Param: DDR2_DATA_CTL_B2 ==> 4'b0000
MIG: 11:38:46 :  Invalid Param: DDR2_DATA_CTL_B3 ==> 4'b0000
MIG: 11:38:46 :  Invalid Param: DDR2_DATA_CTL_B4 ==> 4'b0000
MIG: 11:38:46 :  Invalid Param: DDR2_PHY_0_BITLANES ==> 48'hFFC_3F7_FFF_3FE
MIG: 11:38:46 :  Invalid Param: DDR2_PHY_1_BITLANES ==> 48'h000_000_000_000
MIG: 11:38:46 :  Invalid Param: DDR2_PHY_2_BITLANES ==> 48'h000_000_000_000
MIG: 11:38:46 :  Invalid Param: DDR2_CK_BYTE_MAP ==> 144'h00_00_00_00_00_00_00_00_00_00_00_00_00_00_00_00_00_03
MIG: 11:38:46 :  Invalid Param: DDR2_ADDR_MAP ==> 192'h000_000_000_010_033_01A_019_032_03A_034_018_036_012_011_017_015
MIG: 11:38:46 :  Invalid Param: DDR2_BANK_MAP ==> 36'h013_016_01B
MIG: 11:38:46 :  Invalid Param: DDR2_CAS_MAP ==> 12'h039
MIG: 11:38:46 :  Invalid Param: DDR2_CKE_ODT_BYTE_MAP ==> 8'h00
MIG: 11:38:46 :  Invalid Param: DDR2_CKE_MAP ==> 96'h000_000_000_000_000_000_000_038
MIG: 11:38:46 :  Invalid Param: DDR2_ODT_MAP ==> 96'h000_000_000_000_000_000_000_035
MIG: 11:38:46 :  Invalid Param: DDR2_CS_MAP ==> 120'h000_000_000_000_000_000_000_000_000_037
MIG: 11:38:46 :  Invalid Param: DDR2_PARITY_MAP ==> 12'h000
MIG: 11:38:46 :  Invalid Param: DDR2_RAS_MAP ==> 12'h014
MIG: 11:38:46 :  Invalid Param: DDR2_WE_MAP ==> 12'h03B
MIG: 11:38:46 :  Invalid Param: DDR2_DQS_BYTE_MAP ==> 144'h00_00_00_00_00_00_00_00_00_00_00_00_00_00_00_00_02_00
MIG: 11:38:46 :  Invalid Param: DDR2_DATA0_MAP ==> 96'h008_004_009_007_005_001_006_003
MIG: 11:38:46 :  Invalid Param: DDR2_DATA1_MAP ==> 96'h022_028_020_024_027_025_026_021
MIG: 11:38:46 :  Invalid Param: DDR2_DATA2_MAP ==> 96'h000_000_000_000_000_000_000_000
MIG: 11:38:46 :  Invalid Param: DDR2_DATA3_MAP ==> 96'h000_000_000_000_000_000_000_000
MIG: 11:38:46 :  Invalid Param: DDR2_DATA4_MAP ==> 96'h000_000_000_000_000_000_000_000
MIG: 11:38:46 :  Invalid Param: DDR2_DATA5_MAP ==> 96'h000_000_000_000_000_000_000_000
MIG: 11:38:46 :  Invalid Param: DDR2_DATA6_MAP ==> 96'h000_000_000_000_000_000_000_000
MIG: 11:38:46 :  Invalid Param: DDR2_DATA7_MAP ==> 96'h000_000_000_000_000_000_000_000
MIG: 11:38:46 :  Invalid Param: DDR2_DATA8_MAP ==> 96'h000_000_000_000_000_000_000_000
MIG: 11:38:46 :  Invalid Param: DDR2_DATA9_MAP ==> 96'h000_000_000_000_000_000_000_000
MIG: 11:38:46 :  Invalid Param: DDR2_DATA10_MAP ==> 96'h000_000_000_000_000_000_000_000
MIG: 11:38:46 :  Invalid Param: DDR2_DATA11_MAP ==> 96'h000_000_000_000_000_000_000_000
MIG: 11:38:46 :  Invalid Param: DDR2_DATA12_MAP ==> 96'h000_000_000_000_000_000_000_000
MIG: 11:38:46 :  Invalid Param: DDR2_DATA13_MAP ==> 96'h000_000_000_000_000_000_000_000
MIG: 11:38:46 :  Invalid Param: DDR2_DATA14_MAP ==> 96'h000_000_000_000_000_000_000_000
MIG: 11:38:46 :  Invalid Param: DDR2_DATA15_MAP ==> 96'h000_000_000_000_000_000_000_000
MIG: 11:38:46 :  Invalid Param: DDR2_DATA16_MAP ==> 96'h000_000_000_000_000_000_000_000
MIG: 11:38:46 :  Invalid Param: DDR2_DATA17_MAP ==> 96'h000_000_000_000_000_000_000_000
MIG: 11:38:46 :  Invalid Param: DDR2_MASK0_MAP ==> 108'h000_000_000_000_000_000_000_029_002
MIG: 11:38:46 :  Invalid Param: DDR2_MASK1_MAP ==> 108'h000_000_000_000_000_000_000_000_000
MIG: 11:38:46 :  Invalid Param: DDR2_SLOT_0_CONFIG ==> 8'b0000_0001
MIG: 11:38:46 :  Invalid Param: DDR2_SLOT_1_CONFIG ==> 8'b0000_0000
MIG: 11:38:46 :  Invalid Param: DDR2_IBUF_LPWR_MODE ==> "OFF"
MIG: 11:38:46 :  Invalid Param: DDR2_DATA_IO_IDLE_PWRDWN ==> "ON"
MIG: 11:38:46 :  Invalid Param: DDR2_BANK_TYPE ==> "HR_IO"
MIG: 11:38:46 :  Invalid Param: DDR2_DATA_IO_PRIM_TYPE ==> "HR_LP"
MIG: 11:38:46 :  Invalid Param: DDR2_CKE_ODT_AUX ==> "FALSE"
MIG: 11:38:46 :  Invalid Param: DDR2_USER_REFRESH ==> "OFF"
MIG: 11:38:46 :  Invalid Param: DDR2_WRLVL ==> "OFF"
MIG: 11:38:46 :  Invalid Param: DDR2_ORDERING ==> "NORM"
MIG: 11:38:46 :  Invalid Param: DDR2_CALIB_ROW_ADD ==> 16'h0000
MIG: 11:38:46 :  Invalid Param: DDR2_CALIB_COL_ADD ==> 12'h000
MIG: 11:38:46 :  Invalid Param: DDR2_CALIB_BA_ADD ==> 3'h0
MIG: 11:38:46 :  Invalid Param: DDR2_TCQ ==> 100
MIG: 11:38:46 :  Invalid Param: DDR2_IODELAY_GRP0 ==> "MICROBLAZE_TOP_MIG_7SERIES_0_1_IODELAY_MIG0"
MIG: 11:38:46 :  Invalid Param: DDR2_SYSCLK_TYPE ==> "NO_BUFFER"
MIG: 11:38:46 :  Invalid Param: DDR2_REFCLK_TYPE ==> "USE_SYSTEM_CLOCK"
MIG: 11:38:46 :  Invalid Param: DDR2_SYS_RST_PORT ==> "FALSE"
MIG: 11:38:46 :  Invalid Param: DDR2_CMD_PIPE_PLUS1 ==> "ON"
MIG: 11:38:46 :  Invalid Param: DDR2_DRAM_TYPE ==> "DDR2"
MIG: 11:38:46 :  Invalid Param: DDR2_CAL_WIDTH ==> "HALF"
MIG: 11:38:46 :  Invalid Param: DDR2_STARVE_LIMIT ==> 2
MIG: 11:38:46 :  Invalid Param: DDR2_REFCLK_FREQ ==> 200.0
MIG: 11:38:46 :  Invalid Param: DDR2_DIFF_TERM_REFCLK ==> "TRUE"
MIG: 11:38:46 :  Invalid Param: DDR2_tCK ==> 3077
MIG: 11:38:46 : 
MIG: 11:38:46 :  Valid Param: DDR2_nCK_PER_CLK ==> 4
MIG: 11:38:46 :  Invalid Param: DDR2_DIFF_TERM_SYSCLK ==> "TRUE"
MIG: 11:38:46 : 
MIG: 11:38:46 :  Valid Param: UI_EXTRA_CLOCKS ==> TRUE
MIG: 11:38:46 : 
MIG: 11:38:46 :  Valid Param: C_S_AXI_ID_WIDTH ==> 1
MIG: 11:38:46 : 
MIG: 11:38:46 :  Valid Param: C_S_AXI_MEM_SIZE ==> 134217728
MIG: 11:38:46 : 
MIG: 11:38:46 :  Valid Param: C_S_AXI_ADDR_WIDTH ==> 32
MIG: 11:38:46 : 
MIG: 11:38:46 :  Valid Param: C_S_AXI_DATA_WIDTH ==> 64
MIG: 11:38:46 :  Invalid Param: DDR2_C_MC_nCK_PER_CLK ==> 4
MIG: 11:38:46 :  Invalid Param: C_S_AXI_SUPPORTS_NARROW_BURST ==> 0
MIG: 11:38:46 :  Invalid Param: DDR2_C_RD_WR_ARB_ALGORITHM ==> "RD_PRI_REG"
MIG: 11:38:46 :  Invalid Param: C_S_AXI_REG_EN0 ==> 20'h00000
MIG: 11:38:46 :  Invalid Param: C_S_AXI_REG_EN1 ==> 20'h00000
MIG: 11:38:46 : 
MIG: 11:38:46 :  Valid Param: C_S_AXI_CTRL_ADDR_WIDTH ==> 32
MIG: 11:38:46 : 
MIG: 11:38:46 :  Valid Param: C_S_AXI_CTRL_DATA_WIDTH ==> 32
MIG: 11:38:46 :  Invalid Param: C_S_AXI_BASEADDR ==> 32'h0000_0000
MIG: 11:38:46 :  Invalid Param: C_ECC_ONOFF_RESET_VALUE ==> 1
MIG: 11:38:46 :  Invalid Param: C_ECC_CE_COUNTER_WIDTH ==> 8
MIG: 11:38:46 : 
MIG: 11:38:46 :  Valid Param: DDR2_DEBUG_PORT ==> OFF
MIG: 11:38:46 : 
MIG: 11:38:46 :  Invalid Param: DDR2_TEMP_MON_CONTROL ==> "INTERNAL"
MIG: 11:38:46 : 
MIG: 11:38:46 : 
MIG: 11:38:46 : 
MIG: 11:38:46 : Same Interface
MIG: 12:16:20 : Running synthesis.xit
MIG: 12:16:20 : IGN:     <ModuleName>design_1_mig_7series_0_2</ModuleName> <==>     <ModuleName>microblaze_top_mig_7series_0_1</ModuleName> 
MIG: 12:16:20 : ERR:     <Version>2.2</Version> <==>     <Version>4.1</Version> 
MIG: 12:16:20 : ################# RUNNING MIG BATCH ###################
MIG: 12:16:20 : Writing IN file for 'microblaze_top_mig_7series_0_1'...compDirPath: c:/Xilinx/Vivado/2018.2/data/ip/xilinx/mig_7series_v4_1... instDirPath: d:/fpga_projects/xilinx/nexys_lin/nexys_lin.srcs/sources_1/bd/microblaze_top/ip/microblaze_top_mig_7series_0_1
MIG: 12:16:20 : synp_flow:  -- synthesis_mode: Other
MIG: 12:16:20 : outputDirectory: d:/fpga_projects/xilinx/nexys_lin/nexys_lin.srcs/sources_1/bd/microblaze_top/ip/microblaze_top_mig_7series_0_1/_tmp/
MIG: 12:16:20 : vivado_mode: xpg_bd
MIG: 12:16:20 : isPortInterface: 0
MIG: 12:16:20 : isPortInterface: 0
MIG: 12:16:20 : isPortInterface: 0
MIG: 12:16:20 : isPortInterface: 0
MIG: 12:16:20 : isPortInterface: 0
MIG: 12:16:20 : isPortInterface: 0
MIG: 12:16:20 : isPortInterface: 0
MIG: 12:16:20 : isPortInterface: 0
MIG: 12:16:20 : isPortInterface: 0
MIG: 12:16:20 : isPortInterface: 0
MIG: 12:16:20 : isPortInterface: 0
MIG: 12:16:20 : isPortInterface: 0
MIG: 12:16:20 : isPortInterface: 0
MIG: 12:16:20 : isPortInterface: 0
MIG: 12:16:20 : isPortInterface: 0
MIG: 12:16:20 : isPortInterface: 0
MIG: 12:16:20 : isPortInterface: 0
MIG: 12:16:20 : isPortInterface: 0
MIG: 12:16:20 : isPortInterface: 0
MIG: 12:16:20 : isPortInterface: 0
MIG: 12:16:20 : isPortInterface: 0
MIG: 12:16:20 : isPortInterface: 0
MIG: 12:16:20 : isPortInterface: 0
MIG: 12:16:20 : isPortInterface: 0
MIG: 12:16:20 : isPortInterface: 0
MIG: 12:16:20 : isPortInterface: 0
MIG: 12:16:20 : isPortInterface: 0
MIG: 12:16:20 : isPortInterface: 0
MIG: 12:16:20 : isPortInterface: 0
MIG: 12:16:20 : isPortInterface: 0
MIG: 12:16:20 : isPortInterface: 0
MIG: 12:16:20 : isPortInterface: 0
MIG: 12:16:20 : isPortInterface: 0
MIG: 12:16:20 : isPortInterface: 0
MIG: 12:16:20 : isPortInterface: 0
MIG: 12:16:20 : isPortInterface: 0
MIG: 12:16:20 : isPortInterface: 0
MIG: 12:16:20 : isPortInterface: 0
MIG: 12:16:20 : isPortInterface: 0
MIG: 12:16:20 : isPortInterface: 0
MIG: 12:16:20 : isPortInterface: 0
MIG: 12:16:20 : isPortInterface: 0
MIG: 12:16:20 : isPortInterface: 0
MIG: 12:16:20 : isPortInterface: 0
MIG: 12:16:20 : isPortInterface: 0
MIG: 12:16:20 : isPortInterface: 0
MIG: 12:16:20 : isPortInterface: 0
MIG: 12:16:20 : isPortInterface: 0
MIG: 12:16:20 : isPortInterface: 0
MIG: 12:16:20 : isPortInterface: 0
MIG: 12:16:20 : isPortInterface: 0
MIG: 12:16:20 : isPortInterface: 0
MIG: 12:16:20 : isPortInterface: 0
MIG: 12:16:20 : isPortInterface: 0
MIG: 12:16:20 : isPortInterface: 0
MIG: 12:16:20 : isPortInterface: 0
MIG: 12:16:20 : isPortInterface: 0
MIG: 12:16:20 : isPortInterface: 0
MIG: 12:16:20 : isPortInterface: 0
MIG: 12:16:20 : isPortInterface: 0
MIG: 12:16:20 : isPortInterface: 0
MIG: 12:16:20 : isPortInterface: 0
MIG: 12:16:20 : isPortInterface: 0
MIG: 12:16:20 : isPortInterface: 0
MIG: 12:16:20 : isPortInterface: 0
MIG: 12:16:20 : isPortInterface: 0
MIG: 12:16:20 : isPortInterface: 0
MIG: 12:16:20 : isPortInterface: 0
MIG: 12:16:20 : isPortInterface: 0
MIG: 12:16:20 : isPortInterface: 0
MIG: 12:16:20 : isPortInterface: 0
MIG: 12:16:20 : isPortInterface: 0
MIG: 12:16:20 : isPortInterface: 0
MIG: 12:16:20 : isPortInterface: 0
MIG: 12:16:20 : isPortInterface: 0
MIG: 12:16:20 : isPortInterface: 0
MIG: 12:16:20 : isPortInterface: 0
MIG: 12:16:20 : isPortInterface: 0
MIG: 12:16:20 : isPortInterface: 0
MIG: 12:16:20 : isPortInterface: 0
MIG: 12:16:20 : isPortInterface: 0
MIG: 12:16:20 : isPortInterface: 0
MIG: 12:16:20 : isPortInterface: 0
MIG: 12:16:20 : isPortInterface: 0
MIG: 12:16:20 : isPortInterface: 0
MIG: 12:16:20 : isPortInterface: 0
MIG: 12:16:20 : isPortInterface: 0
MIG: 12:16:20 : isPortInterface: 0
MIG: 12:16:20 : isPortInterface: 0
MIG: 12:16:20 : isPortInterface: 0
MIG: 12:16:20 : isPortInterface: 0
MIG: 12:16:20 : isPortInterface: 0
MIG: 12:16:20 : isPortInterface: 0
MIG: 12:16:20 : isPortInterface: 0
MIG: 12:16:20 : isPortInterface: 0
MIG: 12:16:20 : isPortInterface: 0
MIG: 12:16:20 : isPortInterface: 0
MIG: 12:16:20 : isPortInterface: 0
MIG: 12:16:20 : isPortInterface: 0
MIG: 12:16:20 : isPortInterface: 0
MIG: 12:16:20 : isPortInterface: 0
MIG: 12:16:20 : isPortInterface: 0
MIG: 12:16:20 : isPortInterface: 0
MIG: 12:16:20 : isPortInterface: 0
MIG: 12:16:20 : isPortInterface: 0
MIG: 12:16:20 : isPortInterface: 0
MIG: 12:16:20 : isPortInterface: 0
MIG: 12:16:20 : isPortInterface: 0
MIG: 12:16:20 : isPortInterface: 0
MIG: 12:16:20 : isPortInterface: 0
MIG: 12:16:20 : isPortInterface: 0
MIG: 12:16:20 : isPortInterface: 0
MIG: 12:16:20 : isPortInterface: 0
MIG: 12:16:20 : isPortInterface: 0
MIG: 12:16:20 : isPortInterface: 0
MIG: 12:16:20 : isPortInterface: 0
MIG: 12:16:20 : isPortInterface: 0
MIG: 12:16:20 : isPortInterface: 1
MIG: 12:16:20 : isPortInterface: 0
MIG: 12:16:20 : isPortInterface: 0
MIG: 12:16:20 : isPortInterface: 0
MIG: 12:16:20 : isPortInterface: 0
MIG: 12:16:20 : isPortInterface: 0
MIG: 12:16:20 : isPortInterface: 0
MIG: 12:16:20 : isPortInterface: 0
MIG: 12:16:20 : isPortInterface: 0
MIG: 12:16:20 : isPortInterface: 0
MIG: 12:16:20 : isPortInterface: 0
MIG: 12:16:20 :  locked false  
MIG: 12:16:20 : HDL Language: Verilog
MIG: 12:16:20 : compInfo: false
MIG: 12:16:20 : Vivado Options xc7a100t csg324 -1
MIG: 12:16:20 : 1: xc7a100t 2: csg324 3: -1
MIG: 12:16:20 : relative mig path: coregen/ip/xilinx/other/com/xilinx/ip/mig_7series_v4_1/bin/nt64/mig.exe
MIG: 12:16:20 : xilinx_path: C:/Xilinx/Vivado/2018.2/ids_lite/ISE
MIG: 12:16:20 : I am in catch area
MIG: 12:16:20 : Running C:/Xilinx/Vivado/2018.2/ids_lite/ISE/coregen/ip/xilinx/other/com/xilinx/ip/mig_7series_v4_1/bin/nt64/mig.exe -cg_exc_inp d:/fpga_projects/xilinx/nexys_lin/nexys_lin.srcs/sources_1/bd/microblaze_top/ip/microblaze_top_mig_7series_0_1/xil_txt.in -cg_exc_out d:/fpga_projects/xilinx/nexys_lin/nexys_lin.srcs/sources_1/bd/microblaze_top/ip/microblaze_top_mig_7series_0_1/xil_txt.out ... 
MIG: 12:16:27 : XML_INPUT_FILE: d:/fpga_projects/xilinx/nexys_lin/nexys_lin.srcs/sources_1/bd/microblaze_top/ip/microblaze_top_mig_7series_0_1/board.prj
MIG: 12:16:27 : Component_Name: microblaze_top_mig_7series_0_1
MIG: 12:16:27 : Moving microblaze_top_mig_7series_0_1 ...
MIG: 12:16:27 : Moving microblaze_top_mig_7series_0_1.veo ...
MIG: 12:16:27 : Moving microblaze_top_mig_7series_0_1_xmdf.tcl ...
MIG: 12:16:27 : Running vhdl_synth_rpr.xit
MIG: 12:16:27 : IGN:     <ModuleName>design_1_mig_7series_0_2</ModuleName> <==>     <ModuleName>microblaze_top_mig_7series_0_1</ModuleName> 
MIG: 12:16:27 : ERR:     <Version>2.2</Version> <==>     <Version>4.1</Version> 
MIG: 12:16:27 : ################# RUNNING MIG BATCH ###################
MIG: 12:16:27 : Writing IN file for 'microblaze_top_mig_7series_0_1'...compDirPath: c:/Xilinx/Vivado/2018.2/data/ip/xilinx/mig_7series_v4_1... instDirPath: d:/fpga_projects/xilinx/nexys_lin/nexys_lin.srcs/sources_1/bd/microblaze_top/ip/microblaze_top_mig_7series_0_1
MIG: 12:16:27 : synp_flow:  -- synthesis_mode: Other
MIG: 12:16:27 : outputDirectory: d:/fpga_projects/xilinx/nexys_lin/nexys_lin.srcs/sources_1/bd/microblaze_top/ip/microblaze_top_mig_7series_0_1/_tmp/
MIG: 12:16:27 : vivado_mode: xpg_bd
MIG: 12:16:27 : isPortInterface: 0
MIG: 12:16:27 : isPortInterface: 0
MIG: 12:16:27 : isPortInterface: 0
MIG: 12:16:27 : isPortInterface: 0
MIG: 12:16:27 : isPortInterface: 0
MIG: 12:16:27 : isPortInterface: 0
MIG: 12:16:27 : isPortInterface: 0
MIG: 12:16:27 : isPortInterface: 0
MIG: 12:16:27 : isPortInterface: 0
MIG: 12:16:27 : isPortInterface: 0
MIG: 12:16:27 : isPortInterface: 0
MIG: 12:16:27 : isPortInterface: 0
MIG: 12:16:27 : isPortInterface: 0
MIG: 12:16:27 : isPortInterface: 0
MIG: 12:16:27 : isPortInterface: 0
MIG: 12:16:27 : isPortInterface: 0
MIG: 12:16:27 : isPortInterface: 0
MIG: 12:16:27 : isPortInterface: 0
MIG: 12:16:27 : isPortInterface: 0
MIG: 12:16:27 : isPortInterface: 0
MIG: 12:16:27 : isPortInterface: 0
MIG: 12:16:27 : isPortInterface: 0
MIG: 12:16:27 : isPortInterface: 0
MIG: 12:16:27 : isPortInterface: 0
MIG: 12:16:27 : isPortInterface: 0
MIG: 12:16:27 : isPortInterface: 0
MIG: 12:16:28 : isPortInterface: 0
MIG: 12:16:28 : isPortInterface: 0
MIG: 12:16:28 : isPortInterface: 0
MIG: 12:16:28 : isPortInterface: 0
MIG: 12:16:28 : isPortInterface: 0
MIG: 12:16:28 : isPortInterface: 0
MIG: 12:16:28 : isPortInterface: 0
MIG: 12:16:28 : isPortInterface: 0
MIG: 12:16:28 : isPortInterface: 0
MIG: 12:16:28 : isPortInterface: 0
MIG: 12:16:28 : isPortInterface: 0
MIG: 12:16:28 : isPortInterface: 0
MIG: 12:16:28 : isPortInterface: 0
MIG: 12:16:28 : isPortInterface: 0
MIG: 12:16:28 : isPortInterface: 0
MIG: 12:16:28 : isPortInterface: 0
MIG: 12:16:28 : isPortInterface: 0
MIG: 12:16:28 : isPortInterface: 0
MIG: 12:16:28 : isPortInterface: 0
MIG: 12:16:28 : isPortInterface: 0
MIG: 12:16:28 : isPortInterface: 0
MIG: 12:16:28 : isPortInterface: 0
MIG: 12:16:28 : isPortInterface: 0
MIG: 12:16:28 : isPortInterface: 0
MIG: 12:16:28 : isPortInterface: 0
MIG: 12:16:28 : isPortInterface: 0
MIG: 12:16:28 : isPortInterface: 0
MIG: 12:16:28 : isPortInterface: 0
MIG: 12:16:28 : isPortInterface: 0
MIG: 12:16:28 : isPortInterface: 0
MIG: 12:16:28 : isPortInterface: 0
MIG: 12:16:28 : isPortInterface: 0
MIG: 12:16:28 : isPortInterface: 0
MIG: 12:16:28 : isPortInterface: 0
MIG: 12:16:28 : isPortInterface: 0
MIG: 12:16:28 : isPortInterface: 0
MIG: 12:16:28 : isPortInterface: 0
MIG: 12:16:28 : isPortInterface: 0
MIG: 12:16:28 : isPortInterface: 0
MIG: 12:16:28 : isPortInterface: 0
MIG: 12:16:28 : isPortInterface: 0
MIG: 12:16:28 : isPortInterface: 0
MIG: 12:16:28 : isPortInterface: 0
MIG: 12:16:28 : isPortInterface: 0
MIG: 12:16:28 : isPortInterface: 0
MIG: 12:16:28 : isPortInterface: 0
MIG: 12:16:28 : isPortInterface: 0
MIG: 12:16:28 : isPortInterface: 0
MIG: 12:16:28 : isPortInterface: 0
MIG: 12:16:28 : isPortInterface: 0
MIG: 12:16:28 : isPortInterface: 0
MIG: 12:16:28 : isPortInterface: 0
MIG: 12:16:28 : isPortInterface: 0
MIG: 12:16:28 : isPortInterface: 0
MIG: 12:16:28 : isPortInterface: 0
MIG: 12:16:28 : isPortInterface: 0
MIG: 12:16:28 : isPortInterface: 0
MIG: 12:16:28 : isPortInterface: 0
MIG: 12:16:28 : isPortInterface: 0
MIG: 12:16:28 : isPortInterface: 0
MIG: 12:16:28 : isPortInterface: 0
MIG: 12:16:28 : isPortInterface: 0
MIG: 12:16:28 : isPortInterface: 0
MIG: 12:16:28 : isPortInterface: 0
MIG: 12:16:28 : isPortInterface: 0
MIG: 12:16:28 : isPortInterface: 0
MIG: 12:16:28 : isPortInterface: 0
MIG: 12:16:28 : isPortInterface: 0
MIG: 12:16:28 : isPortInterface: 0
MIG: 12:16:28 : isPortInterface: 0
MIG: 12:16:28 : isPortInterface: 0
MIG: 12:16:28 : isPortInterface: 0
MIG: 12:16:28 : isPortInterface: 0
MIG: 12:16:28 : isPortInterface: 0
MIG: 12:16:28 : isPortInterface: 0
MIG: 12:16:28 : isPortInterface: 0
MIG: 12:16:28 : isPortInterface: 0
MIG: 12:16:28 : isPortInterface: 0
MIG: 12:16:28 : isPortInterface: 0
MIG: 12:16:28 : isPortInterface: 0
MIG: 12:16:28 : isPortInterface: 0
MIG: 12:16:28 : isPortInterface: 0
MIG: 12:16:28 : isPortInterface: 0
MIG: 12:16:28 : isPortInterface: 0
MIG: 12:16:28 : isPortInterface: 0
MIG: 12:16:28 : isPortInterface: 0
MIG: 12:16:28 : isPortInterface: 0
MIG: 12:16:28 : isPortInterface: 0
MIG: 12:16:28 : isPortInterface: 0
MIG: 12:16:28 : isPortInterface: 0
MIG: 12:16:28 : isPortInterface: 0
MIG: 12:16:28 : isPortInterface: 1
MIG: 12:16:28 : isPortInterface: 0
MIG: 12:16:28 : isPortInterface: 0
MIG: 12:16:28 : isPortInterface: 0
MIG: 12:16:28 : isPortInterface: 0
MIG: 12:16:28 : isPortInterface: 0
MIG: 12:16:28 : isPortInterface: 0
MIG: 12:16:28 : isPortInterface: 0
MIG: 12:16:28 : isPortInterface: 0
MIG: 12:16:28 : isPortInterface: 0
MIG: 12:16:28 : isPortInterface: 0
MIG: 12:16:28 :  locked false  
MIG: 12:16:28 : HDL Language: Verilog
MIG: 12:16:28 : compInfo: false
MIG: 12:16:28 : Vivado Options xc7a100t csg324 -1
MIG: 12:16:28 : 1: xc7a100t 2: csg324 3: -1
MIG: 12:16:28 : relative mig path: coregen/ip/xilinx/other/com/xilinx/ip/mig_7series_v4_1/bin/nt64/mig.exe
MIG: 12:16:28 : xilinx_path: C:/Xilinx/Vivado/2018.2/ids_lite/ISE
MIG: 12:16:28 : I am in catch area
MIG: 12:16:28 : Running C:/Xilinx/Vivado/2018.2/ids_lite/ISE/coregen/ip/xilinx/other/com/xilinx/ip/mig_7series_v4_1/bin/nt64/mig.exe -cg_exc_inp d:/fpga_projects/xilinx/nexys_lin/nexys_lin.srcs/sources_1/bd/microblaze_top/ip/microblaze_top_mig_7series_0_1/xil_txt.in -cg_exc_out d:/fpga_projects/xilinx/nexys_lin/nexys_lin.srcs/sources_1/bd/microblaze_top/ip/microblaze_top_mig_7series_0_1/xil_txt.out ... 
MIG: 12:16:34 : XML_INPUT_FILE: d:/fpga_projects/xilinx/nexys_lin/nexys_lin.srcs/sources_1/bd/microblaze_top/ip/microblaze_top_mig_7series_0_1/board.prj
MIG: 12:16:34 : Component_Name: microblaze_top_mig_7series_0_1
MIG: 12:16:34 : Moving microblaze_top_mig_7series_0_1 ...
MIG: 12:16:34 : Moving microblaze_top_mig_7series_0_1.veo ...
MIG: 12:16:34 : Moving microblaze_top_mig_7series_0_1_xmdf.tcl ...
MIG: 12:16:35 : Running simulation.xit
MIG: 12:16:35 : IGN:     <ModuleName>design_1_mig_7series_0_2</ModuleName> <==>     <ModuleName>microblaze_top_mig_7series_0_1</ModuleName> 
MIG: 12:16:35 : ERR:     <Version>2.2</Version> <==>     <Version>4.1</Version> 
MIG: 12:16:35 : ################# RUNNING MIG BATCH ###################
MIG: 12:16:35 : Writing IN file for 'microblaze_top_mig_7series_0_1'...compDirPath: c:/Xilinx/Vivado/2018.2/data/ip/xilinx/mig_7series_v4_1... instDirPath: d:/fpga_projects/xilinx/nexys_lin/nexys_lin.srcs/sources_1/bd/microblaze_top/ip/microblaze_top_mig_7series_0_1
MIG: 12:16:35 : synp_flow:  -- synthesis_mode: Other
MIG: 12:16:35 : outputDirectory: d:/fpga_projects/xilinx/nexys_lin/nexys_lin.srcs/sources_1/bd/microblaze_top/ip/microblaze_top_mig_7series_0_1/_tmp/
MIG: 12:16:35 : vivado_mode: xpg_bd
MIG: 12:16:35 : isPortInterface: 0
MIG: 12:16:35 : isPortInterface: 0
MIG: 12:16:35 : isPortInterface: 0
MIG: 12:16:35 : isPortInterface: 0
MIG: 12:16:35 : isPortInterface: 0
MIG: 12:16:35 : isPortInterface: 0
MIG: 12:16:35 : isPortInterface: 0
MIG: 12:16:35 : isPortInterface: 0
MIG: 12:16:35 : isPortInterface: 0
MIG: 12:16:35 : isPortInterface: 0
MIG: 12:16:35 : isPortInterface: 0
MIG: 12:16:35 : isPortInterface: 0
MIG: 12:16:35 : isPortInterface: 0
MIG: 12:16:35 : isPortInterface: 0
MIG: 12:16:35 : isPortInterface: 0
MIG: 12:16:35 : isPortInterface: 0
MIG: 12:16:35 : isPortInterface: 0
MIG: 12:16:35 : isPortInterface: 0
MIG: 12:16:35 : isPortInterface: 0
MIG: 12:16:35 : isPortInterface: 0
MIG: 12:16:35 : isPortInterface: 0
MIG: 12:16:35 : isPortInterface: 0
MIG: 12:16:35 : isPortInterface: 0
MIG: 12:16:35 : isPortInterface: 0
MIG: 12:16:35 : isPortInterface: 0
MIG: 12:16:35 : isPortInterface: 0
MIG: 12:16:35 : isPortInterface: 0
MIG: 12:16:35 : isPortInterface: 0
MIG: 12:16:35 : isPortInterface: 0
MIG: 12:16:35 : isPortInterface: 0
MIG: 12:16:35 : isPortInterface: 0
MIG: 12:16:35 : isPortInterface: 0
MIG: 12:16:35 : isPortInterface: 0
MIG: 12:16:35 : isPortInterface: 0
MIG: 12:16:35 : isPortInterface: 0
MIG: 12:16:35 : isPortInterface: 0
MIG: 12:16:35 : isPortInterface: 0
MIG: 12:16:35 : isPortInterface: 0
MIG: 12:16:35 : isPortInterface: 0
MIG: 12:16:35 : isPortInterface: 0
MIG: 12:16:35 : isPortInterface: 0
MIG: 12:16:35 : isPortInterface: 0
MIG: 12:16:35 : isPortInterface: 0
MIG: 12:16:35 : isPortInterface: 0
MIG: 12:16:35 : isPortInterface: 0
MIG: 12:16:35 : isPortInterface: 0
MIG: 12:16:35 : isPortInterface: 0
MIG: 12:16:35 : isPortInterface: 0
MIG: 12:16:35 : isPortInterface: 0
MIG: 12:16:35 : isPortInterface: 0
MIG: 12:16:35 : isPortInterface: 0
MIG: 12:16:35 : isPortInterface: 0
MIG: 12:16:35 : isPortInterface: 0
MIG: 12:16:35 : isPortInterface: 0
MIG: 12:16:35 : isPortInterface: 0
MIG: 12:16:35 : isPortInterface: 0
MIG: 12:16:35 : isPortInterface: 0
MIG: 12:16:35 : isPortInterface: 0
MIG: 12:16:35 : isPortInterface: 0
MIG: 12:16:35 : isPortInterface: 0
MIG: 12:16:35 : isPortInterface: 0
MIG: 12:16:35 : isPortInterface: 0
MIG: 12:16:35 : isPortInterface: 0
MIG: 12:16:35 : isPortInterface: 0
MIG: 12:16:35 : isPortInterface: 0
MIG: 12:16:35 : isPortInterface: 0
MIG: 12:16:35 : isPortInterface: 0
MIG: 12:16:35 : isPortInterface: 0
MIG: 12:16:35 : isPortInterface: 0
MIG: 12:16:35 : isPortInterface: 0
MIG: 12:16:35 : isPortInterface: 0
MIG: 12:16:35 : isPortInterface: 0
MIG: 12:16:35 : isPortInterface: 0
MIG: 12:16:35 : isPortInterface: 0
MIG: 12:16:35 : isPortInterface: 0
MIG: 12:16:35 : isPortInterface: 0
MIG: 12:16:35 : isPortInterface: 0
MIG: 12:16:35 : isPortInterface: 0
MIG: 12:16:35 : isPortInterface: 0
MIG: 12:16:35 : isPortInterface: 0
MIG: 12:16:35 : isPortInterface: 0
MIG: 12:16:35 : isPortInterface: 0
MIG: 12:16:35 : isPortInterface: 0
MIG: 12:16:35 : isPortInterface: 0
MIG: 12:16:35 : isPortInterface: 0
MIG: 12:16:35 : isPortInterface: 0
MIG: 12:16:35 : isPortInterface: 0
MIG: 12:16:35 : isPortInterface: 0
MIG: 12:16:35 : isPortInterface: 0
MIG: 12:16:35 : isPortInterface: 0
MIG: 12:16:35 : isPortInterface: 0
MIG: 12:16:35 : isPortInterface: 0
MIG: 12:16:35 : isPortInterface: 0
MIG: 12:16:35 : isPortInterface: 0
MIG: 12:16:35 : isPortInterface: 0
MIG: 12:16:35 : isPortInterface: 0
MIG: 12:16:35 : isPortInterface: 0
MIG: 12:16:35 : isPortInterface: 0
MIG: 12:16:35 : isPortInterface: 0
MIG: 12:16:35 : isPortInterface: 0
MIG: 12:16:35 : isPortInterface: 0
MIG: 12:16:35 : isPortInterface: 0
MIG: 12:16:35 : isPortInterface: 0
MIG: 12:16:35 : isPortInterface: 0
MIG: 12:16:35 : isPortInterface: 0
MIG: 12:16:35 : isPortInterface: 0
MIG: 12:16:35 : isPortInterface: 0
MIG: 12:16:35 : isPortInterface: 0
MIG: 12:16:35 : isPortInterface: 0
MIG: 12:16:35 : isPortInterface: 0
MIG: 12:16:35 : isPortInterface: 0
MIG: 12:16:35 : isPortInterface: 0
MIG: 12:16:35 : isPortInterface: 0
MIG: 12:16:35 : isPortInterface: 0
MIG: 12:16:35 : isPortInterface: 0
MIG: 12:16:35 : isPortInterface: 0
MIG: 12:16:35 : isPortInterface: 0
MIG: 12:16:35 : isPortInterface: 1
MIG: 12:16:35 : isPortInterface: 0
MIG: 12:16:35 : isPortInterface: 0
MIG: 12:16:35 : isPortInterface: 0
MIG: 12:16:35 : isPortInterface: 0
MIG: 12:16:35 : isPortInterface: 0
MIG: 12:16:35 : isPortInterface: 0
MIG: 12:16:35 : isPortInterface: 0
MIG: 12:16:35 : isPortInterface: 0
MIG: 12:16:35 : isPortInterface: 0
MIG: 12:16:35 : isPortInterface: 0
MIG: 12:16:35 :  locked false  
MIG: 12:16:35 : HDL Language: Verilog
MIG: 12:16:35 : compInfo: false
MIG: 12:16:35 : Vivado Options xc7a100t csg324 -1
MIG: 12:16:35 : 1: xc7a100t 2: csg324 3: -1
MIG: 12:16:35 : relative mig path: coregen/ip/xilinx/other/com/xilinx/ip/mig_7series_v4_1/bin/nt64/mig.exe
MIG: 12:16:35 : xilinx_path: C:/Xilinx/Vivado/2018.2/ids_lite/ISE
MIG: 12:16:35 : I am in catch area
MIG: 12:16:35 : Running C:/Xilinx/Vivado/2018.2/ids_lite/ISE/coregen/ip/xilinx/other/com/xilinx/ip/mig_7series_v4_1/bin/nt64/mig.exe -cg_exc_inp d:/fpga_projects/xilinx/nexys_lin/nexys_lin.srcs/sources_1/bd/microblaze_top/ip/microblaze_top_mig_7series_0_1/xil_txt.in -cg_exc_out d:/fpga_projects/xilinx/nexys_lin/nexys_lin.srcs/sources_1/bd/microblaze_top/ip/microblaze_top_mig_7series_0_1/xil_txt.out ... 
MIG: 12:16:42 : XML_INPUT_FILE: d:/fpga_projects/xilinx/nexys_lin/nexys_lin.srcs/sources_1/bd/microblaze_top/ip/microblaze_top_mig_7series_0_1/board.prj
MIG: 12:16:42 : Component_Name: microblaze_top_mig_7series_0_1
MIG: 12:16:42 : Moving microblaze_top_mig_7series_0_1 ...
MIG: 12:16:42 : Moving microblaze_top_mig_7series_0_1.veo ...
MIG: 12:16:42 : Moving microblaze_top_mig_7series_0_1_xmdf.tcl ...
MIG: 12:16:42 : Running vlog_sim_rpr.xit .. PRASAD DBG1
MIG: 12:16:42 : IGN:     <ModuleName>design_1_mig_7series_0_2</ModuleName> <==>     <ModuleName>microblaze_top_mig_7series_0_1</ModuleName> 
MIG: 12:16:42 : ERR:     <Version>2.2</Version> <==>     <Version>4.1</Version> 
MIG: 12:16:42 : ################# RUNNING MIG BATCH ###################
MIG: 12:16:42 : Writing IN file for 'microblaze_top_mig_7series_0_1'...compDirPath: c:/Xilinx/Vivado/2018.2/data/ip/xilinx/mig_7series_v4_1... instDirPath: d:/fpga_projects/xilinx/nexys_lin/nexys_lin.srcs/sources_1/bd/microblaze_top/ip/microblaze_top_mig_7series_0_1
MIG: 12:16:42 : synp_flow:  -- synthesis_mode: Other
MIG: 12:16:42 : outputDirectory: d:/fpga_projects/xilinx/nexys_lin/nexys_lin.srcs/sources_1/bd/microblaze_top/ip/microblaze_top_mig_7series_0_1/_tmp/
MIG: 12:16:42 : vivado_mode: xpg_bd
MIG: 12:16:42 : isPortInterface: 0
MIG: 12:16:42 : isPortInterface: 0
MIG: 12:16:42 : isPortInterface: 0
MIG: 12:16:42 : isPortInterface: 0
MIG: 12:16:42 : isPortInterface: 0
MIG: 12:16:42 : isPortInterface: 0
MIG: 12:16:42 : isPortInterface: 0
MIG: 12:16:42 : isPortInterface: 0
MIG: 12:16:42 : isPortInterface: 0
MIG: 12:16:42 : isPortInterface: 0
MIG: 12:16:42 : isPortInterface: 0
MIG: 12:16:42 : isPortInterface: 0
MIG: 12:16:42 : isPortInterface: 0
MIG: 12:16:42 : isPortInterface: 0
MIG: 12:16:42 : isPortInterface: 0
MIG: 12:16:42 : isPortInterface: 0
MIG: 12:16:42 : isPortInterface: 0
MIG: 12:16:42 : isPortInterface: 0
MIG: 12:16:42 : isPortInterface: 0
MIG: 12:16:42 : isPortInterface: 0
MIG: 12:16:42 : isPortInterface: 0
MIG: 12:16:42 : isPortInterface: 0
MIG: 12:16:42 : isPortInterface: 0
MIG: 12:16:42 : isPortInterface: 0
MIG: 12:16:42 : isPortInterface: 0
MIG: 12:16:42 : isPortInterface: 0
MIG: 12:16:42 : isPortInterface: 0
MIG: 12:16:42 : isPortInterface: 0
MIG: 12:16:42 : isPortInterface: 0
MIG: 12:16:42 : isPortInterface: 0
MIG: 12:16:42 : isPortInterface: 0
MIG: 12:16:42 : isPortInterface: 0
MIG: 12:16:42 : isPortInterface: 0
MIG: 12:16:42 : isPortInterface: 0
MIG: 12:16:42 : isPortInterface: 0
MIG: 12:16:42 : isPortInterface: 0
MIG: 12:16:42 : isPortInterface: 0
MIG: 12:16:42 : isPortInterface: 0
MIG: 12:16:42 : isPortInterface: 0
MIG: 12:16:42 : isPortInterface: 0
MIG: 12:16:42 : isPortInterface: 0
MIG: 12:16:42 : isPortInterface: 0
MIG: 12:16:42 : isPortInterface: 0
MIG: 12:16:42 : isPortInterface: 0
MIG: 12:16:42 : isPortInterface: 0
MIG: 12:16:42 : isPortInterface: 0
MIG: 12:16:42 : isPortInterface: 0
MIG: 12:16:42 : isPortInterface: 0
MIG: 12:16:42 : isPortInterface: 0
MIG: 12:16:42 : isPortInterface: 0
MIG: 12:16:42 : isPortInterface: 0
MIG: 12:16:42 : isPortInterface: 0
MIG: 12:16:42 : isPortInterface: 0
MIG: 12:16:42 : isPortInterface: 0
MIG: 12:16:42 : isPortInterface: 0
MIG: 12:16:42 : isPortInterface: 0
MIG: 12:16:42 : isPortInterface: 0
MIG: 12:16:42 : isPortInterface: 0
MIG: 12:16:42 : isPortInterface: 0
MIG: 12:16:42 : isPortInterface: 0
MIG: 12:16:42 : isPortInterface: 0
MIG: 12:16:42 : isPortInterface: 0
MIG: 12:16:42 : isPortInterface: 0
MIG: 12:16:42 : isPortInterface: 0
MIG: 12:16:42 : isPortInterface: 0
MIG: 12:16:42 : isPortInterface: 0
MIG: 12:16:42 : isPortInterface: 0
MIG: 12:16:42 : isPortInterface: 0
MIG: 12:16:42 : isPortInterface: 0
MIG: 12:16:42 : isPortInterface: 0
MIG: 12:16:42 : isPortInterface: 0
MIG: 12:16:42 : isPortInterface: 0
MIG: 12:16:42 : isPortInterface: 0
MIG: 12:16:42 : isPortInterface: 0
MIG: 12:16:42 : isPortInterface: 0
MIG: 12:16:42 : isPortInterface: 0
MIG: 12:16:42 : isPortInterface: 0
MIG: 12:16:42 : isPortInterface: 0
MIG: 12:16:42 : isPortInterface: 0
MIG: 12:16:42 : isPortInterface: 0
MIG: 12:16:42 : isPortInterface: 0
MIG: 12:16:42 : isPortInterface: 0
MIG: 12:16:42 : isPortInterface: 0
MIG: 12:16:42 : isPortInterface: 0
MIG: 12:16:42 : isPortInterface: 0
MIG: 12:16:42 : isPortInterface: 0
MIG: 12:16:42 : isPortInterface: 0
MIG: 12:16:42 : isPortInterface: 0
MIG: 12:16:42 : isPortInterface: 0
MIG: 12:16:42 : isPortInterface: 0
MIG: 12:16:42 : isPortInterface: 0
MIG: 12:16:42 : isPortInterface: 0
MIG: 12:16:42 : isPortInterface: 0
MIG: 12:16:42 : isPortInterface: 0
MIG: 12:16:42 : isPortInterface: 0
MIG: 12:16:42 : isPortInterface: 0
MIG: 12:16:42 : isPortInterface: 0
MIG: 12:16:42 : isPortInterface: 0
MIG: 12:16:42 : isPortInterface: 0
MIG: 12:16:42 : isPortInterface: 0
MIG: 12:16:42 : isPortInterface: 0
MIG: 12:16:42 : isPortInterface: 0
MIG: 12:16:42 : isPortInterface: 0
MIG: 12:16:42 : isPortInterface: 0
MIG: 12:16:42 : isPortInterface: 0
MIG: 12:16:42 : isPortInterface: 0
MIG: 12:16:42 : isPortInterface: 0
MIG: 12:16:42 : isPortInterface: 0
MIG: 12:16:42 : isPortInterface: 0
MIG: 12:16:42 : isPortInterface: 0
MIG: 12:16:42 : isPortInterface: 0
MIG: 12:16:42 : isPortInterface: 0
MIG: 12:16:42 : isPortInterface: 0
MIG: 12:16:42 : isPortInterface: 0
MIG: 12:16:42 : isPortInterface: 0
MIG: 12:16:42 : isPortInterface: 0
MIG: 12:16:42 : isPortInterface: 0
MIG: 12:16:42 : isPortInterface: 1
MIG: 12:16:42 : isPortInterface: 0
MIG: 12:16:42 : isPortInterface: 0
MIG: 12:16:42 : isPortInterface: 0
MIG: 12:16:42 : isPortInterface: 0
MIG: 12:16:42 : isPortInterface: 0
MIG: 12:16:42 : isPortInterface: 0
MIG: 12:16:42 : isPortInterface: 0
MIG: 12:16:42 : isPortInterface: 0
MIG: 12:16:42 : isPortInterface: 0
MIG: 12:16:42 : isPortInterface: 0
MIG: 12:16:42 :  locked false  
MIG: 12:16:42 : HDL Language: Verilog
MIG: 12:16:42 : compInfo: false
MIG: 12:16:42 : Vivado Options xc7a100t csg324 -1
MIG: 12:16:42 : 1: xc7a100t 2: csg324 3: -1
MIG: 12:16:42 : relative mig path: coregen/ip/xilinx/other/com/xilinx/ip/mig_7series_v4_1/bin/nt64/mig.exe
MIG: 12:16:42 : xilinx_path: C:/Xilinx/Vivado/2018.2/ids_lite/ISE
MIG: 12:16:42 : I am in catch area
MIG: 12:16:42 : Running C:/Xilinx/Vivado/2018.2/ids_lite/ISE/coregen/ip/xilinx/other/com/xilinx/ip/mig_7series_v4_1/bin/nt64/mig.exe -cg_exc_inp d:/fpga_projects/xilinx/nexys_lin/nexys_lin.srcs/sources_1/bd/microblaze_top/ip/microblaze_top_mig_7series_0_1/xil_txt.in -cg_exc_out d:/fpga_projects/xilinx/nexys_lin/nexys_lin.srcs/sources_1/bd/microblaze_top/ip/microblaze_top_mig_7series_0_1/xil_txt.out ... 
MIG: 12:16:49 : XML_INPUT_FILE: d:/fpga_projects/xilinx/nexys_lin/nexys_lin.srcs/sources_1/bd/microblaze_top/ip/microblaze_top_mig_7series_0_1/board.prj
MIG: 12:16:49 : Component_Name: microblaze_top_mig_7series_0_1
MIG: 12:16:49 : Moving microblaze_top_mig_7series_0_1 ...
MIG: 12:16:49 : Moving microblaze_top_mig_7series_0_1.veo ...
MIG: 12:16:49 : Moving microblaze_top_mig_7series_0_1_xmdf.tcl ...
MIG: 12:16:49 : Running implementation.xit
MIG: 12:16:49 : IGN:     <ModuleName>design_1_mig_7series_0_2</ModuleName> <==>     <ModuleName>microblaze_top_mig_7series_0_1</ModuleName> 
MIG: 12:16:49 : ERR:     <Version>2.2</Version> <==>     <Version>4.1</Version> 
MIG: 12:16:49 : ################# RUNNING MIG BATCH ###################
MIG: 12:16:49 : Writing IN file for 'microblaze_top_mig_7series_0_1'...compDirPath: c:/Xilinx/Vivado/2018.2/data/ip/xilinx/mig_7series_v4_1... instDirPath: d:/fpga_projects/xilinx/nexys_lin/nexys_lin.srcs/sources_1/bd/microblaze_top/ip/microblaze_top_mig_7series_0_1
MIG: 12:16:49 : synp_flow:  -- synthesis_mode: Other
MIG: 12:16:49 : outputDirectory: d:/fpga_projects/xilinx/nexys_lin/nexys_lin.srcs/sources_1/bd/microblaze_top/ip/microblaze_top_mig_7series_0_1/_tmp/
MIG: 12:16:49 : vivado_mode: xpg_bd
MIG: 12:16:49 : isPortInterface: 0
MIG: 12:16:49 : isPortInterface: 0
MIG: 12:16:49 : isPortInterface: 0
MIG: 12:16:49 : isPortInterface: 0
MIG: 12:16:49 : isPortInterface: 0
MIG: 12:16:49 : isPortInterface: 0
MIG: 12:16:49 : isPortInterface: 0
MIG: 12:16:49 : isPortInterface: 0
MIG: 12:16:49 : isPortInterface: 0
MIG: 12:16:49 : isPortInterface: 0
MIG: 12:16:49 : isPortInterface: 0
MIG: 12:16:49 : isPortInterface: 0
MIG: 12:16:49 : isPortInterface: 0
MIG: 12:16:49 : isPortInterface: 0
MIG: 12:16:49 : isPortInterface: 0
MIG: 12:16:49 : isPortInterface: 0
MIG: 12:16:49 : isPortInterface: 0
MIG: 12:16:49 : isPortInterface: 0
MIG: 12:16:49 : isPortInterface: 0
MIG: 12:16:49 : isPortInterface: 0
MIG: 12:16:49 : isPortInterface: 0
MIG: 12:16:49 : isPortInterface: 0
MIG: 12:16:49 : isPortInterface: 0
MIG: 12:16:49 : isPortInterface: 0
MIG: 12:16:49 : isPortInterface: 0
MIG: 12:16:49 : isPortInterface: 0
MIG: 12:16:49 : isPortInterface: 0
MIG: 12:16:49 : isPortInterface: 0
MIG: 12:16:49 : isPortInterface: 0
MIG: 12:16:49 : isPortInterface: 0
MIG: 12:16:49 : isPortInterface: 0
MIG: 12:16:49 : isPortInterface: 0
MIG: 12:16:49 : isPortInterface: 0
MIG: 12:16:49 : isPortInterface: 0
MIG: 12:16:49 : isPortInterface: 0
MIG: 12:16:49 : isPortInterface: 0
MIG: 12:16:49 : isPortInterface: 0
MIG: 12:16:49 : isPortInterface: 0
MIG: 12:16:49 : isPortInterface: 0
MIG: 12:16:49 : isPortInterface: 0
MIG: 12:16:49 : isPortInterface: 0
MIG: 12:16:49 : isPortInterface: 0
MIG: 12:16:49 : isPortInterface: 0
MIG: 12:16:49 : isPortInterface: 0
MIG: 12:16:49 : isPortInterface: 0
MIG: 12:16:49 : isPortInterface: 0
MIG: 12:16:49 : isPortInterface: 0
MIG: 12:16:49 : isPortInterface: 0
MIG: 12:16:49 : isPortInterface: 0
MIG: 12:16:49 : isPortInterface: 0
MIG: 12:16:49 : isPortInterface: 0
MIG: 12:16:49 : isPortInterface: 0
MIG: 12:16:49 : isPortInterface: 0
MIG: 12:16:49 : isPortInterface: 0
MIG: 12:16:49 : isPortInterface: 0
MIG: 12:16:49 : isPortInterface: 0
MIG: 12:16:49 : isPortInterface: 0
MIG: 12:16:49 : isPortInterface: 0
MIG: 12:16:49 : isPortInterface: 0
MIG: 12:16:49 : isPortInterface: 0
MIG: 12:16:49 : isPortInterface: 0
MIG: 12:16:49 : isPortInterface: 0
MIG: 12:16:49 : isPortInterface: 0
MIG: 12:16:49 : isPortInterface: 0
MIG: 12:16:49 : isPortInterface: 0
MIG: 12:16:49 : isPortInterface: 0
MIG: 12:16:49 : isPortInterface: 0
MIG: 12:16:49 : isPortInterface: 0
MIG: 12:16:49 : isPortInterface: 0
MIG: 12:16:49 : isPortInterface: 0
MIG: 12:16:49 : isPortInterface: 0
MIG: 12:16:49 : isPortInterface: 0
MIG: 12:16:49 : isPortInterface: 0
MIG: 12:16:49 : isPortInterface: 0
MIG: 12:16:49 : isPortInterface: 0
MIG: 12:16:49 : isPortInterface: 0
MIG: 12:16:49 : isPortInterface: 0
MIG: 12:16:49 : isPortInterface: 0
MIG: 12:16:49 : isPortInterface: 0
MIG: 12:16:49 : isPortInterface: 0
MIG: 12:16:49 : isPortInterface: 0
MIG: 12:16:49 : isPortInterface: 0
MIG: 12:16:49 : isPortInterface: 0
MIG: 12:16:49 : isPortInterface: 0
MIG: 12:16:49 : isPortInterface: 0
MIG: 12:16:49 : isPortInterface: 0
MIG: 12:16:49 : isPortInterface: 0
MIG: 12:16:49 : isPortInterface: 0
MIG: 12:16:49 : isPortInterface: 0
MIG: 12:16:49 : isPortInterface: 0
MIG: 12:16:49 : isPortInterface: 0
MIG: 12:16:49 : isPortInterface: 0
MIG: 12:16:49 : isPortInterface: 0
MIG: 12:16:49 : isPortInterface: 0
MIG: 12:16:49 : isPortInterface: 0
MIG: 12:16:49 : isPortInterface: 0
MIG: 12:16:49 : isPortInterface: 0
MIG: 12:16:49 : isPortInterface: 0
MIG: 12:16:49 : isPortInterface: 0
MIG: 12:16:49 : isPortInterface: 0
MIG: 12:16:49 : isPortInterface: 0
MIG: 12:16:49 : isPortInterface: 0
MIG: 12:16:49 : isPortInterface: 0
MIG: 12:16:49 : isPortInterface: 0
MIG: 12:16:49 : isPortInterface: 0
MIG: 12:16:49 : isPortInterface: 0
MIG: 12:16:49 : isPortInterface: 0
MIG: 12:16:49 : isPortInterface: 0
MIG: 12:16:49 : isPortInterface: 0
MIG: 12:16:49 : isPortInterface: 0
MIG: 12:16:49 : isPortInterface: 0
MIG: 12:16:49 : isPortInterface: 0
MIG: 12:16:49 : isPortInterface: 0
MIG: 12:16:49 : isPortInterface: 0
MIG: 12:16:49 : isPortInterface: 0
MIG: 12:16:49 : isPortInterface: 0
MIG: 12:16:49 : isPortInterface: 0
MIG: 12:16:49 : isPortInterface: 1
MIG: 12:16:49 : isPortInterface: 0
MIG: 12:16:49 : isPortInterface: 0
MIG: 12:16:49 : isPortInterface: 0
MIG: 12:16:49 : isPortInterface: 0
MIG: 12:16:49 : isPortInterface: 0
MIG: 12:16:49 : isPortInterface: 0
MIG: 12:16:49 : isPortInterface: 0
MIG: 12:16:49 : isPortInterface: 0
MIG: 12:16:49 : isPortInterface: 0
MIG: 12:16:49 : isPortInterface: 0
MIG: 12:16:49 :  locked false  
MIG: 12:16:49 : HDL Language: Verilog
MIG: 12:16:49 : compInfo: false
MIG: 12:16:49 : Vivado Options xc7a100t csg324 -1
MIG: 12:16:49 : 1: xc7a100t 2: csg324 3: -1
MIG: 12:16:49 : relative mig path: coregen/ip/xilinx/other/com/xilinx/ip/mig_7series_v4_1/bin/nt64/mig.exe
MIG: 12:16:49 : xilinx_path: C:/Xilinx/Vivado/2018.2/ids_lite/ISE
MIG: 12:16:49 : I am in catch area
MIG: 12:16:49 : Running C:/Xilinx/Vivado/2018.2/ids_lite/ISE/coregen/ip/xilinx/other/com/xilinx/ip/mig_7series_v4_1/bin/nt64/mig.exe -cg_exc_inp d:/fpga_projects/xilinx/nexys_lin/nexys_lin.srcs/sources_1/bd/microblaze_top/ip/microblaze_top_mig_7series_0_1/xil_txt.in -cg_exc_out d:/fpga_projects/xilinx/nexys_lin/nexys_lin.srcs/sources_1/bd/microblaze_top/ip/microblaze_top_mig_7series_0_1/xil_txt.out ... 
MIG: 12:16:56 : XML_INPUT_FILE: d:/fpga_projects/xilinx/nexys_lin/nexys_lin.srcs/sources_1/bd/microblaze_top/ip/microblaze_top_mig_7series_0_1/board.prj
MIG: 12:16:56 : Component_Name: microblaze_top_mig_7series_0_1
MIG: 12:16:56 : Moving microblaze_top_mig_7series_0_1 ...
MIG: 12:16:56 : Moving microblaze_top_mig_7series_0_1.veo ...
MIG: 12:16:56 : Moving microblaze_top_mig_7series_0_1_xmdf.tcl ...
