20:40:59 INFO  : Registering command handlers for SDK TCF services
20:41:00 INFO  : Launching XSCT server: xsct.bat -interactive D:\fpga_projects\xilinx\nexys_sdcard\nexys_lin\nexys_lin.sdk\temp_xsdb_launch_script.tcl
20:41:02 INFO  : XSCT server has started successfully.
20:41:03 INFO  : Successfully done setting XSCT server connection channel  
20:41:03 INFO  : Successfully done setting SDK workspace  
20:41:03 INFO  : Processing command line option -hwspec D:/fpga_projects/xilinx/nexys_sdcard/nexys_lin/nexys_lin.sdk/microblaze_top_wrapper.hdf.
20:53:14 INFO  : 'targets -set -filter {jtag_cable_name =~ "Digilent Nexys4DDR 210292A8B6EFA" && level==0} -index 0' command is executed.
20:53:14 INFO  : 'fpga -state' command is executed.
20:53:45 INFO  : Connected to target on host '127.0.0.1' and port '3121'.
20:53:45 INFO  : 'targets -set -filter {jtag_cable_name =~ "Digilent Nexys4DDR 210292A8B6EFA" && level==0} -index 0' command is executed.
20:53:47 INFO  : FPGA configured successfully with bitstream "D:/fpga_projects/xilinx/nexys_sdcard/nexys_lin/nexys_lin.sdk/microblaze_top_wrapper_hw_platform_0/download.bit"
20:54:11 INFO  : 'targets -set -filter {jtag_cable_name =~ "Digilent Nexys4DDR 210292A8B6EFA" && level==0} -index 0' command is executed.
20:54:11 INFO  : 'fpga -state' command is executed.
20:54:11 INFO  : Connected to target on host '127.0.0.1' and port '3121'.
20:54:11 INFO  : Jtag cable 'Digilent Nexys4DDR 210292A8B6EFA' is selected.
20:54:11 INFO  : 'jtag frequency' command is executed.
20:54:11 INFO  : 'configparams mdm-detect-bscan-mask 2' command is executed.
20:54:11 INFO  : Context for processor 'microblaze_0' is selected.
20:54:11 INFO  : Processor reset is completed for 'microblaze_0'.
20:54:11 INFO  : Context for processor 'microblaze_0' is selected.
20:54:12 INFO  : The application 'D:/fpga_projects/xilinx/nexys_sdcard/nexys_lin/nexys_lin.sdk/check_sd/Debug/check_sd.elf' is downloaded to processor 'microblaze_0'.
20:54:12 INFO  : ----------------XSDB Script----------------
connect -url tcp:127.0.0.1:3121
configparams mdm-detect-bscan-mask 2
targets -set -nocase -filter {name =~ "microblaze*#0" && bscan=="USER2"  && jtag_cable_name =~ "Digilent Nexys4DDR 210292A8B6EFA"} -index 0
rst -processor
targets -set -nocase -filter {name =~ "microblaze*#0" && bscan=="USER2"  && jtag_cable_name =~ "Digilent Nexys4DDR 210292A8B6EFA"} -index 0
dow D:/fpga_projects/xilinx/nexys_sdcard/nexys_lin/nexys_lin.sdk/check_sd/Debug/check_sd.elf
----------------End of Script----------------

20:54:12 INFO  : Memory regions updated for context PA
20:54:12 INFO  : Memory regions updated for context PA
20:54:12 INFO  : Context for processor 'microblaze_0' is selected.
20:54:12 INFO  : 'con' command is executed.
20:54:12 INFO  : ----------------XSDB Script (After Launch)----------------
targets -set -nocase -filter {name =~ "microblaze*#0" && bscan=="USER2"  && jtag_cable_name =~ "Digilent Nexys4DDR 210292A8B6EFA"} -index 0
con
----------------End of Script----------------

20:54:12 INFO  : Launch script is exported to file 'D:\fpga_projects\xilinx\nexys_sdcard\nexys_lin\nexys_lin.sdk\.sdk\launch_scripts\xilinx_c-c++_application_(system_debugger)\system_debugger_using_debug_check_sd.elf_on_local.tcl'
20:54:36 INFO  : Connected to target on host '127.0.0.1' and port '3121'.
20:54:57 INFO  : Disconnected from the channel tcfchan#1.
20:54:59 INFO  : 'targets -set -filter {jtag_cable_name =~ "Digilent Nexys4DDR 210292A8B6EFA" && level==0} -index 0' command is executed.
20:54:59 INFO  : 'fpga -state' command is executed.
20:54:59 INFO  : Connected to target on host '127.0.0.1' and port '3121'.
20:54:59 INFO  : Jtag cable 'Digilent Nexys4DDR 210292A8B6EFA' is selected.
20:54:59 INFO  : 'jtag frequency' command is executed.
20:54:59 INFO  : 'configparams mdm-detect-bscan-mask 2' command is executed.
20:54:59 INFO  : Context for processor 'microblaze_0' is selected.
20:54:59 INFO  : Processor reset is completed for 'microblaze_0'.
20:54:59 INFO  : Context for processor 'microblaze_0' is selected.
20:54:59 INFO  : The application 'D:/fpga_projects/xilinx/nexys_sdcard/nexys_lin/nexys_lin.sdk/check_sd/Debug/check_sd.elf' is downloaded to processor 'microblaze_0'.
20:54:59 INFO  : ----------------XSDB Script----------------
connect -url tcp:127.0.0.1:3121
configparams mdm-detect-bscan-mask 2
targets -set -nocase -filter {name =~ "microblaze*#0" && bscan=="USER2"  && jtag_cable_name =~ "Digilent Nexys4DDR 210292A8B6EFA"} -index 0
rst -processor
targets -set -nocase -filter {name =~ "microblaze*#0" && bscan=="USER2"  && jtag_cable_name =~ "Digilent Nexys4DDR 210292A8B6EFA"} -index 0
dow D:/fpga_projects/xilinx/nexys_sdcard/nexys_lin/nexys_lin.sdk/check_sd/Debug/check_sd.elf
----------------End of Script----------------

20:54:59 INFO  : Memory regions updated for context PA
20:54:59 INFO  : Memory regions updated for context PA
20:54:59 INFO  : Context for processor 'microblaze_0' is selected.
20:54:59 INFO  : 'con' command is executed.
20:54:59 INFO  : ----------------XSDB Script (After Launch)----------------
targets -set -nocase -filter {name =~ "microblaze*#0" && bscan=="USER2"  && jtag_cable_name =~ "Digilent Nexys4DDR 210292A8B6EFA"} -index 0
con
----------------End of Script----------------

20:54:59 INFO  : Launch script is exported to file 'D:\fpga_projects\xilinx\nexys_sdcard\nexys_lin\nexys_lin.sdk\.sdk\launch_scripts\xilinx_c-c++_application_(system_debugger)\system_debugger_using_debug_check_sd.elf_on_local.tcl'
20:58:08 INFO  : Disconnected from the channel tcfchan#2.
20:58:30 INFO  : 'targets -set -filter {jtag_cable_name =~ "Digilent Nexys4DDR 210292A8B6EFA" && level==0} -index 0' command is executed.
20:58:30 INFO  : 'fpga -state' command is executed.
20:58:30 INFO  : Connected to target on host '127.0.0.1' and port '3121'.
20:58:30 INFO  : Jtag cable 'Digilent Nexys4DDR 210292A8B6EFA' is selected.
20:58:30 INFO  : 'jtag frequency' command is executed.
20:58:30 INFO  : 'configparams mdm-detect-bscan-mask 2' command is executed.
20:58:30 INFO  : Context for processor 'microblaze_0' is selected.
20:58:30 INFO  : Processor reset is completed for 'microblaze_0'.
20:58:30 INFO  : Context for processor 'microblaze_0' is selected.
20:58:31 INFO  : The application 'D:/fpga_projects/xilinx/nexys_sdcard/nexys_lin/nexys_lin.sdk/hw/Debug/hw.elf' is downloaded to processor 'microblaze_0'.
20:58:31 INFO  : ----------------XSDB Script----------------
connect -url tcp:127.0.0.1:3121
configparams mdm-detect-bscan-mask 2
targets -set -nocase -filter {name =~ "microblaze*#0" && bscan=="USER2"  && jtag_cable_name =~ "Digilent Nexys4DDR 210292A8B6EFA"} -index 0
rst -processor
targets -set -nocase -filter {name =~ "microblaze*#0" && bscan=="USER2"  && jtag_cable_name =~ "Digilent Nexys4DDR 210292A8B6EFA"} -index 0
dow D:/fpga_projects/xilinx/nexys_sdcard/nexys_lin/nexys_lin.sdk/hw/Debug/hw.elf
----------------End of Script----------------

20:58:31 INFO  : Memory regions updated for context PA
20:58:31 INFO  : Memory regions updated for context PA
20:58:31 INFO  : Context for processor 'microblaze_0' is selected.
20:58:31 INFO  : 'con' command is executed.
20:58:31 INFO  : ----------------XSDB Script (After Launch)----------------
targets -set -nocase -filter {name =~ "microblaze*#0" && bscan=="USER2"  && jtag_cable_name =~ "Digilent Nexys4DDR 210292A8B6EFA"} -index 0
con
----------------End of Script----------------

20:58:31 INFO  : Launch script is exported to file 'D:\fpga_projects\xilinx\nexys_sdcard\nexys_lin\nexys_lin.sdk\.sdk\launch_scripts\xilinx_c-c++_application_(system_debugger)\system_debugger_using_debug_hw.elf_on_local.tcl'
21:00:26 INFO  : Disconnected from the channel tcfchan#3.
21:00:27 INFO  : 'targets -set -filter {jtag_cable_name =~ "Digilent Nexys4DDR 210292A8B6EFA" && level==0} -index 0' command is executed.
21:00:27 INFO  : 'fpga -state' command is executed.
21:00:27 INFO  : Connected to target on host '127.0.0.1' and port '3121'.
21:00:27 INFO  : Jtag cable 'Digilent Nexys4DDR 210292A8B6EFA' is selected.
21:00:27 INFO  : 'jtag frequency' command is executed.
21:00:27 INFO  : 'configparams mdm-detect-bscan-mask 2' command is executed.
21:00:27 INFO  : Context for processor 'microblaze_0' is selected.
21:00:27 INFO  : Processor reset is completed for 'microblaze_0'.
21:00:27 INFO  : Context for processor 'microblaze_0' is selected.
21:00:27 INFO  : The application 'D:/fpga_projects/xilinx/nexys_sdcard/nexys_lin/nexys_lin.sdk/hw/Debug/hw.elf' is downloaded to processor 'microblaze_0'.
21:00:27 INFO  : ----------------XSDB Script----------------
connect -url tcp:127.0.0.1:3121
configparams mdm-detect-bscan-mask 2
targets -set -nocase -filter {name =~ "microblaze*#0" && bscan=="USER2"  && jtag_cable_name =~ "Digilent Nexys4DDR 210292A8B6EFA"} -index 0
rst -processor
targets -set -nocase -filter {name =~ "microblaze*#0" && bscan=="USER2"  && jtag_cable_name =~ "Digilent Nexys4DDR 210292A8B6EFA"} -index 0
dow D:/fpga_projects/xilinx/nexys_sdcard/nexys_lin/nexys_lin.sdk/hw/Debug/hw.elf
----------------End of Script----------------

21:00:27 INFO  : Memory regions updated for context PA
21:00:27 INFO  : Memory regions updated for context PA
21:00:27 INFO  : Context for processor 'microblaze_0' is selected.
21:00:27 INFO  : 'con' command is executed.
21:00:27 INFO  : ----------------XSDB Script (After Launch)----------------
targets -set -nocase -filter {name =~ "microblaze*#0" && bscan=="USER2"  && jtag_cable_name =~ "Digilent Nexys4DDR 210292A8B6EFA"} -index 0
con
----------------End of Script----------------

21:00:27 INFO  : Launch script is exported to file 'D:\fpga_projects\xilinx\nexys_sdcard\nexys_lin\nexys_lin.sdk\.sdk\launch_scripts\xilinx_c-c++_application_(system_debugger)\system_debugger_using_debug_hw.elf_on_local.tcl'
21:01:45 INFO  : Disconnected from the channel tcfchan#4.
21:01:46 INFO  : Connected to target on host '127.0.0.1' and port '3121'.
21:01:46 INFO  : Jtag cable 'Digilent Nexys4DDR 210292A8B6EFA' is selected.
21:01:46 INFO  : 'jtag frequency' command is executed.
21:01:46 INFO  : 'targets -set -filter {jtag_cable_name =~ "Digilent Nexys4DDR 210292A8B6EFA" && level==0} -index 0' command is executed.
21:01:48 INFO  : FPGA configured successfully with bitstream "D:/fpga_projects/xilinx/lab_gpio_ddr/system_wrapper.bit"
21:01:48 INFO  : 'configparams mdm-detect-bscan-mask 2' command is executed.
21:01:48 INFO  : Context for processor 'microblaze_0' is selected.
21:01:48 INFO  : System reset is completed.
21:01:51 INFO  : 'after 3000' command is executed.
21:01:51 INFO  : Context for processor 'microblaze_0' is selected.
21:01:51 INFO  : The application 'D:/fpga_projects/xilinx/nexys_sdcard/nexys_lin/nexys_lin.sdk/hw/Debug/hw.elf' is downloaded to processor 'microblaze_0'.
21:01:51 INFO  : ----------------XSDB Script----------------
connect -url tcp:127.0.0.1:3121
targets -set -filter {jtag_cable_name =~ "Digilent Nexys4DDR 210292A8B6EFA" && level==0} -index 0
fpga -file D:/fpga_projects/xilinx/lab_gpio_ddr/system_wrapper.bit
configparams mdm-detect-bscan-mask 2
targets -set -nocase -filter {name =~ "microblaze*#0" && bscan=="USER2"  && jtag_cable_name =~ "Digilent Nexys4DDR 210292A8B6EFA"} -index 0
rst -system
after 3000
targets -set -nocase -filter {name =~ "microblaze*#0" && bscan=="USER2"  && jtag_cable_name =~ "Digilent Nexys4DDR 210292A8B6EFA"} -index 0
dow D:/fpga_projects/xilinx/nexys_sdcard/nexys_lin/nexys_lin.sdk/hw/Debug/hw.elf
----------------End of Script----------------

21:01:51 INFO  : Memory regions updated for context PA
21:01:51 INFO  : Memory regions updated for context PA
21:01:51 INFO  : Context for processor 'microblaze_0' is selected.
21:01:51 INFO  : 'con' command is executed.
21:01:51 INFO  : ----------------XSDB Script (After Launch)----------------
targets -set -nocase -filter {name =~ "microblaze*#0" && bscan=="USER2"  && jtag_cable_name =~ "Digilent Nexys4DDR 210292A8B6EFA"} -index 0
con
----------------End of Script----------------

21:01:51 INFO  : Launch script is exported to file 'D:\fpga_projects\xilinx\nexys_sdcard\nexys_lin\nexys_lin.sdk\.sdk\launch_scripts\xilinx_c-c++_application_(system_debugger)\system_debugger_using_debug_hw.elf_on_local.tcl'
21:02:06 INFO  : Disconnected from the channel tcfchan#5.
21:02:16 INFO  : Connected to target on host '127.0.0.1' and port '3121'.
21:02:17 INFO  : Jtag cable 'Digilent Nexys4DDR 210292A8B6EFA' is selected.
21:02:17 INFO  : 'jtag frequency' command is executed.
21:02:17 INFO  : 'targets -set -filter {jtag_cable_name =~ "Digilent Nexys4DDR 210292A8B6EFA" && level==0} -index 0' command is executed.
21:02:19 INFO  : FPGA configured successfully with bitstream "D:/fpga_projects/xilinx/lab_gpio_ddr/system_wrapper.bit"
21:02:19 INFO  : 'configparams mdm-detect-bscan-mask 2' command is executed.
21:02:19 INFO  : Context for processor 'microblaze_0' is selected.
21:02:19 INFO  : System reset is completed.
21:02:22 INFO  : 'after 3000' command is executed.
21:02:22 INFO  : Context for processor 'microblaze_0' is selected.
21:02:22 INFO  : The application 'D:/fpga_projects/xilinx/nexys_sdcard/nexys_lin/nexys_lin.sdk/hw/Debug/hw.elf' is downloaded to processor 'microblaze_0'.
21:02:22 INFO  : ----------------XSDB Script----------------
connect -url tcp:127.0.0.1:3121
targets -set -filter {jtag_cable_name =~ "Digilent Nexys4DDR 210292A8B6EFA" && level==0} -index 0
fpga -file D:/fpga_projects/xilinx/lab_gpio_ddr/system_wrapper.bit
configparams mdm-detect-bscan-mask 2
targets -set -nocase -filter {name =~ "microblaze*#0" && bscan=="USER2"  && jtag_cable_name =~ "Digilent Nexys4DDR 210292A8B6EFA"} -index 0
rst -system
after 3000
targets -set -nocase -filter {name =~ "microblaze*#0" && bscan=="USER2"  && jtag_cable_name =~ "Digilent Nexys4DDR 210292A8B6EFA"} -index 0
dow D:/fpga_projects/xilinx/nexys_sdcard/nexys_lin/nexys_lin.sdk/hw/Debug/hw.elf
----------------End of Script----------------

21:02:22 INFO  : Memory regions updated for context PA
21:02:22 INFO  : Memory regions updated for context PA
21:02:22 INFO  : Context for processor 'microblaze_0' is selected.
21:02:22 INFO  : 'con' command is executed.
21:02:22 INFO  : ----------------XSDB Script (After Launch)----------------
targets -set -nocase -filter {name =~ "microblaze*#0" && bscan=="USER2"  && jtag_cable_name =~ "Digilent Nexys4DDR 210292A8B6EFA"} -index 0
con
----------------End of Script----------------

21:02:22 INFO  : Launch script is exported to file 'D:\fpga_projects\xilinx\nexys_sdcard\nexys_lin\nexys_lin.sdk\.sdk\launch_scripts\xilinx_c-c++_application_(system_debugger)\system_debugger_using_debug_hw.elf_on_local.tcl'
21:02:30 INFO  : Disconnected from the channel tcfchan#6.
21:02:51 INFO  : Connected to target on host '127.0.0.1' and port '3121'.
21:02:51 INFO  : Jtag cable 'Digilent Nexys4DDR 210292A8B6EFA' is selected.
21:02:51 INFO  : 'jtag frequency' command is executed.
21:02:51 INFO  : 'targets -set -filter {jtag_cable_name =~ "Digilent Nexys4DDR 210292A8B6EFA" && level==0} -index 0' command is executed.
21:02:53 INFO  : FPGA configured successfully with bitstream "D:/fpga_projects/xilinx/nexys_sdcard/nexys_lin/nexys_lin.sdk/microblaze_top_wrapper_hw_platform_0/microblaze_top_wrapper.bit"
21:02:53 INFO  : 'configparams mdm-detect-bscan-mask 2' command is executed.
21:02:54 INFO  : Context for processor 'microblaze_0' is selected.
21:02:54 INFO  : System reset is completed.
21:02:57 INFO  : 'after 3000' command is executed.
21:02:57 INFO  : Context for processor 'microblaze_0' is selected.
21:02:57 INFO  : The application 'D:/fpga_projects/xilinx/nexys_sdcard/nexys_lin/nexys_lin.sdk/check_sd/Debug/check_sd.elf' is downloaded to processor 'microblaze_0'.
21:02:57 INFO  : ----------------XSDB Script----------------
connect -url tcp:127.0.0.1:3121
targets -set -filter {jtag_cable_name =~ "Digilent Nexys4DDR 210292A8B6EFA" && level==0} -index 0
fpga -file D:/fpga_projects/xilinx/nexys_sdcard/nexys_lin/nexys_lin.sdk/microblaze_top_wrapper_hw_platform_0/microblaze_top_wrapper.bit
configparams mdm-detect-bscan-mask 2
targets -set -nocase -filter {name =~ "microblaze*#0" && bscan=="USER2"  && jtag_cable_name =~ "Digilent Nexys4DDR 210292A8B6EFA"} -index 0
rst -system
after 3000
targets -set -nocase -filter {name =~ "microblaze*#0" && bscan=="USER2"  && jtag_cable_name =~ "Digilent Nexys4DDR 210292A8B6EFA"} -index 0
dow D:/fpga_projects/xilinx/nexys_sdcard/nexys_lin/nexys_lin.sdk/check_sd/Debug/check_sd.elf
----------------End of Script----------------

21:02:57 INFO  : Memory regions updated for context PA
21:02:57 INFO  : Memory regions updated for context PA
21:02:57 INFO  : Context for processor 'microblaze_0' is selected.
21:02:57 INFO  : 'con' command is executed.
21:02:57 INFO  : ----------------XSDB Script (After Launch)----------------
targets -set -nocase -filter {name =~ "microblaze*#0" && bscan=="USER2"  && jtag_cable_name =~ "Digilent Nexys4DDR 210292A8B6EFA"} -index 0
con
----------------End of Script----------------

21:02:57 INFO  : Launch script is exported to file 'D:\fpga_projects\xilinx\nexys_sdcard\nexys_lin\nexys_lin.sdk\.sdk\launch_scripts\xilinx_c-c++_application_(system_debugger)\system_debugger_using_debug_check_sd.elf_on_local.tcl'
21:03:54 INFO  : Disconnected from the channel tcfchan#7.
21:03:55 INFO  : Connected to target on host '127.0.0.1' and port '3121'.
21:03:55 INFO  : Jtag cable 'Digilent Nexys4DDR 210292A8B6EFA' is selected.
21:03:55 INFO  : 'jtag frequency' command is executed.
21:03:55 INFO  : 'targets -set -filter {jtag_cable_name =~ "Digilent Nexys4DDR 210292A8B6EFA" && level==0} -index 0' command is executed.
21:03:57 INFO  : FPGA configured successfully with bitstream "D:/fpga_projects/xilinx/nexys_sdcard/nexys_lin/nexys_lin.sdk/microblaze_top_wrapper_hw_platform_0/microblaze_top_wrapper.bit"
21:03:57 INFO  : 'configparams mdm-detect-bscan-mask 2' command is executed.
21:03:57 INFO  : Context for processor 'microblaze_0' is selected.
21:03:58 INFO  : System reset is completed.
21:04:01 INFO  : 'after 3000' command is executed.
21:04:01 INFO  : Context for processor 'microblaze_0' is selected.
21:04:01 INFO  : The application 'D:/fpga_projects/xilinx/nexys_sdcard/nexys_lin/nexys_lin.sdk/check_sd/Debug/check_sd.elf' is downloaded to processor 'microblaze_0'.
21:04:01 INFO  : ----------------XSDB Script----------------
connect -url tcp:127.0.0.1:3121
targets -set -filter {jtag_cable_name =~ "Digilent Nexys4DDR 210292A8B6EFA" && level==0} -index 0
fpga -file D:/fpga_projects/xilinx/nexys_sdcard/nexys_lin/nexys_lin.sdk/microblaze_top_wrapper_hw_platform_0/microblaze_top_wrapper.bit
configparams mdm-detect-bscan-mask 2
targets -set -nocase -filter {name =~ "microblaze*#0" && bscan=="USER2"  && jtag_cable_name =~ "Digilent Nexys4DDR 210292A8B6EFA"} -index 0
rst -system
after 3000
targets -set -nocase -filter {name =~ "microblaze*#0" && bscan=="USER2"  && jtag_cable_name =~ "Digilent Nexys4DDR 210292A8B6EFA"} -index 0
dow D:/fpga_projects/xilinx/nexys_sdcard/nexys_lin/nexys_lin.sdk/check_sd/Debug/check_sd.elf
----------------End of Script----------------

21:04:01 INFO  : Memory regions updated for context PA
21:04:01 INFO  : Memory regions updated for context PA
21:04:01 INFO  : Launch script is exported to file 'D:\fpga_projects\xilinx\nexys_sdcard\nexys_lin\nexys_lin.sdk\.sdk\launch_scripts\xilinx_c-c++_application_(system_debugger)\system_debugger_using_debug_check_sd.elf_on_local.tcl'
21:05:42 INFO  : Disconnected from the channel tcfchan#8.
21:05:43 INFO  : Connected to target on host '127.0.0.1' and port '3121'.
21:05:43 INFO  : Jtag cable 'Digilent Nexys4DDR 210292A8B6EFA' is selected.
21:05:43 INFO  : 'jtag frequency' command is executed.
21:05:44 INFO  : 'targets -set -filter {jtag_cable_name =~ "Digilent Nexys4DDR 210292A8B6EFA" && level==0} -index 0' command is executed.
21:05:46 INFO  : FPGA configured successfully with bitstream "D:/fpga_projects/xilinx/nexys_sdcard/nexys_lin/nexys_lin.sdk/microblaze_top_wrapper_hw_platform_0/microblaze_top_wrapper.bit"
21:05:46 INFO  : 'configparams mdm-detect-bscan-mask 2' command is executed.
21:05:46 INFO  : Context for processor 'microblaze_0' is selected.
21:05:46 INFO  : System reset is completed.
21:05:49 INFO  : 'after 3000' command is executed.
21:05:49 INFO  : Context for processor 'microblaze_0' is selected.
21:05:49 INFO  : The application 'D:/fpga_projects/xilinx/nexys_sdcard/nexys_lin/nexys_lin.sdk/check_sd/Debug/check_sd.elf' is downloaded to processor 'microblaze_0'.
21:05:49 INFO  : ----------------XSDB Script----------------
connect -url tcp:127.0.0.1:3121
targets -set -filter {jtag_cable_name =~ "Digilent Nexys4DDR 210292A8B6EFA" && level==0} -index 0
fpga -file D:/fpga_projects/xilinx/nexys_sdcard/nexys_lin/nexys_lin.sdk/microblaze_top_wrapper_hw_platform_0/microblaze_top_wrapper.bit
configparams mdm-detect-bscan-mask 2
targets -set -nocase -filter {name =~ "microblaze*#0" && bscan=="USER2"  && jtag_cable_name =~ "Digilent Nexys4DDR 210292A8B6EFA"} -index 0
rst -system
after 3000
targets -set -nocase -filter {name =~ "microblaze*#0" && bscan=="USER2"  && jtag_cable_name =~ "Digilent Nexys4DDR 210292A8B6EFA"} -index 0
dow D:/fpga_projects/xilinx/nexys_sdcard/nexys_lin/nexys_lin.sdk/check_sd/Debug/check_sd.elf
----------------End of Script----------------

21:05:49 INFO  : Memory regions updated for context PA
21:05:49 INFO  : Memory regions updated for context PA
21:05:49 INFO  : Launch script is exported to file 'D:\fpga_projects\xilinx\nexys_sdcard\nexys_lin\nexys_lin.sdk\.sdk\launch_scripts\xilinx_c-c++_application_(system_debugger)\system_debugger_using_debug_check_sd.elf_on_local.tcl'
21:10:04 INFO  : Disconnected from the channel tcfchan#9.
21:27:23 INFO  : Connected to target on host '127.0.0.1' and port '3121'.
21:27:23 INFO  : Jtag cable 'Digilent Nexys4DDR 210292A8B6EFA' is selected.
21:27:23 INFO  : 'jtag frequency' command is executed.
21:27:23 INFO  : 'targets -set -filter {jtag_cable_name =~ "Digilent Nexys4DDR 210292A8B6EFA" && level==0} -index 0' command is executed.
21:27:26 INFO  : FPGA configured successfully with bitstream "D:/fpga_projects/xilinx/lab_gpio_ddr/system_wrapper.bit"
21:27:26 INFO  : 'configparams mdm-detect-bscan-mask 2' command is executed.
21:27:26 INFO  : Context for processor 'microblaze_0' is selected.
21:27:26 INFO  : System reset is completed.
21:27:29 INFO  : 'after 3000' command is executed.
21:27:29 INFO  : Context for processor 'microblaze_0' is selected.
21:27:29 INFO  : The application 'D:/fpga_projects/xilinx/nexys_sdcard/nexys_lin/nexys_lin.sdk/hw/Debug/hw.elf' is downloaded to processor 'microblaze_0'.
21:27:29 INFO  : ----------------XSDB Script----------------
connect -url tcp:127.0.0.1:3121
targets -set -filter {jtag_cable_name =~ "Digilent Nexys4DDR 210292A8B6EFA" && level==0} -index 0
fpga -file D:/fpga_projects/xilinx/lab_gpio_ddr/system_wrapper.bit
configparams mdm-detect-bscan-mask 2
targets -set -nocase -filter {name =~ "microblaze*#0" && bscan=="USER2"  && jtag_cable_name =~ "Digilent Nexys4DDR 210292A8B6EFA"} -index 0
rst -system
after 3000
targets -set -nocase -filter {name =~ "microblaze*#0" && bscan=="USER2"  && jtag_cable_name =~ "Digilent Nexys4DDR 210292A8B6EFA"} -index 0
dow D:/fpga_projects/xilinx/nexys_sdcard/nexys_lin/nexys_lin.sdk/hw/Debug/hw.elf
----------------End of Script----------------

21:27:29 INFO  : Memory regions updated for context PA
21:27:29 INFO  : Memory regions updated for context PA
21:27:29 INFO  : Context for processor 'microblaze_0' is selected.
21:27:29 INFO  : 'con' command is executed.
21:27:29 INFO  : ----------------XSDB Script (After Launch)----------------
targets -set -nocase -filter {name =~ "microblaze*#0" && bscan=="USER2"  && jtag_cable_name =~ "Digilent Nexys4DDR 210292A8B6EFA"} -index 0
con
----------------End of Script----------------

21:27:29 INFO  : Launch script is exported to file 'D:\fpga_projects\xilinx\nexys_sdcard\nexys_lin\nexys_lin.sdk\.sdk\launch_scripts\xilinx_c-c++_application_(system_debugger)\system_debugger_using_debug_hw.elf_on_local.tcl'
21:29:07 INFO  : Disconnected from the channel tcfchan#10.
21:29:30 INFO  : Connected to target on host '127.0.0.1' and port '3121'.
21:29:31 INFO  : Jtag cable 'Digilent Nexys4DDR 210292A8B6EFA' is selected.
21:29:31 INFO  : 'jtag frequency' command is executed.
21:29:31 INFO  : 'targets -set -filter {jtag_cable_name =~ "Digilent Nexys4DDR 210292A8B6EFA" && level==0} -index 0' command is executed.
21:29:33 INFO  : FPGA configured successfully with bitstream "D:/fpga_projects/xilinx/lab_gpio_ddr/system_wrapper.bit"
21:29:33 INFO  : 'configparams mdm-detect-bscan-mask 2' command is executed.
21:29:33 INFO  : Context for processor 'microblaze_0' is selected.
21:29:33 INFO  : System reset is completed.
21:29:36 INFO  : 'after 3000' command is executed.
21:29:36 INFO  : Context for processor 'microblaze_0' is selected.
21:29:37 INFO  : The application 'D:/fpga_projects/xilinx/nexys_sdcard/nexys_lin/nexys_lin.sdk/hw/Debug/hw.elf' is downloaded to processor 'microblaze_0'.
21:29:37 INFO  : ----------------XSDB Script----------------
connect -url tcp:127.0.0.1:3121
targets -set -filter {jtag_cable_name =~ "Digilent Nexys4DDR 210292A8B6EFA" && level==0} -index 0
fpga -file D:/fpga_projects/xilinx/lab_gpio_ddr/system_wrapper.bit
configparams mdm-detect-bscan-mask 2
targets -set -nocase -filter {name =~ "microblaze*#0" && bscan=="USER2"  && jtag_cable_name =~ "Digilent Nexys4DDR 210292A8B6EFA"} -index 0
rst -system
after 3000
targets -set -nocase -filter {name =~ "microblaze*#0" && bscan=="USER2"  && jtag_cable_name =~ "Digilent Nexys4DDR 210292A8B6EFA"} -index 0
dow D:/fpga_projects/xilinx/nexys_sdcard/nexys_lin/nexys_lin.sdk/hw/Debug/hw.elf
----------------End of Script----------------

21:29:37 INFO  : Memory regions updated for context PA
21:29:37 INFO  : Memory regions updated for context PA
21:29:37 INFO  : Context for processor 'microblaze_0' is selected.
21:29:37 INFO  : 'con' command is executed.
21:29:37 INFO  : ----------------XSDB Script (After Launch)----------------
targets -set -nocase -filter {name =~ "microblaze*#0" && bscan=="USER2"  && jtag_cable_name =~ "Digilent Nexys4DDR 210292A8B6EFA"} -index 0
con
----------------End of Script----------------

21:29:37 INFO  : Launch script is exported to file 'D:\fpga_projects\xilinx\nexys_sdcard\nexys_lin\nexys_lin.sdk\.sdk\launch_scripts\xilinx_c-c++_application_(system_debugger)\system_debugger_using_debug_hw.elf_on_local.tcl'
22:12:16 INFO  : Disconnected from the channel tcfchan#11.
17:41:36 INFO  : Registering command handlers for SDK TCF services
17:41:37 INFO  : Launching XSCT server: xsct.bat -interactive D:\fpga_projects\xilinx\nexys_sdcard\nexys_lin\nexys_lin.sdk\temp_xsdb_launch_script.tcl
17:41:39 INFO  : XSCT server has started successfully.
17:41:40 INFO  : Successfully done setting XSCT server connection channel  
17:41:40 INFO  : Processing command line option -hwspec D:/fpga_projects/xilinx/nexys_sdcard/nexys_lin/nexys_lin.sdk/microblaze_top_wrapper.hdf.
17:41:40 INFO  : Successfully done setting SDK workspace  
17:41:40 INFO  : Checking for hwspec changes in the project microblaze_top_wrapper_hw_platform_0.
17:41:41 INFO  : SDK has detected change in the last modified timestamps for source hardware specification file Source:1675261429516,  Project:1675186686584
17:41:41 INFO  : The hardware specification for project 'microblaze_top_wrapper_hw_platform_0' is different from D:/fpga_projects/xilinx/nexys_sdcard/nexys_lin/nexys_lin.sdk/microblaze_top_wrapper.hdf.
17:41:41 INFO  : Copied contents of D:/fpga_projects/xilinx/nexys_sdcard/nexys_lin/nexys_lin.sdk/microblaze_top_wrapper.hdf into \microblaze_top_wrapper_hw_platform_0\system.hdf.
17:41:42 INFO  : Synchronizing projects in the workspace with the hardware platform specification changes.
17:41:44 INFO  : 
17:41:45 INFO  : Updating hardware inferred compiler options for check_sd.
17:41:46 INFO  : Updating hardware inferred compiler options for hw.
17:41:46 INFO  : Clearing existing target manager status.
17:57:09 INFO  : Project 'microblaze_top_wrapper_hw_platform_1' created. You can now create BSPs and application projects targeting this hardware platform.
18:00:23 INFO  : 'targets -set -filter {jtag_cable_name =~ "Digilent Nexys4DDR 210292A8B6EFA" && level==0} -index 0' command is executed.
18:00:23 INFO  : 'fpga -state' command is executed.
18:00:27 INFO  : Connected to target on host '127.0.0.1' and port '3121'.
18:00:27 INFO  : Jtag cable 'Digilent Nexys4DDR 210292A8B6EFA' is selected.
18:00:27 INFO  : 'jtag frequency' command is executed.
18:00:27 INFO  : 'configparams mdm-detect-bscan-mask 2' command is executed.
18:00:30 ERROR : no targets found with "name =~ "microblaze*#0" && bscan=="USER2"  && jtag_cable_name =~ "Digilent Nexys4DDR 210292A8B6EFA"". available targets:
  1* xc7a100t
18:00:30 INFO  : ----------------XSDB Script----------------
connect -url tcp:127.0.0.1:3121
configparams mdm-detect-bscan-mask 2
targets -set -nocase -filter {name =~ "microblaze*#0" && bscan=="USER2"  && jtag_cable_name =~ "Digilent Nexys4DDR 210292A8B6EFA"} -index 0
----------------End of Script----------------

18:00:47 INFO  : 'targets -set -filter {jtag_cable_name =~ "Digilent Nexys4DDR 210292A8B6EFA" && level==0} -index 0' command is executed.
18:00:47 INFO  : 'fpga -state' command is executed.
18:01:05 INFO  : Connected to target on host '127.0.0.1' and port '3121'.
18:01:05 INFO  : Jtag cable 'Digilent Nexys4DDR 210292A8B6EFA' is selected.
18:01:05 INFO  : 'jtag frequency' command is executed.
18:01:05 INFO  : 'targets -set -filter {jtag_cable_name =~ "Digilent Nexys4DDR 210292A8B6EFA" && level==0} -index 0' command is executed.
18:01:08 INFO  : FPGA configured successfully with bitstream "D:/fpga_projects/xilinx/nexys_sdcard/nexys_lin/nexys_lin.sdk/microblaze_top_wrapper_hw_platform_1/microblaze_top_wrapper.bit"
18:01:08 INFO  : 'configparams mdm-detect-bscan-mask 2' command is executed.
18:01:08 INFO  : Context for processor 'microblaze_0' is selected.
18:01:08 INFO  : System reset is completed.
18:01:11 INFO  : 'after 3000' command is executed.
18:01:11 INFO  : Context for processor 'microblaze_0' is selected.
18:01:11 INFO  : The application 'D:/fpga_projects/xilinx/nexys_sdcard/nexys_lin/nexys_lin.sdk/pmodsd_check/Debug/pmodsd_check.elf' is downloaded to processor 'microblaze_0'.
18:01:11 INFO  : ----------------XSDB Script----------------
connect -url tcp:127.0.0.1:3121
targets -set -filter {jtag_cable_name =~ "Digilent Nexys4DDR 210292A8B6EFA" && level==0} -index 0
fpga -file D:/fpga_projects/xilinx/nexys_sdcard/nexys_lin/nexys_lin.sdk/microblaze_top_wrapper_hw_platform_1/microblaze_top_wrapper.bit
configparams mdm-detect-bscan-mask 2
targets -set -nocase -filter {name =~ "microblaze*#0" && bscan=="USER2"  && jtag_cable_name =~ "Digilent Nexys4DDR 210292A8B6EFA"} -index 0
rst -system
after 3000
targets -set -nocase -filter {name =~ "microblaze*#0" && bscan=="USER2"  && jtag_cable_name =~ "Digilent Nexys4DDR 210292A8B6EFA"} -index 0
dow D:/fpga_projects/xilinx/nexys_sdcard/nexys_lin/nexys_lin.sdk/pmodsd_check/Debug/pmodsd_check.elf
----------------End of Script----------------

18:01:11 INFO  : Memory regions updated for context PA
18:01:11 INFO  : Memory regions updated for context PA
18:01:11 INFO  : Context for processor 'microblaze_0' is selected.
18:01:11 INFO  : 'con' command is executed.
18:01:11 INFO  : ----------------XSDB Script (After Launch)----------------
targets -set -nocase -filter {name =~ "microblaze*#0" && bscan=="USER2"  && jtag_cable_name =~ "Digilent Nexys4DDR 210292A8B6EFA"} -index 0
con
----------------End of Script----------------

18:01:11 INFO  : Launch script is exported to file 'D:\fpga_projects\xilinx\nexys_sdcard\nexys_lin\nexys_lin.sdk\.sdk\launch_scripts\xilinx_c-c++_application_(system_debugger)\system_debugger_using_debug_pmodsd_check.elf_on_local.tcl'
18:01:24 INFO  : Disconnected from the channel tcfchan#1.
18:08:04 INFO  : Connected to target on host '127.0.0.1' and port '3121'.
18:08:04 INFO  : Jtag cable 'Digilent Nexys4DDR 210292A8B6EFA' is selected.
18:08:04 INFO  : 'jtag frequency' command is executed.
18:08:04 INFO  : 'targets -set -filter {jtag_cable_name =~ "Digilent Nexys4DDR 210292A8B6EFA" && level==0} -index 0' command is executed.
18:08:06 INFO  : FPGA configured successfully with bitstream "D:/fpga_projects/xilinx/nexys_sdcard/nexys_lin/nexys_lin.sdk/microblaze_top_wrapper_hw_platform_1/microblaze_top_wrapper.bit"
18:08:06 INFO  : 'configparams mdm-detect-bscan-mask 2' command is executed.
18:08:06 INFO  : Context for processor 'microblaze_0' is selected.
18:08:06 INFO  : System reset is completed.
18:08:09 INFO  : 'after 3000' command is executed.
18:08:09 INFO  : Context for processor 'microblaze_0' is selected.
18:08:09 INFO  : The application 'D:/fpga_projects/xilinx/nexys_sdcard/nexys_lin/nexys_lin.sdk/pmod_cpp_check/Debug/pmod_cpp_check.elf' is downloaded to processor 'microblaze_0'.
18:08:09 INFO  : ----------------XSDB Script----------------
connect -url tcp:127.0.0.1:3121
targets -set -filter {jtag_cable_name =~ "Digilent Nexys4DDR 210292A8B6EFA" && level==0} -index 0
fpga -file D:/fpga_projects/xilinx/nexys_sdcard/nexys_lin/nexys_lin.sdk/microblaze_top_wrapper_hw_platform_1/microblaze_top_wrapper.bit
configparams mdm-detect-bscan-mask 2
targets -set -nocase -filter {name =~ "microblaze*#0" && bscan=="USER2"  && jtag_cable_name =~ "Digilent Nexys4DDR 210292A8B6EFA"} -index 0
rst -system
after 3000
targets -set -nocase -filter {name =~ "microblaze*#0" && bscan=="USER2"  && jtag_cable_name =~ "Digilent Nexys4DDR 210292A8B6EFA"} -index 0
dow D:/fpga_projects/xilinx/nexys_sdcard/nexys_lin/nexys_lin.sdk/pmod_cpp_check/Debug/pmod_cpp_check.elf
----------------End of Script----------------

18:08:09 INFO  : Memory regions updated for context PA
18:08:09 INFO  : Memory regions updated for context PA
18:08:09 INFO  : Context for processor 'microblaze_0' is selected.
18:08:09 INFO  : 'con' command is executed.
18:08:09 INFO  : ----------------XSDB Script (After Launch)----------------
targets -set -nocase -filter {name =~ "microblaze*#0" && bscan=="USER2"  && jtag_cable_name =~ "Digilent Nexys4DDR 210292A8B6EFA"} -index 0
con
----------------End of Script----------------

18:08:09 INFO  : Launch script is exported to file 'D:\fpga_projects\xilinx\nexys_sdcard\nexys_lin\nexys_lin.sdk\.sdk\launch_scripts\xilinx_c-c++_application_(system_debugger)\system_debugger_using_debug_pmod_cpp_check.elf_on_local.tcl'
18:08:16 INFO  : Disconnected from the channel tcfchan#2.
18:09:21 INFO  : Connected to target on host '127.0.0.1' and port '3121'.
18:09:21 INFO  : Jtag cable 'Digilent Nexys4DDR 210292A8B6EFA' is selected.
18:09:21 INFO  : 'jtag frequency' command is executed.
18:09:21 INFO  : 'targets -set -filter {jtag_cable_name =~ "Digilent Nexys4DDR 210292A8B6EFA" && level==0} -index 0' command is executed.
18:09:23 INFO  : FPGA configured successfully with bitstream "D:/fpga_projects/xilinx/nexys_sdcard/nexys_lin/nexys_lin.sdk/microblaze_top_wrapper_hw_platform_1/microblaze_top_wrapper.bit"
18:09:23 INFO  : 'configparams mdm-detect-bscan-mask 2' command is executed.
18:09:23 INFO  : Context for processor 'microblaze_0' is selected.
18:09:23 INFO  : System reset is completed.
18:09:26 INFO  : 'after 3000' command is executed.
18:09:26 INFO  : Context for processor 'microblaze_0' is selected.
18:09:27 INFO  : The application 'D:/fpga_projects/xilinx/nexys_sdcard/nexys_lin/nexys_lin.sdk/pmod_cpp_check/Debug/pmod_cpp_check.elf' is downloaded to processor 'microblaze_0'.
18:09:27 INFO  : ----------------XSDB Script----------------
connect -url tcp:127.0.0.1:3121
targets -set -filter {jtag_cable_name =~ "Digilent Nexys4DDR 210292A8B6EFA" && level==0} -index 0
fpga -file D:/fpga_projects/xilinx/nexys_sdcard/nexys_lin/nexys_lin.sdk/microblaze_top_wrapper_hw_platform_1/microblaze_top_wrapper.bit
configparams mdm-detect-bscan-mask 2
targets -set -nocase -filter {name =~ "microblaze*#0" && bscan=="USER2"  && jtag_cable_name =~ "Digilent Nexys4DDR 210292A8B6EFA"} -index 0
rst -system
after 3000
targets -set -nocase -filter {name =~ "microblaze*#0" && bscan=="USER2"  && jtag_cable_name =~ "Digilent Nexys4DDR 210292A8B6EFA"} -index 0
dow D:/fpga_projects/xilinx/nexys_sdcard/nexys_lin/nexys_lin.sdk/pmod_cpp_check/Debug/pmod_cpp_check.elf
----------------End of Script----------------

18:09:27 INFO  : Memory regions updated for context PA
18:09:27 INFO  : Memory regions updated for context PA
18:09:27 INFO  : Context for processor 'microblaze_0' is selected.
18:09:27 INFO  : 'con' command is executed.
18:09:27 INFO  : ----------------XSDB Script (After Launch)----------------
targets -set -nocase -filter {name =~ "microblaze*#0" && bscan=="USER2"  && jtag_cable_name =~ "Digilent Nexys4DDR 210292A8B6EFA"} -index 0
con
----------------End of Script----------------

18:09:27 INFO  : Launch script is exported to file 'D:\fpga_projects\xilinx\nexys_sdcard\nexys_lin\nexys_lin.sdk\.sdk\launch_scripts\xilinx_c-c++_application_(system_debugger)\system_debugger_using_debug_pmod_cpp_check.elf_on_local.tcl'
18:09:52 INFO  : Disconnected from the channel tcfchan#3.
18:10:02 INFO  : Connected to target on host '127.0.0.1' and port '3121'.
18:10:02 INFO  : Jtag cable 'Digilent Nexys4DDR 210292A8B6EFA' is selected.
18:10:02 INFO  : 'jtag frequency' command is executed.
18:10:02 INFO  : 'targets -set -filter {jtag_cable_name =~ "Digilent Nexys4DDR 210292A8B6EFA" && level==0} -index 0' command is executed.
18:10:04 INFO  : FPGA configured successfully with bitstream "D:/fpga_projects/xilinx/nexys_sdcard/nexys_lin/nexys_lin.sdk/microblaze_top_wrapper_hw_platform_1/microblaze_top_wrapper.bit"
18:10:05 INFO  : 'configparams mdm-detect-bscan-mask 2' command is executed.
18:10:05 INFO  : Context for processor 'microblaze_0' is selected.
18:10:05 INFO  : System reset is completed.
18:10:08 INFO  : 'after 3000' command is executed.
18:10:08 INFO  : Context for processor 'microblaze_0' is selected.
18:10:09 INFO  : The application 'D:/fpga_projects/xilinx/nexys_sdcard/nexys_lin/nexys_lin.sdk/pmod_cpp_check/Debug/pmod_cpp_check.elf' is downloaded to processor 'microblaze_0'.
18:10:09 INFO  : ----------------XSDB Script----------------
connect -url tcp:127.0.0.1:3121
targets -set -filter {jtag_cable_name =~ "Digilent Nexys4DDR 210292A8B6EFA" && level==0} -index 0
fpga -file D:/fpga_projects/xilinx/nexys_sdcard/nexys_lin/nexys_lin.sdk/microblaze_top_wrapper_hw_platform_1/microblaze_top_wrapper.bit
configparams mdm-detect-bscan-mask 2
targets -set -nocase -filter {name =~ "microblaze*#0" && bscan=="USER2"  && jtag_cable_name =~ "Digilent Nexys4DDR 210292A8B6EFA"} -index 0
rst -system
after 3000
targets -set -nocase -filter {name =~ "microblaze*#0" && bscan=="USER2"  && jtag_cable_name =~ "Digilent Nexys4DDR 210292A8B6EFA"} -index 0
dow D:/fpga_projects/xilinx/nexys_sdcard/nexys_lin/nexys_lin.sdk/pmod_cpp_check/Debug/pmod_cpp_check.elf
----------------End of Script----------------

18:10:09 INFO  : Memory regions updated for context PA
18:10:09 INFO  : Memory regions updated for context PA
18:10:09 INFO  : Context for processor 'microblaze_0' is selected.
18:10:09 INFO  : 'con' command is executed.
18:10:09 INFO  : ----------------XSDB Script (After Launch)----------------
targets -set -nocase -filter {name =~ "microblaze*#0" && bscan=="USER2"  && jtag_cable_name =~ "Digilent Nexys4DDR 210292A8B6EFA"} -index 0
con
----------------End of Script----------------

18:10:09 INFO  : Launch script is exported to file 'D:\fpga_projects\xilinx\nexys_sdcard\nexys_lin\nexys_lin.sdk\.sdk\launch_scripts\xilinx_c-c++_application_(system_debugger)\system_debugger_using_debug_pmod_cpp_check.elf_on_local.tcl'
18:10:33 INFO  : Disconnected from the channel tcfchan#4.
18:11:05 INFO  : Connected to target on host '127.0.0.1' and port '3121'.
18:11:05 INFO  : Jtag cable 'Digilent Nexys4DDR 210292A8B6EFA' is selected.
18:11:05 INFO  : 'jtag frequency' command is executed.
18:11:05 INFO  : 'targets -set -filter {jtag_cable_name =~ "Digilent Nexys4DDR 210292A8B6EFA" && level==0} -index 0' command is executed.
18:11:07 INFO  : FPGA configured successfully with bitstream "D:/fpga_projects/xilinx/nexys_sdcard/nexys_lin/nexys_lin.sdk/microblaze_top_wrapper_hw_platform_1/microblaze_top_wrapper.bit"
18:11:07 INFO  : 'configparams mdm-detect-bscan-mask 2' command is executed.
18:11:07 INFO  : Context for processor 'microblaze_0' is selected.
18:11:07 INFO  : System reset is completed.
18:11:10 INFO  : 'after 3000' command is executed.
18:11:11 INFO  : Context for processor 'microblaze_0' is selected.
18:11:11 INFO  : The application 'D:/fpga_projects/xilinx/nexys_sdcard/nexys_lin/nexys_lin.sdk/pmod_cpp_check/Debug/pmod_cpp_check.elf' is downloaded to processor 'microblaze_0'.
18:11:11 INFO  : ----------------XSDB Script----------------
connect -url tcp:127.0.0.1:3121
targets -set -filter {jtag_cable_name =~ "Digilent Nexys4DDR 210292A8B6EFA" && level==0} -index 0
fpga -file D:/fpga_projects/xilinx/nexys_sdcard/nexys_lin/nexys_lin.sdk/microblaze_top_wrapper_hw_platform_1/microblaze_top_wrapper.bit
configparams mdm-detect-bscan-mask 2
targets -set -nocase -filter {name =~ "microblaze*#0" && bscan=="USER2"  && jtag_cable_name =~ "Digilent Nexys4DDR 210292A8B6EFA"} -index 0
rst -system
after 3000
targets -set -nocase -filter {name =~ "microblaze*#0" && bscan=="USER2"  && jtag_cable_name =~ "Digilent Nexys4DDR 210292A8B6EFA"} -index 0
dow D:/fpga_projects/xilinx/nexys_sdcard/nexys_lin/nexys_lin.sdk/pmod_cpp_check/Debug/pmod_cpp_check.elf
----------------End of Script----------------

18:11:12 INFO  : Memory regions updated for context PA
18:11:12 INFO  : Memory regions updated for context PA
18:11:12 INFO  : Context for processor 'microblaze_0' is selected.
18:11:12 INFO  : 'con' command is executed.
18:11:12 INFO  : ----------------XSDB Script (After Launch)----------------
targets -set -nocase -filter {name =~ "microblaze*#0" && bscan=="USER2"  && jtag_cable_name =~ "Digilent Nexys4DDR 210292A8B6EFA"} -index 0
con
----------------End of Script----------------

18:11:12 INFO  : Launch script is exported to file 'D:\fpga_projects\xilinx\nexys_sdcard\nexys_lin\nexys_lin.sdk\.sdk\launch_scripts\xilinx_c-c++_application_(system_debugger)\system_debugger_using_debug_pmod_cpp_check.elf_on_local.tcl'
18:12:50 INFO  : Disconnected from the channel tcfchan#5.
18:15:15 INFO  : Connected to target on host '127.0.0.1' and port '3121'.
18:15:15 INFO  : Jtag cable 'Digilent Nexys4DDR 210292A8B6EFA' is selected.
18:15:15 INFO  : 'jtag frequency' command is executed.
18:15:15 INFO  : 'targets -set -filter {jtag_cable_name =~ "Digilent Nexys4DDR 210292A8B6EFA" && level==0} -index 0' command is executed.
18:15:17 INFO  : FPGA configured successfully with bitstream "D:/fpga_projects/xilinx/nexys_sdcard/nexys_lin/nexys_lin.sdk/microblaze_top_wrapper_hw_platform_1/microblaze_top_wrapper.bit"
18:15:17 INFO  : 'configparams mdm-detect-bscan-mask 2' command is executed.
18:15:17 INFO  : Context for processor 'microblaze_0' is selected.
18:15:17 INFO  : System reset is completed.
18:15:20 INFO  : 'after 3000' command is executed.
18:15:20 INFO  : Context for processor 'microblaze_0' is selected.
18:15:21 INFO  : The application 'D:/fpga_projects/xilinx/nexys_sdcard/nexys_lin/nexys_lin.sdk/pmod_cpp_check/Debug/pmod_cpp_check.elf' is downloaded to processor 'microblaze_0'.
18:15:21 INFO  : ----------------XSDB Script----------------
connect -url tcp:127.0.0.1:3121
targets -set -filter {jtag_cable_name =~ "Digilent Nexys4DDR 210292A8B6EFA" && level==0} -index 0
fpga -file D:/fpga_projects/xilinx/nexys_sdcard/nexys_lin/nexys_lin.sdk/microblaze_top_wrapper_hw_platform_1/microblaze_top_wrapper.bit
configparams mdm-detect-bscan-mask 2
targets -set -nocase -filter {name =~ "microblaze*#0" && bscan=="USER2"  && jtag_cable_name =~ "Digilent Nexys4DDR 210292A8B6EFA"} -index 0
rst -system
after 3000
targets -set -nocase -filter {name =~ "microblaze*#0" && bscan=="USER2"  && jtag_cable_name =~ "Digilent Nexys4DDR 210292A8B6EFA"} -index 0
dow D:/fpga_projects/xilinx/nexys_sdcard/nexys_lin/nexys_lin.sdk/pmod_cpp_check/Debug/pmod_cpp_check.elf
----------------End of Script----------------

18:15:21 INFO  : Memory regions updated for context PA
18:15:21 INFO  : Memory regions updated for context PA
18:15:21 INFO  : Context for processor 'microblaze_0' is selected.
18:15:21 INFO  : 'con' command is executed.
18:15:21 INFO  : ----------------XSDB Script (After Launch)----------------
targets -set -nocase -filter {name =~ "microblaze*#0" && bscan=="USER2"  && jtag_cable_name =~ "Digilent Nexys4DDR 210292A8B6EFA"} -index 0
con
----------------End of Script----------------

18:15:21 INFO  : Launch script is exported to file 'D:\fpga_projects\xilinx\nexys_sdcard\nexys_lin\nexys_lin.sdk\.sdk\launch_scripts\xilinx_c-c++_application_(system_debugger)\system_debugger_using_debug_pmod_cpp_check.elf_on_local.tcl'
18:17:33 INFO  : Disconnected from the channel tcfchan#6.
18:17:47 INFO  : Connected to target on host '127.0.0.1' and port '3121'.
18:17:47 INFO  : Jtag cable 'Digilent Nexys4DDR 210292A8B6EFA' is selected.
18:17:47 INFO  : 'jtag frequency' command is executed.
18:17:47 INFO  : 'targets -set -filter {jtag_cable_name =~ "Digilent Nexys4DDR 210292A8B6EFA" && level==0} -index 0' command is executed.
18:17:50 INFO  : FPGA configured successfully with bitstream "D:/fpga_projects/xilinx/nexys_sdcard/nexys_lin/nexys_lin.sdk/microblaze_top_wrapper_hw_platform_1/microblaze_top_wrapper.bit"
18:17:50 INFO  : 'configparams mdm-detect-bscan-mask 2' command is executed.
18:17:50 INFO  : Context for processor 'microblaze_0' is selected.
18:17:50 INFO  : System reset is completed.
18:17:53 INFO  : 'after 3000' command is executed.
18:17:53 INFO  : Context for processor 'microblaze_0' is selected.
18:17:54 INFO  : The application 'D:/fpga_projects/xilinx/nexys_sdcard/nexys_lin/nexys_lin.sdk/pmod_cpp_check/Debug/pmod_cpp_check.elf' is downloaded to processor 'microblaze_0'.
18:17:54 INFO  : ----------------XSDB Script----------------
connect -url tcp:127.0.0.1:3121
targets -set -filter {jtag_cable_name =~ "Digilent Nexys4DDR 210292A8B6EFA" && level==0} -index 0
fpga -file D:/fpga_projects/xilinx/nexys_sdcard/nexys_lin/nexys_lin.sdk/microblaze_top_wrapper_hw_platform_1/microblaze_top_wrapper.bit
configparams mdm-detect-bscan-mask 2
targets -set -nocase -filter {name =~ "microblaze*#0" && bscan=="USER2"  && jtag_cable_name =~ "Digilent Nexys4DDR 210292A8B6EFA"} -index 0
rst -system
after 3000
targets -set -nocase -filter {name =~ "microblaze*#0" && bscan=="USER2"  && jtag_cable_name =~ "Digilent Nexys4DDR 210292A8B6EFA"} -index 0
dow D:/fpga_projects/xilinx/nexys_sdcard/nexys_lin/nexys_lin.sdk/pmod_cpp_check/Debug/pmod_cpp_check.elf
----------------End of Script----------------

18:17:54 INFO  : Memory regions updated for context PA
18:17:54 INFO  : Memory regions updated for context PA
18:17:54 INFO  : Context for processor 'microblaze_0' is selected.
18:17:54 INFO  : 'con' command is executed.
18:17:54 INFO  : ----------------XSDB Script (After Launch)----------------
targets -set -nocase -filter {name =~ "microblaze*#0" && bscan=="USER2"  && jtag_cable_name =~ "Digilent Nexys4DDR 210292A8B6EFA"} -index 0
con
----------------End of Script----------------

18:17:54 INFO  : Launch script is exported to file 'D:\fpga_projects\xilinx\nexys_sdcard\nexys_lin\nexys_lin.sdk\.sdk\launch_scripts\xilinx_c-c++_application_(system_debugger)\system_debugger_using_debug_pmod_cpp_check.elf_on_local.tcl'
18:18:07 INFO  : Disconnected from the channel tcfchan#7.
18:32:26 INFO  : Connected to target on host '127.0.0.1' and port '3121'.
18:32:26 INFO  : Jtag cable 'Digilent Nexys4DDR 210292A8B6EFA' is selected.
18:32:26 INFO  : 'jtag frequency' command is executed.
18:32:26 INFO  : 'targets -set -filter {jtag_cable_name =~ "Digilent Nexys4DDR 210292A8B6EFA" && level==0} -index 0' command is executed.
18:32:29 INFO  : FPGA configured successfully with bitstream "D:/fpga_projects/xilinx/nexys_sdcard/nexys_lin/nexys_lin.sdk/microblaze_top_wrapper_hw_platform_1/microblaze_top_wrapper.bit"
18:32:29 INFO  : 'configparams mdm-detect-bscan-mask 2' command is executed.
18:32:29 INFO  : Context for processor 'microblaze_0' is selected.
18:32:29 INFO  : System reset is completed.
18:32:32 INFO  : 'after 3000' command is executed.
18:32:32 INFO  : Context for processor 'microblaze_0' is selected.
18:32:33 INFO  : The application 'D:/fpga_projects/xilinx/nexys_sdcard/nexys_lin/nexys_lin.sdk/pmod_cpp_check/Debug/pmod_cpp_check.elf' is downloaded to processor 'microblaze_0'.
18:32:33 INFO  : ----------------XSDB Script----------------
connect -url tcp:127.0.0.1:3121
targets -set -filter {jtag_cable_name =~ "Digilent Nexys4DDR 210292A8B6EFA" && level==0} -index 0
fpga -file D:/fpga_projects/xilinx/nexys_sdcard/nexys_lin/nexys_lin.sdk/microblaze_top_wrapper_hw_platform_1/microblaze_top_wrapper.bit
configparams mdm-detect-bscan-mask 2
targets -set -nocase -filter {name =~ "microblaze*#0" && bscan=="USER2"  && jtag_cable_name =~ "Digilent Nexys4DDR 210292A8B6EFA"} -index 0
rst -system
after 3000
targets -set -nocase -filter {name =~ "microblaze*#0" && bscan=="USER2"  && jtag_cable_name =~ "Digilent Nexys4DDR 210292A8B6EFA"} -index 0
dow D:/fpga_projects/xilinx/nexys_sdcard/nexys_lin/nexys_lin.sdk/pmod_cpp_check/Debug/pmod_cpp_check.elf
----------------End of Script----------------

18:32:33 INFO  : Memory regions updated for context PA
18:32:33 INFO  : Memory regions updated for context PA
18:32:33 INFO  : Context for processor 'microblaze_0' is selected.
18:32:33 INFO  : 'con' command is executed.
18:32:33 INFO  : ----------------XSDB Script (After Launch)----------------
targets -set -nocase -filter {name =~ "microblaze*#0" && bscan=="USER2"  && jtag_cable_name =~ "Digilent Nexys4DDR 210292A8B6EFA"} -index 0
con
----------------End of Script----------------

18:32:33 INFO  : Launch script is exported to file 'D:\fpga_projects\xilinx\nexys_sdcard\nexys_lin\nexys_lin.sdk\.sdk\launch_scripts\xilinx_c-c++_application_(system_debugger)\system_debugger_using_debug_pmod_cpp_check.elf_on_local.tcl'
18:33:14 INFO  : Disconnected from the channel tcfchan#8.
18:33:24 INFO  : Connected to target on host '127.0.0.1' and port '3121'.
18:33:24 INFO  : Jtag cable 'Digilent Nexys4DDR 210292A8B6EFA' is selected.
18:33:24 INFO  : 'jtag frequency' command is executed.
18:33:24 INFO  : 'targets -set -filter {jtag_cable_name =~ "Digilent Nexys4DDR 210292A8B6EFA" && level==0} -index 0' command is executed.
18:33:27 INFO  : FPGA configured successfully with bitstream "D:/fpga_projects/xilinx/nexys_sdcard/nexys_lin/nexys_lin.sdk/microblaze_top_wrapper_hw_platform_1/microblaze_top_wrapper.bit"
18:33:27 INFO  : 'configparams mdm-detect-bscan-mask 2' command is executed.
18:33:27 INFO  : Context for processor 'microblaze_0' is selected.
18:33:27 INFO  : System reset is completed.
18:33:30 INFO  : 'after 3000' command is executed.
18:33:30 INFO  : Context for processor 'microblaze_0' is selected.
18:33:31 INFO  : The application 'D:/fpga_projects/xilinx/nexys_sdcard/nexys_lin/nexys_lin.sdk/pmod_cpp_check/Debug/pmod_cpp_check.elf' is downloaded to processor 'microblaze_0'.
18:33:31 INFO  : ----------------XSDB Script----------------
connect -url tcp:127.0.0.1:3121
targets -set -filter {jtag_cable_name =~ "Digilent Nexys4DDR 210292A8B6EFA" && level==0} -index 0
fpga -file D:/fpga_projects/xilinx/nexys_sdcard/nexys_lin/nexys_lin.sdk/microblaze_top_wrapper_hw_platform_1/microblaze_top_wrapper.bit
configparams mdm-detect-bscan-mask 2
targets -set -nocase -filter {name =~ "microblaze*#0" && bscan=="USER2"  && jtag_cable_name =~ "Digilent Nexys4DDR 210292A8B6EFA"} -index 0
rst -system
after 3000
targets -set -nocase -filter {name =~ "microblaze*#0" && bscan=="USER2"  && jtag_cable_name =~ "Digilent Nexys4DDR 210292A8B6EFA"} -index 0
dow D:/fpga_projects/xilinx/nexys_sdcard/nexys_lin/nexys_lin.sdk/pmod_cpp_check/Debug/pmod_cpp_check.elf
----------------End of Script----------------

18:33:31 INFO  : Memory regions updated for context PA
18:33:31 INFO  : Memory regions updated for context PA
18:33:31 INFO  : Context for processor 'microblaze_0' is selected.
18:33:31 INFO  : 'con' command is executed.
18:33:31 INFO  : ----------------XSDB Script (After Launch)----------------
targets -set -nocase -filter {name =~ "microblaze*#0" && bscan=="USER2"  && jtag_cable_name =~ "Digilent Nexys4DDR 210292A8B6EFA"} -index 0
con
----------------End of Script----------------

18:33:31 INFO  : Launch script is exported to file 'D:\fpga_projects\xilinx\nexys_sdcard\nexys_lin\nexys_lin.sdk\.sdk\launch_scripts\xilinx_c-c++_application_(system_debugger)\system_debugger_using_debug_pmod_cpp_check.elf_on_local.tcl'
18:34:48 INFO  : Disconnected from the channel tcfchan#9.
18:37:32 INFO  : Connected to target on host '127.0.0.1' and port '3121'.
18:37:33 INFO  : Jtag cable 'Digilent Nexys4DDR 210292A8B6EFA' is selected.
18:37:33 INFO  : 'jtag frequency' command is executed.
18:37:33 INFO  : 'targets -set -filter {jtag_cable_name =~ "Digilent Nexys4DDR 210292A8B6EFA" && level==0} -index 0' command is executed.
18:37:35 INFO  : FPGA configured successfully with bitstream "D:/fpga_projects/xilinx/nexys_sdcard/nexys_lin/nexys_lin.sdk/microblaze_top_wrapper_hw_platform_1/microblaze_top_wrapper.bit"
18:37:35 INFO  : 'configparams mdm-detect-bscan-mask 2' command is executed.
18:37:35 INFO  : Context for processor 'microblaze_0' is selected.
18:37:35 INFO  : System reset is completed.
18:37:38 INFO  : 'after 3000' command is executed.
18:37:38 INFO  : Context for processor 'microblaze_0' is selected.
18:37:39 INFO  : The application 'D:/fpga_projects/xilinx/nexys_sdcard/nexys_lin/nexys_lin.sdk/pmod_cpp_check/Debug/pmod_cpp_check.elf' is downloaded to processor 'microblaze_0'.
18:37:39 INFO  : ----------------XSDB Script----------------
connect -url tcp:127.0.0.1:3121
targets -set -filter {jtag_cable_name =~ "Digilent Nexys4DDR 210292A8B6EFA" && level==0} -index 0
fpga -file D:/fpga_projects/xilinx/nexys_sdcard/nexys_lin/nexys_lin.sdk/microblaze_top_wrapper_hw_platform_1/microblaze_top_wrapper.bit
configparams mdm-detect-bscan-mask 2
targets -set -nocase -filter {name =~ "microblaze*#0" && bscan=="USER2"  && jtag_cable_name =~ "Digilent Nexys4DDR 210292A8B6EFA"} -index 0
rst -system
after 3000
targets -set -nocase -filter {name =~ "microblaze*#0" && bscan=="USER2"  && jtag_cable_name =~ "Digilent Nexys4DDR 210292A8B6EFA"} -index 0
dow D:/fpga_projects/xilinx/nexys_sdcard/nexys_lin/nexys_lin.sdk/pmod_cpp_check/Debug/pmod_cpp_check.elf
----------------End of Script----------------

18:37:39 INFO  : Memory regions updated for context PA
18:37:39 INFO  : Memory regions updated for context PA
18:37:39 INFO  : Context for processor 'microblaze_0' is selected.
18:37:39 INFO  : 'con' command is executed.
18:37:39 INFO  : ----------------XSDB Script (After Launch)----------------
targets -set -nocase -filter {name =~ "microblaze*#0" && bscan=="USER2"  && jtag_cable_name =~ "Digilent Nexys4DDR 210292A8B6EFA"} -index 0
con
----------------End of Script----------------

18:37:39 INFO  : Launch script is exported to file 'D:\fpga_projects\xilinx\nexys_sdcard\nexys_lin\nexys_lin.sdk\.sdk\launch_scripts\xilinx_c-c++_application_(system_debugger)\system_debugger_using_debug_pmod_cpp_check.elf_on_local.tcl'
18:38:51 INFO  : Disconnected from the channel tcfchan#10.
18:38:58 INFO  : Connected to target on host '127.0.0.1' and port '3121'.
18:38:58 INFO  : Jtag cable 'Digilent Nexys4DDR 210292A8B6EFA' is selected.
18:38:58 INFO  : 'jtag frequency' command is executed.
18:38:58 INFO  : 'targets -set -filter {jtag_cable_name =~ "Digilent Nexys4DDR 210292A8B6EFA" && level==0} -index 0' command is executed.
18:39:00 INFO  : FPGA configured successfully with bitstream "D:/fpga_projects/xilinx/nexys_sdcard/nexys_lin/nexys_lin.sdk/microblaze_top_wrapper_hw_platform_1/microblaze_top_wrapper.bit"
18:39:00 INFO  : 'configparams mdm-detect-bscan-mask 2' command is executed.
18:39:00 INFO  : Context for processor 'microblaze_0' is selected.
18:39:00 INFO  : System reset is completed.
18:39:03 INFO  : 'after 3000' command is executed.
18:39:03 INFO  : Context for processor 'microblaze_0' is selected.
18:39:04 INFO  : The application 'D:/fpga_projects/xilinx/nexys_sdcard/nexys_lin/nexys_lin.sdk/pmod_cpp_check/Debug/pmod_cpp_check.elf' is downloaded to processor 'microblaze_0'.
18:39:04 INFO  : ----------------XSDB Script----------------
connect -url tcp:127.0.0.1:3121
targets -set -filter {jtag_cable_name =~ "Digilent Nexys4DDR 210292A8B6EFA" && level==0} -index 0
fpga -file D:/fpga_projects/xilinx/nexys_sdcard/nexys_lin/nexys_lin.sdk/microblaze_top_wrapper_hw_platform_1/microblaze_top_wrapper.bit
configparams mdm-detect-bscan-mask 2
targets -set -nocase -filter {name =~ "microblaze*#0" && bscan=="USER2"  && jtag_cable_name =~ "Digilent Nexys4DDR 210292A8B6EFA"} -index 0
rst -system
after 3000
targets -set -nocase -filter {name =~ "microblaze*#0" && bscan=="USER2"  && jtag_cable_name =~ "Digilent Nexys4DDR 210292A8B6EFA"} -index 0
dow D:/fpga_projects/xilinx/nexys_sdcard/nexys_lin/nexys_lin.sdk/pmod_cpp_check/Debug/pmod_cpp_check.elf
----------------End of Script----------------

18:39:04 INFO  : Memory regions updated for context PA
18:39:04 INFO  : Memory regions updated for context PA
18:39:04 INFO  : Context for processor 'microblaze_0' is selected.
18:39:04 INFO  : 'con' command is executed.
18:39:04 INFO  : ----------------XSDB Script (After Launch)----------------
targets -set -nocase -filter {name =~ "microblaze*#0" && bscan=="USER2"  && jtag_cable_name =~ "Digilent Nexys4DDR 210292A8B6EFA"} -index 0
con
----------------End of Script----------------

18:39:04 INFO  : Launch script is exported to file 'D:\fpga_projects\xilinx\nexys_sdcard\nexys_lin\nexys_lin.sdk\.sdk\launch_scripts\xilinx_c-c++_application_(system_debugger)\system_debugger_using_debug_pmod_cpp_check.elf_on_local.tcl'
18:57:56 INFO  : Disconnected from the channel tcfchan#11.
19:03:34 INFO  : Connected to target on host '127.0.0.1' and port '3121'.
19:03:34 INFO  : Jtag cable 'Digilent Nexys4DDR 210292A8B6EFA' is selected.
19:03:34 INFO  : 'jtag frequency' command is executed.
19:03:34 INFO  : 'targets -set -filter {jtag_cable_name =~ "Digilent Nexys4DDR 210292A8B6EFA" && level==0} -index 0' command is executed.
19:03:36 INFO  : FPGA configured successfully with bitstream "D:/fpga_projects/xilinx/nexys_sdcard/nexys_lin/nexys_lin.sdk/microblaze_top_wrapper_hw_platform_1/microblaze_top_wrapper.bit"
19:03:36 INFO  : 'configparams mdm-detect-bscan-mask 2' command is executed.
19:03:36 INFO  : Context for processor 'microblaze_0' is selected.
19:03:36 INFO  : System reset is completed.
19:03:39 INFO  : 'after 3000' command is executed.
19:03:39 INFO  : Context for processor 'microblaze_0' is selected.
19:03:40 INFO  : The application 'D:/fpga_projects/xilinx/nexys_sdcard/nexys_lin/nexys_lin.sdk/pmod_cpp_check/Debug/pmod_cpp_check.elf' is downloaded to processor 'microblaze_0'.
19:03:40 INFO  : ----------------XSDB Script----------------
connect -url tcp:127.0.0.1:3121
targets -set -filter {jtag_cable_name =~ "Digilent Nexys4DDR 210292A8B6EFA" && level==0} -index 0
fpga -file D:/fpga_projects/xilinx/nexys_sdcard/nexys_lin/nexys_lin.sdk/microblaze_top_wrapper_hw_platform_1/microblaze_top_wrapper.bit
configparams mdm-detect-bscan-mask 2
targets -set -nocase -filter {name =~ "microblaze*#0" && bscan=="USER2"  && jtag_cable_name =~ "Digilent Nexys4DDR 210292A8B6EFA"} -index 0
rst -system
after 3000
targets -set -nocase -filter {name =~ "microblaze*#0" && bscan=="USER2"  && jtag_cable_name =~ "Digilent Nexys4DDR 210292A8B6EFA"} -index 0
dow D:/fpga_projects/xilinx/nexys_sdcard/nexys_lin/nexys_lin.sdk/pmod_cpp_check/Debug/pmod_cpp_check.elf
----------------End of Script----------------

19:03:40 INFO  : Memory regions updated for context PA
19:03:40 INFO  : Memory regions updated for context PA
19:03:40 INFO  : Context for processor 'microblaze_0' is selected.
19:03:40 INFO  : 'con' command is executed.
19:03:40 INFO  : ----------------XSDB Script (After Launch)----------------
targets -set -nocase -filter {name =~ "microblaze*#0" && bscan=="USER2"  && jtag_cable_name =~ "Digilent Nexys4DDR 210292A8B6EFA"} -index 0
con
----------------End of Script----------------

19:03:40 INFO  : Launch script is exported to file 'D:\fpga_projects\xilinx\nexys_sdcard\nexys_lin\nexys_lin.sdk\.sdk\launch_scripts\xilinx_c-c++_application_(system_debugger)\system_debugger_using_debug_pmod_cpp_check.elf_on_local.tcl'
19:04:13 INFO  : Disconnected from the channel tcfchan#12.
19:20:16 INFO  : Connected to target on host '127.0.0.1' and port '3121'.
19:20:16 INFO  : Jtag cable 'Digilent Nexys4DDR 210292A8B6EFA' is selected.
19:20:16 INFO  : 'jtag frequency' command is executed.
19:20:16 INFO  : 'targets -set -filter {jtag_cable_name =~ "Digilent Nexys4DDR 210292A8B6EFA" && level==0} -index 0' command is executed.
19:20:18 INFO  : FPGA configured successfully with bitstream "D:/fpga_projects/xilinx/nexys_sdcard/nexys_lin/nexys_lin.sdk/microblaze_top_wrapper_hw_platform_1/microblaze_top_wrapper.bit"
19:20:18 INFO  : 'configparams mdm-detect-bscan-mask 2' command is executed.
19:20:19 INFO  : Context for processor 'microblaze_0' is selected.
19:20:19 INFO  : System reset is completed.
19:20:22 INFO  : 'after 3000' command is executed.
19:20:22 INFO  : Context for processor 'microblaze_0' is selected.
19:20:22 INFO  : The application 'D:/fpga_projects/xilinx/nexys_sdcard/nexys_lin/nexys_lin.sdk/pmod_cpp_check/Debug/pmod_cpp_check.elf' is downloaded to processor 'microblaze_0'.
19:20:22 INFO  : ----------------XSDB Script----------------
connect -url tcp:127.0.0.1:3121
targets -set -filter {jtag_cable_name =~ "Digilent Nexys4DDR 210292A8B6EFA" && level==0} -index 0
fpga -file D:/fpga_projects/xilinx/nexys_sdcard/nexys_lin/nexys_lin.sdk/microblaze_top_wrapper_hw_platform_1/microblaze_top_wrapper.bit
configparams mdm-detect-bscan-mask 2
targets -set -nocase -filter {name =~ "microblaze*#0" && bscan=="USER2"  && jtag_cable_name =~ "Digilent Nexys4DDR 210292A8B6EFA"} -index 0
rst -system
after 3000
targets -set -nocase -filter {name =~ "microblaze*#0" && bscan=="USER2"  && jtag_cable_name =~ "Digilent Nexys4DDR 210292A8B6EFA"} -index 0
dow D:/fpga_projects/xilinx/nexys_sdcard/nexys_lin/nexys_lin.sdk/pmod_cpp_check/Debug/pmod_cpp_check.elf
----------------End of Script----------------

19:20:22 INFO  : Memory regions updated for context PA
19:20:22 INFO  : Memory regions updated for context PA
19:20:23 INFO  : Context for processor 'microblaze_0' is selected.
19:20:23 INFO  : 'con' command is executed.
19:20:23 INFO  : ----------------XSDB Script (After Launch)----------------
targets -set -nocase -filter {name =~ "microblaze*#0" && bscan=="USER2"  && jtag_cable_name =~ "Digilent Nexys4DDR 210292A8B6EFA"} -index 0
con
----------------End of Script----------------

19:20:23 INFO  : Launch script is exported to file 'D:\fpga_projects\xilinx\nexys_sdcard\nexys_lin\nexys_lin.sdk\.sdk\launch_scripts\xilinx_c-c++_application_(system_debugger)\system_debugger_using_debug_pmod_cpp_check.elf_on_local.tcl'
19:21:52 INFO  : Disconnected from the channel tcfchan#13.
17:48:33 INFO  : Registering command handlers for SDK TCF services
17:48:34 INFO  : Launching XSCT server: xsct.bat -interactive D:\fpga_projects\xilinx\nexys_sdcard\nexys_lin_true_sd\nexys_lin.sdk\temp_xsdb_launch_script.tcl
17:48:36 INFO  : XSCT server has started successfully.
17:48:36 INFO  : Successfully done setting XSCT server connection channel  
17:48:36 INFO  : Restoring global repository preferences: 
		 D:\fpga_projects\xilinx\device-tree-xlnx
17:48:36 INFO  : Successfully done setting SDK workspace  
17:48:36 INFO  : Processing command line option -hwspec D:/fpga_projects/xilinx/nexys_sdcard/nexys_lin_true_sd/nexys_lin.sdk/microblaze_top_wrapper.hdf.
17:53:21 INFO  : Project 'sd_mod2' created. You can now create BSPs and application projects targeting this hardware platform.
17:57:06 INFO  : Refreshed build settings on project sd_mod3
18:00:11 INFO  : Refreshed build settings on project sd_mod3
19:14:37 INFO  : Connected to target on host '127.0.0.1' and port '3121'.
19:14:38 INFO  : Jtag cable 'Digilent Nexys4DDR 210292A8B6ECA' is selected.
19:14:38 INFO  : 'jtag frequency' command is executed.
19:14:39 INFO  : 'targets -set -filter {jtag_cable_name =~ "Digilent Nexys4DDR 210292A8B6ECA" && level==0} -index 0' command is executed.
19:14:41 INFO  : FPGA configured successfully with bitstream "D:/fpga_projects/xilinx/nexys_sdcard/nexys_lin_true_sd/nexys_lin.sdk/sd_mod2/microblaze_top_wrapper.bit"
19:14:42 INFO  : 'configparams mdm-detect-bscan-mask 2' command is executed.
19:14:42 INFO  : Context for processor 'microblaze_0' is selected.
19:14:42 INFO  : Processor reset is completed for 'microblaze_0'.
19:14:42 INFO  : Context for processor 'microblaze_0' is selected.
19:14:43 INFO  : The application 'D:/fpga_projects/xilinx/nexys_sdcard/nexys_lin_true_sd/nexys_lin.sdk/sd_mod3/Debug/sd_mod3.elf' is downloaded to processor 'microblaze_0'.
19:14:43 INFO  : ----------------XSDB Script----------------
connect -url tcp:127.0.0.1:3121
targets -set -filter {jtag_cable_name =~ "Digilent Nexys4DDR 210292A8B6ECA" && level==0} -index 0
fpga -file D:/fpga_projects/xilinx/nexys_sdcard/nexys_lin_true_sd/nexys_lin.sdk/sd_mod2/microblaze_top_wrapper.bit
configparams mdm-detect-bscan-mask 2
targets -set -nocase -filter {name =~ "microblaze*#0" && bscan=="USER2"  && jtag_cable_name =~ "Digilent Nexys4DDR 210292A8B6ECA"} -index 0
rst -processor
targets -set -nocase -filter {name =~ "microblaze*#0" && bscan=="USER2"  && jtag_cable_name =~ "Digilent Nexys4DDR 210292A8B6ECA"} -index 0
dow D:/fpga_projects/xilinx/nexys_sdcard/nexys_lin_true_sd/nexys_lin.sdk/sd_mod3/Debug/sd_mod3.elf
----------------End of Script----------------

19:15:46 INFO  : Disconnected from the channel tcfchan#1.
19:15:48 INFO  : Connected to target on host '127.0.0.1' and port '3121'.
19:15:49 INFO  : Jtag cable 'Digilent Nexys4DDR 210292A8B6ECA' is selected.
19:15:49 INFO  : 'jtag frequency' command is executed.
19:15:49 INFO  : 'targets -set -filter {jtag_cable_name =~ "Digilent Nexys4DDR 210292A8B6ECA" && level==0} -index 0' command is executed.
19:15:51 INFO  : FPGA configured successfully with bitstream "D:/fpga_projects/xilinx/nexys_sdcard/nexys_lin_true_sd/nexys_lin.sdk/sd_mod2/microblaze_top_wrapper.bit"
19:15:51 INFO  : 'configparams mdm-detect-bscan-mask 2' command is executed.
19:15:51 INFO  : Context for processor 'microblaze_0' is selected.
19:15:51 INFO  : Processor reset is completed for 'microblaze_0'.
19:15:51 INFO  : Context for processor 'microblaze_0' is selected.
19:15:51 INFO  : The application 'D:/fpga_projects/xilinx/nexys_sdcard/nexys_lin_true_sd/nexys_lin.sdk/sd_mod3/Debug/sd_mod3.elf' is downloaded to processor 'microblaze_0'.
19:15:51 INFO  : ----------------XSDB Script----------------
connect -url tcp:127.0.0.1:3121
targets -set -filter {jtag_cable_name =~ "Digilent Nexys4DDR 210292A8B6ECA" && level==0} -index 0
fpga -file D:/fpga_projects/xilinx/nexys_sdcard/nexys_lin_true_sd/nexys_lin.sdk/sd_mod2/microblaze_top_wrapper.bit
configparams mdm-detect-bscan-mask 2
targets -set -nocase -filter {name =~ "microblaze*#0" && bscan=="USER2"  && jtag_cable_name =~ "Digilent Nexys4DDR 210292A8B6ECA"} -index 0
rst -processor
targets -set -nocase -filter {name =~ "microblaze*#0" && bscan=="USER2"  && jtag_cable_name =~ "Digilent Nexys4DDR 210292A8B6ECA"} -index 0
dow D:/fpga_projects/xilinx/nexys_sdcard/nexys_lin_true_sd/nexys_lin.sdk/sd_mod3/Debug/sd_mod3.elf
----------------End of Script----------------

19:16:49 INFO  : Disconnected from the channel tcfchan#2.
19:16:50 INFO  : Connected to target on host '127.0.0.1' and port '3121'.
19:16:50 INFO  : Jtag cable 'Digilent Nexys4DDR 210292A8B6ECA' is selected.
19:16:50 INFO  : 'jtag frequency' command is executed.
19:16:50 INFO  : 'targets -set -filter {jtag_cable_name =~ "Digilent Nexys4DDR 210292A8B6ECA" && level==0} -index 0' command is executed.
19:16:52 INFO  : FPGA configured successfully with bitstream "D:/fpga_projects/xilinx/nexys_sdcard/nexys_lin_true_sd/nexys_lin.sdk/sd_mod2/microblaze_top_wrapper.bit"
19:16:52 INFO  : 'configparams mdm-detect-bscan-mask 2' command is executed.
19:16:52 INFO  : Context for processor 'microblaze_0' is selected.
19:16:52 INFO  : Processor reset is completed for 'microblaze_0'.
19:16:52 INFO  : Context for processor 'microblaze_0' is selected.
19:16:52 INFO  : The application 'D:/fpga_projects/xilinx/nexys_sdcard/nexys_lin_true_sd/nexys_lin.sdk/sd_mod3/Debug/sd_mod3.elf' is downloaded to processor 'microblaze_0'.
19:16:52 INFO  : ----------------XSDB Script----------------
connect -url tcp:127.0.0.1:3121
targets -set -filter {jtag_cable_name =~ "Digilent Nexys4DDR 210292A8B6ECA" && level==0} -index 0
fpga -file D:/fpga_projects/xilinx/nexys_sdcard/nexys_lin_true_sd/nexys_lin.sdk/sd_mod2/microblaze_top_wrapper.bit
configparams mdm-detect-bscan-mask 2
targets -set -nocase -filter {name =~ "microblaze*#0" && bscan=="USER2"  && jtag_cable_name =~ "Digilent Nexys4DDR 210292A8B6ECA"} -index 0
rst -processor
targets -set -nocase -filter {name =~ "microblaze*#0" && bscan=="USER2"  && jtag_cable_name =~ "Digilent Nexys4DDR 210292A8B6ECA"} -index 0
dow D:/fpga_projects/xilinx/nexys_sdcard/nexys_lin_true_sd/nexys_lin.sdk/sd_mod3/Debug/sd_mod3.elf
----------------End of Script----------------

19:17:44 INFO  : Disconnected from the channel tcfchan#3.
19:48:33 INFO  : SDK has detected change in the last modified timestamps for source hardware specification file Source:1679416124098,  Project:1679404285538
19:48:33 INFO  : Project sd_mod2's source hardware specification located at D:\fpga_projects\xilinx\nexys_sdcard\nexys_lin_true_sd\nexys_lin.sdk\microblaze_top_wrapper.hdf is now different from the local copy.
		 The local copy will be replaced with the source specification and your workspace will be updated.
19:48:41 INFO  : Copied contents of D:\fpga_projects\xilinx\nexys_sdcard\nexys_lin_true_sd\nexys_lin.sdk\microblaze_top_wrapper.hdf into \sd_mod2\system.hdf.
19:48:41 INFO  : Synchronizing projects in the workspace with the hardware platform specification changes.
19:48:44 INFO  : 
19:48:46 INFO  : 
19:48:48 INFO  : 
19:48:49 INFO  : Updating hardware inferred compiler options for sd_mod3.
19:48:49 INFO  : Clearing existing target manager status.
19:48:49 INFO  : Closing and re-opening the MSS file of ther project sd_mod3_bsp
19:48:50 INFO  : Closing and re-opening the MSS file of ther project sd_mod3_bsp
19:48:50 INFO  : Workspace synchronized with the new hardware specification file. Cleaning dependent projects...
19:48:52 WARN  : Linker script will not be updated automatically. Users need to update it manually.
20:13:52 INFO  : 'targets -set -filter {jtag_cable_name =~ "Digilent Nexys4DDR 210292A8B6ECA" && level==0} -index 0' command is executed.
20:13:52 INFO  : 'fpga -state' command is executed.
20:13:52 INFO  : Connected to target on host '127.0.0.1' and port '3121'.
20:13:52 INFO  : Jtag cable 'Digilent Nexys4DDR 210292A8B6ECA' is selected.
20:13:52 INFO  : 'jtag frequency' command is executed.
20:13:52 INFO  : 'configparams mdm-detect-bscan-mask 2' command is executed.
20:13:52 INFO  : Context for processor 'microblaze_0' is selected.
20:13:52 INFO  : Processor reset is completed for 'microblaze_0'.
20:13:52 INFO  : Context for processor 'microblaze_0' is selected.
20:13:52 INFO  : The application 'D:/fpga_projects/xilinx/nexys_sdcard/nexys_lin_true_sd/nexys_lin.sdk/sd_mod3/Debug/sd_mod3.elf' is downloaded to processor 'microblaze_0'.
20:13:52 INFO  : ----------------XSDB Script----------------
connect -url tcp:127.0.0.1:3121
configparams mdm-detect-bscan-mask 2
targets -set -nocase -filter {name =~ "microblaze*#0" && bscan=="USER2"  && jtag_cable_name =~ "Digilent Nexys4DDR 210292A8B6ECA"} -index 0
rst -processor
targets -set -nocase -filter {name =~ "microblaze*#0" && bscan=="USER2"  && jtag_cable_name =~ "Digilent Nexys4DDR 210292A8B6ECA"} -index 0
dow D:/fpga_projects/xilinx/nexys_sdcard/nexys_lin_true_sd/nexys_lin.sdk/sd_mod3/Debug/sd_mod3.elf
----------------End of Script----------------

20:13:52 INFO  : Memory regions updated for context MicroBlaze #0
20:13:52 INFO  : Memory regions updated for context MicroBlaze #0
20:13:52 INFO  : Context for processor 'microblaze_0' is selected.
20:13:52 INFO  : 'con' command is executed.
20:13:52 INFO  : ----------------XSDB Script (After Launch)----------------
targets -set -nocase -filter {name =~ "microblaze*#0" && bscan=="USER2"  && jtag_cable_name =~ "Digilent Nexys4DDR 210292A8B6ECA"} -index 0
con
----------------End of Script----------------

20:13:52 INFO  : Launch script is exported to file 'D:\fpga_projects\xilinx\nexys_sdcard\nexys_lin_true_sd\nexys_lin.sdk\.sdk\launch_scripts\xilinx_c-c++_application_(system_debugger)\system_debugger_using_debug_sd_mod3.elf_on_local.tcl'
20:14:12 INFO  : Disconnected from the channel tcfchan#4.
20:14:25 INFO  : Connected to target on host '127.0.0.1' and port '3121'.
20:14:26 INFO  : Jtag cable 'Digilent Nexys4DDR 210292A8B6ECA' is selected.
20:14:26 INFO  : 'jtag frequency' command is executed.
20:14:26 INFO  : 'targets -set -filter {jtag_cable_name =~ "Digilent Nexys4DDR 210292A8B6ECA" && level==0} -index 0' command is executed.
20:14:28 INFO  : FPGA configured successfully with bitstream "D:/fpga_projects/xilinx/nexys_sdcard/nexys_lin_true_sd/nexys_lin.sdk/sd_mod2/microblaze_top_wrapper.bit"
20:14:28 INFO  : 'configparams mdm-detect-bscan-mask 2' command is executed.
20:14:28 INFO  : Context for processor 'microblaze_0' is selected.
20:14:28 INFO  : Processor reset is completed for 'microblaze_0'.
20:14:28 INFO  : Context for processor 'microblaze_0' is selected.
20:14:28 INFO  : The application 'D:/fpga_projects/xilinx/nexys_sdcard/nexys_lin_true_sd/nexys_lin.sdk/sd_mod3/Debug/sd_mod3.elf' is downloaded to processor 'microblaze_0'.
20:14:28 INFO  : ----------------XSDB Script----------------
connect -url tcp:127.0.0.1:3121
targets -set -filter {jtag_cable_name =~ "Digilent Nexys4DDR 210292A8B6ECA" && level==0} -index 0
fpga -file D:/fpga_projects/xilinx/nexys_sdcard/nexys_lin_true_sd/nexys_lin.sdk/sd_mod2/microblaze_top_wrapper.bit
configparams mdm-detect-bscan-mask 2
targets -set -nocase -filter {name =~ "microblaze*#0" && bscan=="USER2"  && jtag_cable_name =~ "Digilent Nexys4DDR 210292A8B6ECA"} -index 0
rst -processor
targets -set -nocase -filter {name =~ "microblaze*#0" && bscan=="USER2"  && jtag_cable_name =~ "Digilent Nexys4DDR 210292A8B6ECA"} -index 0
dow D:/fpga_projects/xilinx/nexys_sdcard/nexys_lin_true_sd/nexys_lin.sdk/sd_mod3/Debug/sd_mod3.elf
----------------End of Script----------------

20:14:34 INFO  : Disconnected from the channel tcfchan#5.
20:14:48 INFO  : Connected to target on host '127.0.0.1' and port '3121'.
20:14:48 INFO  : Jtag cable 'Digilent Nexys4DDR 210292A8B6ECA' is selected.
20:14:48 INFO  : 'jtag frequency' command is executed.
20:14:48 INFO  : 'targets -set -filter {jtag_cable_name =~ "Digilent Nexys4DDR 210292A8B6ECA" && level==0} -index 0' command is executed.
20:14:50 INFO  : FPGA configured successfully with bitstream "D:/fpga_projects/xilinx/nexys_sdcard/nexys_lin_true_sd/nexys_lin.sdk/sd_mod2/microblaze_top_wrapper.bit"
20:14:50 INFO  : 'configparams mdm-detect-bscan-mask 2' command is executed.
20:14:51 INFO  : Context for processor 'microblaze_0' is selected.
20:14:51 INFO  : Processor reset is completed for 'microblaze_0'.
20:14:51 INFO  : Context for processor 'microblaze_0' is selected.
20:14:51 INFO  : The application 'D:/fpga_projects/xilinx/nexys_sdcard/nexys_lin_true_sd/nexys_lin.sdk/sd_mod3/Debug/sd_mod3.elf' is downloaded to processor 'microblaze_0'.
20:14:51 INFO  : ----------------XSDB Script----------------
connect -url tcp:127.0.0.1:3121
targets -set -filter {jtag_cable_name =~ "Digilent Nexys4DDR 210292A8B6ECA" && level==0} -index 0
fpga -file D:/fpga_projects/xilinx/nexys_sdcard/nexys_lin_true_sd/nexys_lin.sdk/sd_mod2/microblaze_top_wrapper.bit
configparams mdm-detect-bscan-mask 2
targets -set -nocase -filter {name =~ "microblaze*#0" && bscan=="USER2"  && jtag_cable_name =~ "Digilent Nexys4DDR 210292A8B6ECA"} -index 0
rst -processor
targets -set -nocase -filter {name =~ "microblaze*#0" && bscan=="USER2"  && jtag_cable_name =~ "Digilent Nexys4DDR 210292A8B6ECA"} -index 0
dow D:/fpga_projects/xilinx/nexys_sdcard/nexys_lin_true_sd/nexys_lin.sdk/sd_mod3/Debug/sd_mod3.elf
----------------End of Script----------------

20:15:24 INFO  : Disconnected from the channel tcfchan#6.
20:17:08 INFO  : 'targets -set -filter {jtag_cable_name =~ "Digilent Nexys4DDR 210292A8B6ECA" && level==0} -index 0' command is executed.
20:17:08 INFO  : 'fpga -state' command is executed.
20:17:08 INFO  : Connected to target on host '127.0.0.1' and port '3121'.
20:17:08 INFO  : Jtag cable 'Digilent Nexys4DDR 210292A8B6ECA' is selected.
20:17:08 INFO  : 'jtag frequency' command is executed.
20:17:08 INFO  : 'configparams mdm-detect-bscan-mask 2' command is executed.
20:17:08 INFO  : Context for processor 'microblaze_0' is selected.
20:17:09 INFO  : System reset is completed.
20:17:12 INFO  : 'after 3000' command is executed.
20:17:12 INFO  : Context for processor 'microblaze_0' is selected.
20:17:12 INFO  : The application 'D:/fpga_projects/xilinx/nexys_sdcard/nexys_lin_true_sd/nexys_lin.sdk/sd_mod3/Debug/sd_mod3.elf' is downloaded to processor 'microblaze_0'.
20:17:12 INFO  : ----------------XSDB Script----------------
connect -url tcp:127.0.0.1:3121
configparams mdm-detect-bscan-mask 2
targets -set -nocase -filter {name =~ "microblaze*#0" && bscan=="USER2"  && jtag_cable_name =~ "Digilent Nexys4DDR 210292A8B6ECA"} -index 0
rst -system
after 3000
targets -set -nocase -filter {name =~ "microblaze*#0" && bscan=="USER2"  && jtag_cable_name =~ "Digilent Nexys4DDR 210292A8B6ECA"} -index 0
dow D:/fpga_projects/xilinx/nexys_sdcard/nexys_lin_true_sd/nexys_lin.sdk/sd_mod3/Debug/sd_mod3.elf
----------------End of Script----------------

20:17:37 INFO  : Disconnected from the channel tcfchan#7.
20:21:13 INFO  : Project 'modmod_sd' created. You can now create BSPs and application projects targeting this hardware platform.
20:23:46 INFO  : Connected to target on host '127.0.0.1' and port '3121'.
20:23:46 INFO  : Jtag cable 'Digilent Nexys4DDR 210292A8B6ECA' is selected.
20:23:46 INFO  : 'jtag frequency' command is executed.
20:23:46 INFO  : 'targets -set -filter {jtag_cable_name =~ "Digilent Nexys4DDR 210292A8B6ECA" && level==0} -index 0' command is executed.
20:23:49 INFO  : FPGA configured successfully with bitstream "D:/fpga_projects/xilinx/nexys_sdcard/nexys_lin_true_sd/nexys_lin.sdk/modmod_sd/microblaze_top_wrapper.bit"
20:23:49 INFO  : 'configparams mdm-detect-bscan-mask 2' command is executed.
20:23:49 INFO  : Context for processor 'microblaze_0' is selected.
20:23:49 INFO  : System reset is completed.
20:23:52 INFO  : 'after 3000' command is executed.
20:23:52 INFO  : Context for processor 'microblaze_0' is selected.
20:23:52 INFO  : The application 'D:/fpga_projects/xilinx/nexys_sdcard/nexys_lin_true_sd/nexys_lin.sdk/modmod_app/Debug/modmod_app.elf' is downloaded to processor 'microblaze_0'.
20:23:52 INFO  : ----------------XSDB Script----------------
connect -url tcp:127.0.0.1:3121
targets -set -filter {jtag_cable_name =~ "Digilent Nexys4DDR 210292A8B6ECA" && level==0} -index 0
fpga -file D:/fpga_projects/xilinx/nexys_sdcard/nexys_lin_true_sd/nexys_lin.sdk/modmod_sd/microblaze_top_wrapper.bit
configparams mdm-detect-bscan-mask 2
targets -set -nocase -filter {name =~ "microblaze*#0" && bscan=="USER2"  && jtag_cable_name =~ "Digilent Nexys4DDR 210292A8B6ECA"} -index 0
rst -system
after 3000
targets -set -nocase -filter {name =~ "microblaze*#0" && bscan=="USER2"  && jtag_cable_name =~ "Digilent Nexys4DDR 210292A8B6ECA"} -index 0
dow D:/fpga_projects/xilinx/nexys_sdcard/nexys_lin_true_sd/nexys_lin.sdk/modmod_app/Debug/modmod_app.elf
----------------End of Script----------------

20:25:24 INFO  : Disconnected from the channel tcfchan#8.
21:16:43 INFO  : Registering command handlers for SDK TCF services
21:16:44 INFO  : Launching XSCT server: xsct.bat -interactive D:\fpga_projects\xilinx\nexys_sdcard\nexys_lin_true_sd\nexys_lin.sdk\temp_xsdb_launch_script.tcl
21:16:47 INFO  : XSCT server has started successfully.
21:16:47 INFO  : Successfully done setting XSCT server connection channel  
21:16:47 INFO  : Successfully done setting SDK workspace  
21:16:47 INFO  : Restoring global repository preferences: 
		 D:\fpga_projects\xilinx\device-tree-xlnx
21:16:47 INFO  : Processing command line option -hwspec D:/fpga_projects/xilinx/nexys_sdcard/nexys_lin_true_sd/nexys_lin.sdk/microblaze_top_wrapper.hdf.
21:18:33 INFO  : Connected to target on host '127.0.0.1' and port '3121'.
21:18:35 INFO  : Jtag cable 'Digilent Nexys4DDR 210292A8B6ECA' is selected.
21:18:35 INFO  : 'jtag frequency' command is executed.
21:18:35 INFO  : 'targets -set -filter {jtag_cable_name =~ "Digilent Nexys4DDR 210292A8B6ECA" && level==0} -index 0' command is executed.
21:18:38 INFO  : FPGA configured successfully with bitstream "D:/fpga_projects/xilinx/nexys_sdcard/nexys_lin_true_sd/nexys_lin.sdk/modmod_sd/microblaze_top_wrapper.bit"
21:18:38 INFO  : 'configparams mdm-detect-bscan-mask 2' command is executed.
21:18:39 INFO  : Context for processor 'microblaze_0' is selected.
21:18:39 INFO  : System reset is completed.
21:18:42 INFO  : 'after 3000' command is executed.
21:18:43 INFO  : Context for processor 'microblaze_0' is selected.
21:18:43 INFO  : The application 'D:/fpga_projects/xilinx/nexys_sdcard/nexys_lin_true_sd/nexys_lin.sdk/modmod_app/Debug/modmod_app.elf' is downloaded to processor 'microblaze_0'.
21:18:43 INFO  : ----------------XSDB Script----------------
connect -url tcp:127.0.0.1:3121
targets -set -filter {jtag_cable_name =~ "Digilent Nexys4DDR 210292A8B6ECA" && level==0} -index 0
fpga -file D:/fpga_projects/xilinx/nexys_sdcard/nexys_lin_true_sd/nexys_lin.sdk/modmod_sd/microblaze_top_wrapper.bit
configparams mdm-detect-bscan-mask 2
targets -set -nocase -filter {name =~ "microblaze*#0" && bscan=="USER2"  && jtag_cable_name =~ "Digilent Nexys4DDR 210292A8B6ECA"} -index 0
rst -system
after 3000
targets -set -nocase -filter {name =~ "microblaze*#0" && bscan=="USER2"  && jtag_cable_name =~ "Digilent Nexys4DDR 210292A8B6ECA"} -index 0
dow D:/fpga_projects/xilinx/nexys_sdcard/nexys_lin_true_sd/nexys_lin.sdk/modmod_app/Debug/modmod_app.elf
----------------End of Script----------------

21:18:44 INFO  : Context for processor 'microblaze_0' is selected.
21:18:44 INFO  : 'con' command is executed.
21:18:44 INFO  : ----------------XSDB Script (After Launch)----------------
targets -set -nocase -filter {name =~ "microblaze*#0" && bscan=="USER2"  && jtag_cable_name =~ "Digilent Nexys4DDR 210292A8B6ECA"} -index 0
con
----------------End of Script----------------

21:18:44 INFO  : Disconnected from the channel tcfchan#1.
21:19:08 INFO  : Connected to target on host '127.0.0.1' and port '3121'.
21:19:09 INFO  : Jtag cable 'Digilent Nexys4DDR 210292A8B6ECA' is selected.
21:19:09 INFO  : 'jtag frequency' command is executed.
21:19:10 INFO  : 'targets -set -filter {jtag_cable_name =~ "Digilent Nexys4DDR 210292A8B6ECA" && level==0} -index 0' command is executed.
21:19:12 INFO  : FPGA configured successfully with bitstream "D:/fpga_projects/xilinx/nexys_sdcard/nexys_lin_true_sd/nexys_lin.sdk/modmod_sd/microblaze_top_wrapper.bit"
21:19:12 INFO  : 'configparams mdm-detect-bscan-mask 2' command is executed.
21:19:13 INFO  : Context for processor 'microblaze_0' is selected.
21:19:13 INFO  : System reset is completed.
21:19:16 INFO  : 'after 3000' command is executed.
21:19:17 INFO  : Context for processor 'microblaze_0' is selected.
21:19:18 INFO  : The application 'D:/fpga_projects/xilinx/nexys_sdcard/nexys_lin_true_sd/nexys_lin.sdk/modmod_app/Debug/modmod_app.elf' is downloaded to processor 'microblaze_0'.
21:19:18 INFO  : ----------------XSDB Script----------------
connect -url tcp:127.0.0.1:3121
targets -set -filter {jtag_cable_name =~ "Digilent Nexys4DDR 210292A8B6ECA" && level==0} -index 0
fpga -file D:/fpga_projects/xilinx/nexys_sdcard/nexys_lin_true_sd/nexys_lin.sdk/modmod_sd/microblaze_top_wrapper.bit
configparams mdm-detect-bscan-mask 2
targets -set -nocase -filter {name =~ "microblaze*#0" && bscan=="USER2"  && jtag_cable_name =~ "Digilent Nexys4DDR 210292A8B6ECA"} -index 0
rst -system
after 3000
targets -set -nocase -filter {name =~ "microblaze*#0" && bscan=="USER2"  && jtag_cable_name =~ "Digilent Nexys4DDR 210292A8B6ECA"} -index 0
dow D:/fpga_projects/xilinx/nexys_sdcard/nexys_lin_true_sd/nexys_lin.sdk/modmod_app/Debug/modmod_app.elf
----------------End of Script----------------

21:22:29 INFO  : Disconnected from the channel tcfchan#2.
21:28:10 INFO  : 'targets -set -filter {jtag_cable_name =~ "Digilent Nexys4DDR 210292A8B6ECA" && level==0} -index 0' command is executed.
21:28:11 INFO  : 'fpga -state' command is executed.
21:28:11 INFO  : Connected to target on host '127.0.0.1' and port '3121'.
21:28:11 INFO  : Jtag cable 'Digilent Nexys4DDR 210292A8B6ECA' is selected.
21:28:11 INFO  : 'jtag frequency' command is executed.
21:28:11 INFO  : 'configparams mdm-detect-bscan-mask 2' command is executed.
21:28:11 INFO  : Context for processor 'microblaze_0' is selected.
21:28:11 INFO  : Processor reset is completed for 'microblaze_0'.
21:28:11 INFO  : Context for processor 'microblaze_0' is selected.
21:28:11 INFO  : The application 'D:/fpga_projects/xilinx/nexys_sdcard/nexys_lin_true_sd/nexys_lin.sdk/modmod_app/Debug/modmod_app.elf' is downloaded to processor 'microblaze_0'.
21:28:11 INFO  : ----------------XSDB Script----------------
connect -url tcp:127.0.0.1:3121
configparams mdm-detect-bscan-mask 2
targets -set -nocase -filter {name =~ "microblaze*#0" && bscan=="USER2"  && jtag_cable_name =~ "Digilent Nexys4DDR 210292A8B6ECA"} -index 0
rst -processor
targets -set -nocase -filter {name =~ "microblaze*#0" && bscan=="USER2"  && jtag_cable_name =~ "Digilent Nexys4DDR 210292A8B6ECA"} -index 0
dow D:/fpga_projects/xilinx/nexys_sdcard/nexys_lin_true_sd/nexys_lin.sdk/modmod_app/Debug/modmod_app.elf
----------------End of Script----------------

21:28:11 INFO  : Memory regions updated for context MicroBlaze #0
21:28:11 INFO  : Memory regions updated for context MicroBlaze #0
21:28:11 INFO  : Context for processor 'microblaze_0' is selected.
21:28:11 INFO  : 'con' command is executed.
21:28:11 INFO  : ----------------XSDB Script (After Launch)----------------
targets -set -nocase -filter {name =~ "microblaze*#0" && bscan=="USER2"  && jtag_cable_name =~ "Digilent Nexys4DDR 210292A8B6ECA"} -index 0
con
----------------End of Script----------------

21:28:11 INFO  : Launch script is exported to file 'D:\fpga_projects\xilinx\nexys_sdcard\nexys_lin_true_sd\nexys_lin.sdk\.sdk\launch_scripts\xilinx_c-c++_application_(system_debugger)\system_debugger_using_debug_modmod_app.elf_on_local.tcl'
21:33:09 INFO  : Disconnected from the channel tcfchan#3.
21:41:11 INFO  : 'targets -set -filter {jtag_cable_name =~ "Digilent Nexys4DDR 210292A8B6ECA" && level==0} -index 0' command is executed.
21:41:11 INFO  : 'fpga -state' command is executed.
21:41:11 INFO  : Connected to target on host '127.0.0.1' and port '3121'.
21:41:11 INFO  : Jtag cable 'Digilent Nexys4DDR 210292A8B6ECA' is selected.
21:41:11 INFO  : 'jtag frequency' command is executed.
21:41:11 INFO  : 'configparams mdm-detect-bscan-mask 2' command is executed.
21:41:11 INFO  : Context for processor 'microblaze_0' is selected.
21:41:11 INFO  : Processor reset is completed for 'microblaze_0'.
21:41:11 INFO  : Context for processor 'microblaze_0' is selected.
21:41:11 INFO  : The application 'D:/fpga_projects/xilinx/nexys_sdcard/nexys_lin_true_sd/nexys_lin.sdk/modmod_app/Debug/modmod_app.elf' is downloaded to processor 'microblaze_0'.
21:41:11 INFO  : ----------------XSDB Script----------------
connect -url tcp:127.0.0.1:3121
configparams mdm-detect-bscan-mask 2
targets -set -nocase -filter {name =~ "microblaze*#0" && bscan=="USER2"  && jtag_cable_name =~ "Digilent Nexys4DDR 210292A8B6ECA"} -index 0
rst -processor
targets -set -nocase -filter {name =~ "microblaze*#0" && bscan=="USER2"  && jtag_cable_name =~ "Digilent Nexys4DDR 210292A8B6ECA"} -index 0
dow D:/fpga_projects/xilinx/nexys_sdcard/nexys_lin_true_sd/nexys_lin.sdk/modmod_app/Debug/modmod_app.elf
----------------End of Script----------------

21:41:11 INFO  : Memory regions updated for context MicroBlaze #0
21:41:11 INFO  : Memory regions updated for context MicroBlaze #0
21:41:11 INFO  : Context for processor 'microblaze_0' is selected.
21:41:11 INFO  : 'con' command is executed.
21:41:11 INFO  : ----------------XSDB Script (After Launch)----------------
targets -set -nocase -filter {name =~ "microblaze*#0" && bscan=="USER2"  && jtag_cable_name =~ "Digilent Nexys4DDR 210292A8B6ECA"} -index 0
con
----------------End of Script----------------

21:41:11 INFO  : Launch script is exported to file 'D:\fpga_projects\xilinx\nexys_sdcard\nexys_lin_true_sd\nexys_lin.sdk\.sdk\launch_scripts\xilinx_c-c++_application_(system_debugger)\system_debugger_using_debug_modmod_app.elf_on_local.tcl'
21:51:50 INFO  : Disconnected from the channel tcfchan#4.
